{"uid":"dd6d196289a14b2b","name":"Тест 1","fullName":"test#test_1","historyId":"481c50c2a0ce3c4af0e5e11c30040d79","time":{"start":1679241956956,"stop":1679241956956,"duration":0},"description":"Тест 1","descriptionHtml":"<p>Тест 1</p>\n","status":"broken","statusMessage":"ValueError: There is no such driver by url https://chromedriver.storage.googleapis.com/111.0.5547/chromedriver_linux64.zip","statusTrace":"@pytest.fixture(scope=\"function\")\n    def driver():\n        print(\"\\nbrowser open\")\n        link = \"https://www.dns-shop.ru/\"\n>       driver = webdriver.Chrome(service=ChromiumService(ChromeDriverManager(chrome_type=ChromeType.CHROMIUM).install()))\n\nconftest.py:29: \n_ _ _ _ _ _ _ _ _ _ _ _ _ _ _ _ _ _ _ _ _ _ _ _ _ _ _ _ _ _ _ _ _ _ _ _ _ _ _ _ \n/opt/hostedtoolcache/Python/3.8.16/x64/lib/python3.8/site-packages/webdriver_manager/chrome.py:39: in install\n    driver_path = self._get_driver_path(self.driver)\n/opt/hostedtoolcache/Python/3.8.16/x64/lib/python3.8/site-packages/webdriver_manager/core/manager.py:30: in _get_driver_path\n    file = self._download_manager.download_file(driver.get_url())\n/opt/hostedtoolcache/Python/3.8.16/x64/lib/python3.8/site-packages/webdriver_manager/core/download_manager.py:28: in download_file\n    response = self._http_client.get(url)\n/opt/hostedtoolcache/Python/3.8.16/x64/lib/python3.8/site-packages/webdriver_manager/core/http.py:33: in get\n    self.validate_response(resp)\n_ _ _ _ _ _ _ _ _ _ _ _ _ _ _ _ _ _ _ _ _ _ _ _ _ _ _ _ _ _ _ _ _ _ _ _ _ _ _ _ \n\nresp = <Response [404]>\n\n    @staticmethod\n    def validate_response(resp: requests.Response):\n        status_code = resp.status_code\n        if status_code == 404:\n>           raise ValueError(f\"There is no such driver by url {resp.url}\")\nE           ValueError: There is no such driver by url https://chromedriver.storage.googleapis.com/111.0.5547/chromedriver_linux64.zip\n\n/opt/hostedtoolcache/Python/3.8.16/x64/lib/python3.8/site-packages/webdriver_manager/core/http.py:16: ValueError","flaky":false,"newFailed":false,"newBroken":false,"newPassed":false,"retriesCount":2,"retriesStatusChange":false,"beforeStages":[{"name":"driver","time":{"start":1679241956956,"stop":1679241957471,"duration":515},"status":"broken","statusMessage":"ValueError: There is no such driver by url https://chromedriver.storage.googleapis.com/111.0.5547/chromedriver_linux64.zip\n","statusTrace":"  File \"/opt/hostedtoolcache/Python/3.8.16/x64/lib/python3.8/site-packages/pluggy/_callers.py\", line 39, in _multicall\n    res = hook_impl.function(*args)\n  File \"/opt/hostedtoolcache/Python/3.8.16/x64/lib/python3.8/site-packages/_pytest/fixtures.py\", line 1128, in pytest_fixture_setup\n    result = call_fixture_func(fixturefunc, request, kwargs)\n  File \"/opt/hostedtoolcache/Python/3.8.16/x64/lib/python3.8/site-packages/_pytest/fixtures.py\", line 900, in call_fixture_func\n    fixture_result = next(generator)\n  File \"/home/runner/work/DNS_shop_autotests/DNS_shop_autotests/conftest.py\", line 29, in driver\n    driver = webdriver.Chrome(service=ChromiumService(ChromeDriverManager(chrome_type=ChromeType.CHROMIUM).install()))\n  File \"/opt/hostedtoolcache/Python/3.8.16/x64/lib/python3.8/site-packages/webdriver_manager/chrome.py\", line 39, in install\n    driver_path = self._get_driver_path(self.driver)\n  File \"/opt/hostedtoolcache/Python/3.8.16/x64/lib/python3.8/site-packages/webdriver_manager/core/manager.py\", line 30, in _get_driver_path\n    file = self._download_manager.download_file(driver.get_url())\n  File \"/opt/hostedtoolcache/Python/3.8.16/x64/lib/python3.8/site-packages/webdriver_manager/core/download_manager.py\", line 28, in download_file\n    response = self._http_client.get(url)\n  File \"/opt/hostedtoolcache/Python/3.8.16/x64/lib/python3.8/site-packages/webdriver_manager/core/http.py\", line 33, in get\n    self.validate_response(resp)\n  File \"/opt/hostedtoolcache/Python/3.8.16/x64/lib/python3.8/site-packages/webdriver_manager/core/http.py\", line 16, in validate_response\n    raise ValueError(f\"There is no such driver by url {resp.url}\")\n","steps":[],"attachments":[],"parameters":[],"stepsCount":0,"attachmentsCount":0,"shouldDisplayMessage":true,"hasContent":true}],"testStage":{"description":"Тест 1","status":"broken","statusMessage":"ValueError: There is no such driver by url https://chromedriver.storage.googleapis.com/111.0.5547/chromedriver_linux64.zip","statusTrace":"@pytest.fixture(scope=\"function\")\n    def driver():\n        print(\"\\nbrowser open\")\n        link = \"https://www.dns-shop.ru/\"\n>       driver = webdriver.Chrome(service=ChromiumService(ChromeDriverManager(chrome_type=ChromeType.CHROMIUM).install()))\n\nconftest.py:29: \n_ _ _ _ _ _ _ _ _ _ _ _ _ _ _ _ _ _ _ _ _ _ _ _ _ _ _ _ _ _ _ _ _ _ _ _ _ _ _ _ \n/opt/hostedtoolcache/Python/3.8.16/x64/lib/python3.8/site-packages/webdriver_manager/chrome.py:39: in install\n    driver_path = self._get_driver_path(self.driver)\n/opt/hostedtoolcache/Python/3.8.16/x64/lib/python3.8/site-packages/webdriver_manager/core/manager.py:30: in _get_driver_path\n    file = self._download_manager.download_file(driver.get_url())\n/opt/hostedtoolcache/Python/3.8.16/x64/lib/python3.8/site-packages/webdriver_manager/core/download_manager.py:28: in download_file\n    response = self._http_client.get(url)\n/opt/hostedtoolcache/Python/3.8.16/x64/lib/python3.8/site-packages/webdriver_manager/core/http.py:33: in get\n    self.validate_response(resp)\n_ _ _ _ _ _ _ _ _ _ _ _ _ _ _ _ _ _ _ _ _ _ _ _ _ _ _ _ _ _ _ _ _ _ _ _ _ _ _ _ \n\nresp = <Response [404]>\n\n    @staticmethod\n    def validate_response(resp: requests.Response):\n        status_code = resp.status_code\n        if status_code == 404:\n>           raise ValueError(f\"There is no such driver by url {resp.url}\")\nE           ValueError: There is no such driver by url https://chromedriver.storage.googleapis.com/111.0.5547/chromedriver_linux64.zip\n\n/opt/hostedtoolcache/Python/3.8.16/x64/lib/python3.8/site-packages/webdriver_manager/core/http.py:16: ValueError","steps":[],"attachments":[{"uid":"14f7a8e6aa05a039","name":"stdout","source":"14f7a8e6aa05a039.txt","type":"text/plain","size":42}],"parameters":[],"stepsCount":0,"attachmentsCount":1,"shouldDisplayMessage":true,"hasContent":true},"afterStages":[],"labels":[{"name":"tag","value":"flaky(reruns=2, reruns_delay=5)"},{"name":"suite","value":"test"},{"name":"host","value":"fv-az309-658"},{"name":"thread","value":"2346-MainThread"},{"name":"framework","value":"pytest"},{"name":"language","value":"cpython3"},{"name":"package","value":"test"},{"name":"resultFormat","value":"allure2"}],"parameters":[],"links":[],"hidden":false,"retry":false,"extra":{"severity":"normal","retries":[{"uid":"4b820bf9bdeda990","status":"broken","statusDetails":"ValueError: There is no such driver by url https://chromedriver.storage.googleapis.com/111.0.5547/chromedriver_linux64.zip","time":{"start":1679241951426,"stop":1679241951426,"duration":0}},{"uid":"8fc3c732e8594b6c","status":"broken","statusDetails":"ValueError: There is no such driver by url https://chromedriver.storage.googleapis.com/111.0.5547/chromedriver_linux64.zip","time":{"start":1679241944567,"stop":1679241944567,"duration":0}}],"categories":[{"name":"Test defects","matchedStatuses":[],"flaky":false}],"history":{"statistic":{"failed":0,"broken":7,"skipped":0,"passed":0,"unknown":0,"total":7},"items":[{"uid":"a24668601b2c4842","reportUrl":"https://Codeels.github.io/DNS_shop_autotests/17//#testresult/a24668601b2c4842","status":"broken","statusDetails":"ValueError: There is no such driver by url https://chromedriver.storage.googleapis.com/111.0.5547/chromedriver_linux64.zip","time":{"start":1679240478941,"stop":1679240478941,"duration":0}},{"uid":"46b27c1f838dbf03","reportUrl":"https://Codeels.github.io/DNS_shop_autotests/16//#testresult/46b27c1f838dbf03","status":"broken","statusDetails":"selenium.common.exceptions.WebDriverException: Message: unknown error: Chrome failed to start: exited abnormally.\n  (unknown error: DevToolsActivePort file doesn't exist)\n  (The process started from chrome location /usr/bin/google-chrome is no longer running, so ChromeDriver is assuming that Chrome has crashed.)\nStacktrace:\n#0 0x555fb4cd2243 <unknown>\n#1 0x555fb4a967a6 <unknown>\n#2 0x555fb4abf520 <unknown>\n#3 0x555fb4abb49b <unknown>\n#4 0x555fb4afd2a7 <unknown>\n#5 0x555fb4afc8cf <unknown>\n#6 0x555fb4af3e53 <unknown>\n#7 0x555fb4ac69ea <unknown>\n#8 0x555fb4ac7b2e <unknown>\n#9 0x555fb4d26d5e <unknown>\n#10 0x555fb4d2aa80 <unknown>\n#11 0x555fb4d0c8b0 <unknown>\n#12 0x555fb4d2bb63 <unknown>\n#13 0x555fb4cfdf75 <unknown>\n#14 0x555fb4d4e998 <unknown>\n#15 0x555fb4d4eb27 <unknown>\n#16 0x555fb4d69c23 <unknown>\n#17 0x7fc93d5ceb43 <unknown>","time":{"start":1679240263637,"stop":1679240263637,"duration":0}},{"uid":"50e724f5066cafd1","reportUrl":"https://Codeels.github.io/DNS_shop_autotests/11//#testresult/50e724f5066cafd1","status":"broken","statusDetails":"selenium.common.exceptions.WebDriverException: Message: unknown error: Chrome failed to start: exited abnormally.\n  (unknown error: DevToolsActivePort file doesn't exist)\n  (The process started from chrome location /usr/bin/google-chrome is no longer running, so ChromeDriver is assuming that Chrome has crashed.)\nStacktrace:\n#0 0x55d60539e243 <unknown>\n#1 0x55d6051627a6 <unknown>\n#2 0x55d60518b520 <unknown>\n#3 0x55d60518749b <unknown>\n#4 0x55d6051c92a7 <unknown>\n#5 0x55d6051c88cf <unknown>\n#6 0x55d6051bfe53 <unknown>\n#7 0x55d6051929ea <unknown>\n#8 0x55d605193b2e <unknown>\n#9 0x55d6053f2d5e <unknown>\n#10 0x55d6053f6a80 <unknown>\n#11 0x55d6053d88b0 <unknown>\n#12 0x55d6053f7b63 <unknown>\n#13 0x55d6053c9f75 <unknown>\n#14 0x55d60541a998 <unknown>\n#15 0x55d60541ab27 <unknown>\n#16 0x55d605435c23 <unknown>\n#17 0x7f5d22cf6b43 <unknown>","time":{"start":1679237995341,"stop":1679237995341,"duration":0}},{"uid":"14892428dedf7845","reportUrl":"https://Codeels.github.io/DNS_shop_autotests/10//#testresult/14892428dedf7845","status":"broken","statusDetails":"selenium.common.exceptions.TimeoutException: Message: \nStacktrace:\n#0 0x564f4eb4b243 <unknown>\n#1 0x564f4e90f7a6 <unknown>\n#2 0x564f4e94c64d <unknown>\n#3 0x564f4e94c761 <unknown>\n#4 0x564f4e987da4 <unknown>\n#5 0x564f4e96d0ad <unknown>\n#6 0x564f4e985932 <unknown>\n#7 0x564f4e96ce53 <unknown>\n#8 0x564f4e93f9ea <unknown>\n#9 0x564f4e940b2e <unknown>\n#10 0x564f4eb9fd5e <unknown>\n#11 0x564f4eba3a80 <unknown>\n#12 0x564f4eb858b0 <unknown>\n#13 0x564f4eba4b63 <unknown>\n#14 0x564f4eb76f75 <unknown>\n#15 0x564f4ebc7998 <unknown>\n#16 0x564f4ebc7b27 <unknown>\n#17 0x564f4ebe2c23 <unknown>\n#18 0x7f808ccb7b43 <unknown>","time":{"start":1679237037026,"stop":1679237067037,"duration":30011}},{"uid":"5389837d45d82a92","reportUrl":"https://Codeels.github.io/DNS_shop_autotests/9//#testresult/5389837d45d82a92","status":"broken","statusDetails":"selenium.common.exceptions.TimeoutException: Message: \nStacktrace:\n#0 0x55feb7b31243 <unknown>\n#1 0x55feb78f57a6 <unknown>\n#2 0x55feb793264d <unknown>\n#3 0x55feb7932761 <unknown>\n#4 0x55feb796dda4 <unknown>\n#5 0x55feb79530ad <unknown>\n#6 0x55feb796b932 <unknown>\n#7 0x55feb7952e53 <unknown>\n#8 0x55feb79259ea <unknown>\n#9 0x55feb7926b2e <unknown>\n#10 0x55feb7b85d5e <unknown>\n#11 0x55feb7b89a80 <unknown>\n#12 0x55feb7b6b8b0 <unknown>\n#13 0x55feb7b8ab63 <unknown>\n#14 0x55feb7b5cf75 <unknown>\n#15 0x55feb7bad998 <unknown>\n#16 0x55feb7badb27 <unknown>\n#17 0x55feb7bc8c23 <unknown>\n#18 0x7ff651c12b43 <unknown>","time":{"start":1679236494582,"stop":1679236525048,"duration":30466}},{"uid":"e04687db22023d48","reportUrl":"https://Codeels.github.io/DNS_shop_autotests/7//#testresult/e04687db22023d48","status":"broken","statusDetails":"selenium.common.exceptions.TimeoutException: Message: \nStacktrace:\n#0 0x55a0374c6243 <unknown>\n#1 0x55a03728a7a6 <unknown>\n#2 0x55a0372c764d <unknown>\n#3 0x55a0372c7761 <unknown>\n#4 0x55a037302da4 <unknown>\n#5 0x55a0372e80ad <unknown>\n#6 0x55a037300932 <unknown>\n#7 0x55a0372e7e53 <unknown>\n#8 0x55a0372ba9ea <unknown>\n#9 0x55a0372bbb2e <unknown>\n#10 0x55a03751ad5e <unknown>\n#11 0x55a03751ea80 <unknown>\n#12 0x55a0375008b0 <unknown>\n#13 0x55a03751fb63 <unknown>\n#14 0x55a0374f1f75 <unknown>\n#15 0x55a037542998 <unknown>\n#16 0x55a037542b27 <unknown>\n#17 0x55a03755dc23 <unknown>\n#18 0x7f778cbf3b43 <unknown>","time":{"start":1679234619429,"stop":1679234649938,"duration":30509}}]},"tags":["flaky(reruns=2, reruns_delay=5)"]},"source":"dd6d196289a14b2b.json","parameterValues":[]}