{"uid":"50e724f5066cafd1","name":"Тест 1","fullName":"test#test_1","historyId":"481c50c2a0ce3c4af0e5e11c30040d79","time":{"start":1679237995341,"stop":1679237995341,"duration":0},"description":"Тест 1","descriptionHtml":"<p>Тест 1</p>\n","status":"broken","statusMessage":"selenium.common.exceptions.WebDriverException: Message: unknown error: Chrome failed to start: exited abnormally.\n  (unknown error: DevToolsActivePort file doesn't exist)\n  (The process started from chrome location /usr/bin/google-chrome is no longer running, so ChromeDriver is assuming that Chrome has crashed.)\nStacktrace:\n#0 0x55d60539e243 <unknown>\n#1 0x55d6051627a6 <unknown>\n#2 0x55d60518b520 <unknown>\n#3 0x55d60518749b <unknown>\n#4 0x55d6051c92a7 <unknown>\n#5 0x55d6051c88cf <unknown>\n#6 0x55d6051bfe53 <unknown>\n#7 0x55d6051929ea <unknown>\n#8 0x55d605193b2e <unknown>\n#9 0x55d6053f2d5e <unknown>\n#10 0x55d6053f6a80 <unknown>\n#11 0x55d6053d88b0 <unknown>\n#12 0x55d6053f7b63 <unknown>\n#13 0x55d6053c9f75 <unknown>\n#14 0x55d60541a998 <unknown>\n#15 0x55d60541ab27 <unknown>\n#16 0x55d605435c23 <unknown>\n#17 0x7f5d22cf6b43 <unknown>","statusTrace":"@pytest.fixture(scope=\"function\")\n    def driver():\n        print(\"\\nbrowser open\")\n        link = \"https://www.dns-shop.ru/\"\n        options = webdriver.ChromeOptions()\n>       driver = webdriver.Chrome(service=Service(ChromeDriverManager().install()), options=options)\n\nconftest.py:29: \n_ _ _ _ _ _ _ _ _ _ _ _ _ _ _ _ _ _ _ _ _ _ _ _ _ _ _ _ _ _ _ _ _ _ _ _ _ _ _ _ \n/opt/hostedtoolcache/Python/3.8.16/x64/lib/python3.8/site-packages/selenium/webdriver/chrome/webdriver.py:81: in __init__\n    super().__init__(\n/opt/hostedtoolcache/Python/3.8.16/x64/lib/python3.8/site-packages/selenium/webdriver/chromium/webdriver.py:106: in __init__\n    super().__init__(\n/opt/hostedtoolcache/Python/3.8.16/x64/lib/python3.8/site-packages/selenium/webdriver/remote/webdriver.py:288: in __init__\n    self.start_session(capabilities, browser_profile)\n/opt/hostedtoolcache/Python/3.8.16/x64/lib/python3.8/site-packages/selenium/webdriver/remote/webdriver.py:381: in start_session\n    response = self.execute(Command.NEW_SESSION, parameters)\n/opt/hostedtoolcache/Python/3.8.16/x64/lib/python3.8/site-packages/selenium/webdriver/remote/webdriver.py:444: in execute\n    self.error_handler.check_response(response)\n_ _ _ _ _ _ _ _ _ _ _ _ _ _ _ _ _ _ _ _ _ _ _ _ _ _ _ _ _ _ _ _ _ _ _ _ _ _ _ _ \n\nself = <selenium.webdriver.remote.errorhandler.ErrorHandler object at 0x7f3dc3b7d6d0>\nresponse = {'status': 500, 'value': '{\"value\":{\"error\":\"unknown error\",\"message\":\"unknown error: Chrome failed to start: exited a...\\\\n#15 0x55d60541ab27 \\\\u003Cunknown>\\\\n#16 0x55d605435c23 \\\\u003Cunknown>\\\\n#17 0x7f5d22cf6b43 \\\\u003Cunknown>\\\\n\"}}'}\n\n    def check_response(self, response: Dict[str, Any]) -> None:\n        \"\"\"\n        Checks that a JSON response from the WebDriver does not have an error.\n    \n        :Args:\n         - response - The JSON response from the WebDriver server as a dictionary\n           object.\n    \n        :Raises: If the response contains an error message.\n        \"\"\"\n        status = response.get(\"status\", None)\n        if not status or status == ErrorCode.SUCCESS:\n            return\n        value = None\n        message = response.get(\"message\", \"\")\n        screen: str = response.get(\"screen\", \"\")\n        stacktrace = None\n        if isinstance(status, int):\n            value_json = response.get(\"value\", None)\n            if value_json and isinstance(value_json, str):\n                import json\n    \n                try:\n                    value = json.loads(value_json)\n                    if len(value.keys()) == 1:\n                        value = value[\"value\"]\n                    status = value.get(\"error\", None)\n                    if not status:\n                        status = value.get(\"status\", ErrorCode.UNKNOWN_ERROR)\n                        message = value.get(\"value\") or value.get(\"message\")\n                        if not isinstance(message, str):\n                            value = message\n                            message = message.get(\"message\")\n                    else:\n                        message = value.get(\"message\", None)\n                except ValueError:\n                    pass\n    \n        exception_class: Type[WebDriverException]\n        if status in ErrorCode.NO_SUCH_ELEMENT:\n            exception_class = NoSuchElementException\n        elif status in ErrorCode.NO_SUCH_FRAME:\n            exception_class = NoSuchFrameException\n        elif status in ErrorCode.NO_SUCH_SHADOW_ROOT:\n            exception_class = NoSuchShadowRootException\n        elif status in ErrorCode.NO_SUCH_WINDOW:\n            exception_class = NoSuchWindowException\n        elif status in ErrorCode.STALE_ELEMENT_REFERENCE:\n            exception_class = StaleElementReferenceException\n        elif status in ErrorCode.ELEMENT_NOT_VISIBLE:\n            exception_class = ElementNotVisibleException\n        elif status in ErrorCode.INVALID_ELEMENT_STATE:\n            exception_class = InvalidElementStateException\n        elif (\n            status in ErrorCode.INVALID_SELECTOR\n            or status in ErrorCode.INVALID_XPATH_SELECTOR\n            or status in ErrorCode.INVALID_XPATH_SELECTOR_RETURN_TYPER\n        ):\n            exception_class = InvalidSelectorException\n        elif status in ErrorCode.ELEMENT_IS_NOT_SELECTABLE:\n            exception_class = ElementNotSelectableException\n        elif status in ErrorCode.ELEMENT_NOT_INTERACTABLE:\n            exception_class = ElementNotInteractableException\n        elif status in ErrorCode.INVALID_COOKIE_DOMAIN:\n            exception_class = InvalidCookieDomainException\n        elif status in ErrorCode.UNABLE_TO_SET_COOKIE:\n            exception_class = UnableToSetCookieException\n        elif status in ErrorCode.TIMEOUT:\n            exception_class = TimeoutException\n        elif status in ErrorCode.SCRIPT_TIMEOUT:\n            exception_class = TimeoutException\n        elif status in ErrorCode.UNKNOWN_ERROR:\n            exception_class = WebDriverException\n        elif status in ErrorCode.UNEXPECTED_ALERT_OPEN:\n            exception_class = UnexpectedAlertPresentException\n        elif status in ErrorCode.NO_ALERT_OPEN:\n            exception_class = NoAlertPresentException\n        elif status in ErrorCode.IME_NOT_AVAILABLE:\n            exception_class = ImeNotAvailableException\n        elif status in ErrorCode.IME_ENGINE_ACTIVATION_FAILED:\n            exception_class = ImeActivationFailedException\n        elif status in ErrorCode.MOVE_TARGET_OUT_OF_BOUNDS:\n            exception_class = MoveTargetOutOfBoundsException\n        elif status in ErrorCode.JAVASCRIPT_ERROR:\n            exception_class = JavascriptException\n        elif status in ErrorCode.SESSION_NOT_CREATED:\n            exception_class = SessionNotCreatedException\n        elif status in ErrorCode.INVALID_ARGUMENT:\n            exception_class = InvalidArgumentException\n        elif status in ErrorCode.NO_SUCH_COOKIE:\n            exception_class = NoSuchCookieException\n        elif status in ErrorCode.UNABLE_TO_CAPTURE_SCREEN:\n            exception_class = ScreenshotException\n        elif status in ErrorCode.ELEMENT_CLICK_INTERCEPTED:\n            exception_class = ElementClickInterceptedException\n        elif status in ErrorCode.INSECURE_CERTIFICATE:\n            exception_class = InsecureCertificateException\n        elif status in ErrorCode.INVALID_COORDINATES:\n            exception_class = InvalidCoordinatesException\n        elif status in ErrorCode.INVALID_SESSION_ID:\n            exception_class = InvalidSessionIdException\n        elif status in ErrorCode.UNKNOWN_METHOD:\n            exception_class = UnknownMethodException\n        else:\n            exception_class = WebDriverException\n        if not value:\n            value = response[\"value\"]\n        if isinstance(value, str):\n            raise exception_class(value)\n        if message == \"\" and \"message\" in value:\n            message = value[\"message\"]\n    \n        screen = None  # type: ignore[assignment]\n        if \"screen\" in value:\n            screen = value[\"screen\"]\n    \n        stacktrace = None\n        st_value = value.get(\"stackTrace\") or value.get(\"stacktrace\")\n        if st_value:\n            if isinstance(st_value, str):\n                stacktrace = st_value.split(\"\\n\")\n            else:\n                stacktrace = []\n                try:\n                    for frame in st_value:\n                        line = frame.get(\"lineNumber\", \"\")\n                        file = frame.get(\"fileName\", \"<anonymous>\")\n                        if line:\n                            file = f\"{file}:{line}\"\n                        meth = frame.get(\"methodName\", \"<anonymous>\")\n                        if \"className\" in frame:\n                            meth = \"{}.{}\".format(frame[\"className\"], meth)\n                        msg = \"    at %s (%s)\"\n                        msg = msg % (meth, file)\n                        stacktrace.append(msg)\n                except TypeError:\n                    pass\n        if exception_class == UnexpectedAlertPresentException:\n            alert_text = None\n            if \"data\" in value:\n                alert_text = value[\"data\"].get(\"text\")\n            elif \"alert\" in value:\n                alert_text = value[\"alert\"].get(\"text\")\n            raise exception_class(message, screen, stacktrace, alert_text)  # type: ignore[call-arg]  # mypy is not smart enough here\n>       raise exception_class(message, screen, stacktrace)\nE       selenium.common.exceptions.WebDriverException: Message: unknown error: Chrome failed to start: exited abnormally.\nE         (unknown error: DevToolsActivePort file doesn't exist)\nE         (The process started from chrome location /usr/bin/google-chrome is no longer running, so ChromeDriver is assuming that Chrome has crashed.)\nE       Stacktrace:\nE       #0 0x55d60539e243 <unknown>\nE       #1 0x55d6051627a6 <unknown>\nE       #2 0x55d60518b520 <unknown>\nE       #3 0x55d60518749b <unknown>\nE       #4 0x55d6051c92a7 <unknown>\nE       #5 0x55d6051c88cf <unknown>\nE       #6 0x55d6051bfe53 <unknown>\nE       #7 0x55d6051929ea <unknown>\nE       #8 0x55d605193b2e <unknown>\nE       #9 0x55d6053f2d5e <unknown>\nE       #10 0x55d6053f6a80 <unknown>\nE       #11 0x55d6053d88b0 <unknown>\nE       #12 0x55d6053f7b63 <unknown>\nE       #13 0x55d6053c9f75 <unknown>\nE       #14 0x55d60541a998 <unknown>\nE       #15 0x55d60541ab27 <unknown>\nE       #16 0x55d605435c23 <unknown>\nE       #17 0x7f5d22cf6b43 <unknown>\n\n/opt/hostedtoolcache/Python/3.8.16/x64/lib/python3.8/site-packages/selenium/webdriver/remote/errorhandler.py:249: WebDriverException","flaky":false,"newFailed":false,"newBroken":false,"newPassed":false,"retriesCount":2,"retriesStatusChange":false,"beforeStages":[{"name":"driver","time":{"start":1679237995341,"stop":1679237996204,"duration":863},"status":"broken","statusMessage":"selenium.common.exceptions.WebDriverException: Message: unknown error: Chrome failed to start: exited abnormally.\n  (unknown error: DevToolsActivePort file doesn't exist)\n  (The process started from chrome location /usr/bin/google-chrome is no longer running, so ChromeDriver is assuming that Chrome has crashed.)\nStacktrace:\n#0 0x55d60539e243 <unknown>\n#1 0x55d6051627a6 <unknown>\n#2 0x55d60518b520 <unknown>\n#3 0x55d60518749b <unknown>\n#4 0x55d6051c92a7 <unknown>\n#5 0x55d6051c88cf <unknown>\n#6 0x55d6051bfe53 <unknown>\n#7 0x55d6051929ea <unknown>\n#8 0x55d605193b2e <unknown>\n#9 0x55d6053f2d5e <unknown>\n#10 0x55d6053f6a80 <unknown>\n#11 0x55d6053d88b0 <unknown>\n#12 0x55d6053f7b63 <unknown>\n#13 0x55d6053c9f75 <unknown>\n#14 0x55d60541a998 <unknown>\n#15 0x55d60541ab27 <unknown>\n#16 0x55d605435c23 <unknown>\n#17 0x7f5d22cf6b43 <unknown>\n\n","statusTrace":"  File \"/opt/hostedtoolcache/Python/3.8.16/x64/lib/python3.8/site-packages/pluggy/_callers.py\", line 39, in _multicall\n    res = hook_impl.function(*args)\n  File \"/opt/hostedtoolcache/Python/3.8.16/x64/lib/python3.8/site-packages/_pytest/fixtures.py\", line 1128, in pytest_fixture_setup\n    result = call_fixture_func(fixturefunc, request, kwargs)\n  File \"/opt/hostedtoolcache/Python/3.8.16/x64/lib/python3.8/site-packages/_pytest/fixtures.py\", line 900, in call_fixture_func\n    fixture_result = next(generator)\n  File \"/home/runner/work/DNS_shop_autotests/DNS_shop_autotests/conftest.py\", line 29, in driver\n    driver = webdriver.Chrome(service=Service(ChromeDriverManager().install()), options=options)\n  File \"/opt/hostedtoolcache/Python/3.8.16/x64/lib/python3.8/site-packages/selenium/webdriver/chrome/webdriver.py\", line 81, in __init__\n    super().__init__(\n  File \"/opt/hostedtoolcache/Python/3.8.16/x64/lib/python3.8/site-packages/selenium/webdriver/chromium/webdriver.py\", line 106, in __init__\n    super().__init__(\n  File \"/opt/hostedtoolcache/Python/3.8.16/x64/lib/python3.8/site-packages/selenium/webdriver/remote/webdriver.py\", line 288, in __init__\n    self.start_session(capabilities, browser_profile)\n  File \"/opt/hostedtoolcache/Python/3.8.16/x64/lib/python3.8/site-packages/selenium/webdriver/remote/webdriver.py\", line 381, in start_session\n    response = self.execute(Command.NEW_SESSION, parameters)\n  File \"/opt/hostedtoolcache/Python/3.8.16/x64/lib/python3.8/site-packages/selenium/webdriver/remote/webdriver.py\", line 444, in execute\n    self.error_handler.check_response(response)\n  File \"/opt/hostedtoolcache/Python/3.8.16/x64/lib/python3.8/site-packages/selenium/webdriver/remote/errorhandler.py\", line 249, in check_response\n    raise exception_class(message, screen, stacktrace)\n","steps":[],"attachments":[],"parameters":[],"stepsCount":0,"attachmentsCount":0,"shouldDisplayMessage":true,"hasContent":true}],"testStage":{"description":"Тест 1","status":"broken","statusMessage":"selenium.common.exceptions.WebDriverException: Message: unknown error: Chrome failed to start: exited abnormally.\n  (unknown error: DevToolsActivePort file doesn't exist)\n  (The process started from chrome location /usr/bin/google-chrome is no longer running, so ChromeDriver is assuming that Chrome has crashed.)\nStacktrace:\n#0 0x55d60539e243 <unknown>\n#1 0x55d6051627a6 <unknown>\n#2 0x55d60518b520 <unknown>\n#3 0x55d60518749b <unknown>\n#4 0x55d6051c92a7 <unknown>\n#5 0x55d6051c88cf <unknown>\n#6 0x55d6051bfe53 <unknown>\n#7 0x55d6051929ea <unknown>\n#8 0x55d605193b2e <unknown>\n#9 0x55d6053f2d5e <unknown>\n#10 0x55d6053f6a80 <unknown>\n#11 0x55d6053d88b0 <unknown>\n#12 0x55d6053f7b63 <unknown>\n#13 0x55d6053c9f75 <unknown>\n#14 0x55d60541a998 <unknown>\n#15 0x55d60541ab27 <unknown>\n#16 0x55d605435c23 <unknown>\n#17 0x7f5d22cf6b43 <unknown>","statusTrace":"@pytest.fixture(scope=\"function\")\n    def driver():\n        print(\"\\nbrowser open\")\n        link = \"https://www.dns-shop.ru/\"\n        options = webdriver.ChromeOptions()\n>       driver = webdriver.Chrome(service=Service(ChromeDriverManager().install()), options=options)\n\nconftest.py:29: \n_ _ _ _ _ _ _ _ _ _ _ _ _ _ _ _ _ _ _ _ _ _ _ _ _ _ _ _ _ _ _ _ _ _ _ _ _ _ _ _ \n/opt/hostedtoolcache/Python/3.8.16/x64/lib/python3.8/site-packages/selenium/webdriver/chrome/webdriver.py:81: in __init__\n    super().__init__(\n/opt/hostedtoolcache/Python/3.8.16/x64/lib/python3.8/site-packages/selenium/webdriver/chromium/webdriver.py:106: in __init__\n    super().__init__(\n/opt/hostedtoolcache/Python/3.8.16/x64/lib/python3.8/site-packages/selenium/webdriver/remote/webdriver.py:288: in __init__\n    self.start_session(capabilities, browser_profile)\n/opt/hostedtoolcache/Python/3.8.16/x64/lib/python3.8/site-packages/selenium/webdriver/remote/webdriver.py:381: in start_session\n    response = self.execute(Command.NEW_SESSION, parameters)\n/opt/hostedtoolcache/Python/3.8.16/x64/lib/python3.8/site-packages/selenium/webdriver/remote/webdriver.py:444: in execute\n    self.error_handler.check_response(response)\n_ _ _ _ _ _ _ _ _ _ _ _ _ _ _ _ _ _ _ _ _ _ _ _ _ _ _ _ _ _ _ _ _ _ _ _ _ _ _ _ \n\nself = <selenium.webdriver.remote.errorhandler.ErrorHandler object at 0x7f3dc3b7d6d0>\nresponse = {'status': 500, 'value': '{\"value\":{\"error\":\"unknown error\",\"message\":\"unknown error: Chrome failed to start: exited a...\\\\n#15 0x55d60541ab27 \\\\u003Cunknown>\\\\n#16 0x55d605435c23 \\\\u003Cunknown>\\\\n#17 0x7f5d22cf6b43 \\\\u003Cunknown>\\\\n\"}}'}\n\n    def check_response(self, response: Dict[str, Any]) -> None:\n        \"\"\"\n        Checks that a JSON response from the WebDriver does not have an error.\n    \n        :Args:\n         - response - The JSON response from the WebDriver server as a dictionary\n           object.\n    \n        :Raises: If the response contains an error message.\n        \"\"\"\n        status = response.get(\"status\", None)\n        if not status or status == ErrorCode.SUCCESS:\n            return\n        value = None\n        message = response.get(\"message\", \"\")\n        screen: str = response.get(\"screen\", \"\")\n        stacktrace = None\n        if isinstance(status, int):\n            value_json = response.get(\"value\", None)\n            if value_json and isinstance(value_json, str):\n                import json\n    \n                try:\n                    value = json.loads(value_json)\n                    if len(value.keys()) == 1:\n                        value = value[\"value\"]\n                    status = value.get(\"error\", None)\n                    if not status:\n                        status = value.get(\"status\", ErrorCode.UNKNOWN_ERROR)\n                        message = value.get(\"value\") or value.get(\"message\")\n                        if not isinstance(message, str):\n                            value = message\n                            message = message.get(\"message\")\n                    else:\n                        message = value.get(\"message\", None)\n                except ValueError:\n                    pass\n    \n        exception_class: Type[WebDriverException]\n        if status in ErrorCode.NO_SUCH_ELEMENT:\n            exception_class = NoSuchElementException\n        elif status in ErrorCode.NO_SUCH_FRAME:\n            exception_class = NoSuchFrameException\n        elif status in ErrorCode.NO_SUCH_SHADOW_ROOT:\n            exception_class = NoSuchShadowRootException\n        elif status in ErrorCode.NO_SUCH_WINDOW:\n            exception_class = NoSuchWindowException\n        elif status in ErrorCode.STALE_ELEMENT_REFERENCE:\n            exception_class = StaleElementReferenceException\n        elif status in ErrorCode.ELEMENT_NOT_VISIBLE:\n            exception_class = ElementNotVisibleException\n        elif status in ErrorCode.INVALID_ELEMENT_STATE:\n            exception_class = InvalidElementStateException\n        elif (\n            status in ErrorCode.INVALID_SELECTOR\n            or status in ErrorCode.INVALID_XPATH_SELECTOR\n            or status in ErrorCode.INVALID_XPATH_SELECTOR_RETURN_TYPER\n        ):\n            exception_class = InvalidSelectorException\n        elif status in ErrorCode.ELEMENT_IS_NOT_SELECTABLE:\n            exception_class = ElementNotSelectableException\n        elif status in ErrorCode.ELEMENT_NOT_INTERACTABLE:\n            exception_class = ElementNotInteractableException\n        elif status in ErrorCode.INVALID_COOKIE_DOMAIN:\n            exception_class = InvalidCookieDomainException\n        elif status in ErrorCode.UNABLE_TO_SET_COOKIE:\n            exception_class = UnableToSetCookieException\n        elif status in ErrorCode.TIMEOUT:\n            exception_class = TimeoutException\n        elif status in ErrorCode.SCRIPT_TIMEOUT:\n            exception_class = TimeoutException\n        elif status in ErrorCode.UNKNOWN_ERROR:\n            exception_class = WebDriverException\n        elif status in ErrorCode.UNEXPECTED_ALERT_OPEN:\n            exception_class = UnexpectedAlertPresentException\n        elif status in ErrorCode.NO_ALERT_OPEN:\n            exception_class = NoAlertPresentException\n        elif status in ErrorCode.IME_NOT_AVAILABLE:\n            exception_class = ImeNotAvailableException\n        elif status in ErrorCode.IME_ENGINE_ACTIVATION_FAILED:\n            exception_class = ImeActivationFailedException\n        elif status in ErrorCode.MOVE_TARGET_OUT_OF_BOUNDS:\n            exception_class = MoveTargetOutOfBoundsException\n        elif status in ErrorCode.JAVASCRIPT_ERROR:\n            exception_class = JavascriptException\n        elif status in ErrorCode.SESSION_NOT_CREATED:\n            exception_class = SessionNotCreatedException\n        elif status in ErrorCode.INVALID_ARGUMENT:\n            exception_class = InvalidArgumentException\n        elif status in ErrorCode.NO_SUCH_COOKIE:\n            exception_class = NoSuchCookieException\n        elif status in ErrorCode.UNABLE_TO_CAPTURE_SCREEN:\n            exception_class = ScreenshotException\n        elif status in ErrorCode.ELEMENT_CLICK_INTERCEPTED:\n            exception_class = ElementClickInterceptedException\n        elif status in ErrorCode.INSECURE_CERTIFICATE:\n            exception_class = InsecureCertificateException\n        elif status in ErrorCode.INVALID_COORDINATES:\n            exception_class = InvalidCoordinatesException\n        elif status in ErrorCode.INVALID_SESSION_ID:\n            exception_class = InvalidSessionIdException\n        elif status in ErrorCode.UNKNOWN_METHOD:\n            exception_class = UnknownMethodException\n        else:\n            exception_class = WebDriverException\n        if not value:\n            value = response[\"value\"]\n        if isinstance(value, str):\n            raise exception_class(value)\n        if message == \"\" and \"message\" in value:\n            message = value[\"message\"]\n    \n        screen = None  # type: ignore[assignment]\n        if \"screen\" in value:\n            screen = value[\"screen\"]\n    \n        stacktrace = None\n        st_value = value.get(\"stackTrace\") or value.get(\"stacktrace\")\n        if st_value:\n            if isinstance(st_value, str):\n                stacktrace = st_value.split(\"\\n\")\n            else:\n                stacktrace = []\n                try:\n                    for frame in st_value:\n                        line = frame.get(\"lineNumber\", \"\")\n                        file = frame.get(\"fileName\", \"<anonymous>\")\n                        if line:\n                            file = f\"{file}:{line}\"\n                        meth = frame.get(\"methodName\", \"<anonymous>\")\n                        if \"className\" in frame:\n                            meth = \"{}.{}\".format(frame[\"className\"], meth)\n                        msg = \"    at %s (%s)\"\n                        msg = msg % (meth, file)\n                        stacktrace.append(msg)\n                except TypeError:\n                    pass\n        if exception_class == UnexpectedAlertPresentException:\n            alert_text = None\n            if \"data\" in value:\n                alert_text = value[\"data\"].get(\"text\")\n            elif \"alert\" in value:\n                alert_text = value[\"alert\"].get(\"text\")\n            raise exception_class(message, screen, stacktrace, alert_text)  # type: ignore[call-arg]  # mypy is not smart enough here\n>       raise exception_class(message, screen, stacktrace)\nE       selenium.common.exceptions.WebDriverException: Message: unknown error: Chrome failed to start: exited abnormally.\nE         (unknown error: DevToolsActivePort file doesn't exist)\nE         (The process started from chrome location /usr/bin/google-chrome is no longer running, so ChromeDriver is assuming that Chrome has crashed.)\nE       Stacktrace:\nE       #0 0x55d60539e243 <unknown>\nE       #1 0x55d6051627a6 <unknown>\nE       #2 0x55d60518b520 <unknown>\nE       #3 0x55d60518749b <unknown>\nE       #4 0x55d6051c92a7 <unknown>\nE       #5 0x55d6051c88cf <unknown>\nE       #6 0x55d6051bfe53 <unknown>\nE       #7 0x55d6051929ea <unknown>\nE       #8 0x55d605193b2e <unknown>\nE       #9 0x55d6053f2d5e <unknown>\nE       #10 0x55d6053f6a80 <unknown>\nE       #11 0x55d6053d88b0 <unknown>\nE       #12 0x55d6053f7b63 <unknown>\nE       #13 0x55d6053c9f75 <unknown>\nE       #14 0x55d60541a998 <unknown>\nE       #15 0x55d60541ab27 <unknown>\nE       #16 0x55d605435c23 <unknown>\nE       #17 0x7f5d22cf6b43 <unknown>\n\n/opt/hostedtoolcache/Python/3.8.16/x64/lib/python3.8/site-packages/selenium/webdriver/remote/errorhandler.py:249: WebDriverException","steps":[],"attachments":[{"uid":"5baa8e48a50ae20b","name":"stdout","source":"5baa8e48a50ae20b.txt","type":"text/plain","size":42},{"uid":"ca60a33ad6f8ba0a","name":"stderr","source":"ca60a33ad6f8ba0a.txt","type":"text/plain","size":250}],"parameters":[],"stepsCount":0,"attachmentsCount":2,"shouldDisplayMessage":true,"hasContent":true},"afterStages":[],"labels":[{"name":"tag","value":"flaky(reruns=2, reruns_delay=5)"},{"name":"suite","value":"test"},{"name":"host","value":"fv-az193-445"},{"name":"thread","value":"2380-MainThread"},{"name":"framework","value":"pytest"},{"name":"language","value":"cpython3"},{"name":"package","value":"test"},{"name":"resultFormat","value":"allure2"}],"parameters":[],"links":[],"hidden":false,"retry":false,"extra":{"severity":"normal","retries":[{"uid":"d9edd1b1cb601592","status":"broken","statusDetails":"selenium.common.exceptions.WebDriverException: Message: unknown error: Chrome failed to start: exited abnormally.\n  (unknown error: DevToolsActivePort file doesn't exist)\n  (The process started from chrome location /usr/bin/google-chrome is no longer running, so ChromeDriver is assuming that Chrome has crashed.)\nStacktrace:\n#0 0x5626b4cf5243 <unknown>\n#1 0x5626b4ab97a6 <unknown>\n#2 0x5626b4ae2520 <unknown>\n#3 0x5626b4ade49b <unknown>\n#4 0x5626b4b202a7 <unknown>\n#5 0x5626b4b1f8cf <unknown>\n#6 0x5626b4b16e53 <unknown>\n#7 0x5626b4ae99ea <unknown>\n#8 0x5626b4aeab2e <unknown>\n#9 0x5626b4d49d5e <unknown>\n#10 0x5626b4d4da80 <unknown>\n#11 0x5626b4d2f8b0 <unknown>\n#12 0x5626b4d4eb63 <unknown>\n#13 0x5626b4d20f75 <unknown>\n#14 0x5626b4d71998 <unknown>\n#15 0x5626b4d71b27 <unknown>\n#16 0x5626b4d8cc23 <unknown>\n#17 0x7f85ff179b43 <unknown>","time":{"start":1679237989417,"stop":1679237989417,"duration":0}},{"uid":"493a03bc41cb8fdf","status":"broken","statusDetails":"selenium.common.exceptions.WebDriverException: Message: unknown error: Chrome failed to start: exited abnormally.\n  (unknown error: DevToolsActivePort file doesn't exist)\n  (The process started from chrome location /usr/bin/google-chrome is no longer running, so ChromeDriver is assuming that Chrome has crashed.)\nStacktrace:\n#0 0x55ad7efec243 <unknown>\n#1 0x55ad7edb07a6 <unknown>\n#2 0x55ad7edd9520 <unknown>\n#3 0x55ad7edd549b <unknown>\n#4 0x55ad7ee172a7 <unknown>\n#5 0x55ad7ee168cf <unknown>\n#6 0x55ad7ee0de53 <unknown>\n#7 0x55ad7ede09ea <unknown>\n#8 0x55ad7ede1b2e <unknown>\n#9 0x55ad7f040d5e <unknown>\n#10 0x55ad7f044a80 <unknown>\n#11 0x55ad7f0268b0 <unknown>\n#12 0x55ad7f045b63 <unknown>\n#13 0x55ad7f017f75 <unknown>\n#14 0x55ad7f068998 <unknown>\n#15 0x55ad7f068b27 <unknown>\n#16 0x55ad7f083c23 <unknown>\n#17 0x7fbc7ae7db43 <unknown>","time":{"start":1679237982470,"stop":1679237982470,"duration":0}}],"categories":[{"name":"Test defects","matchedStatuses":[],"flaky":false}],"history":{"statistic":{"failed":0,"broken":4,"skipped":0,"passed":0,"unknown":0,"total":4},"items":[{"uid":"14892428dedf7845","reportUrl":"https://Codeels.github.io/DNS_shop_autotests/10//#testresult/14892428dedf7845","status":"broken","statusDetails":"selenium.common.exceptions.TimeoutException: Message: \nStacktrace:\n#0 0x564f4eb4b243 <unknown>\n#1 0x564f4e90f7a6 <unknown>\n#2 0x564f4e94c64d <unknown>\n#3 0x564f4e94c761 <unknown>\n#4 0x564f4e987da4 <unknown>\n#5 0x564f4e96d0ad <unknown>\n#6 0x564f4e985932 <unknown>\n#7 0x564f4e96ce53 <unknown>\n#8 0x564f4e93f9ea <unknown>\n#9 0x564f4e940b2e <unknown>\n#10 0x564f4eb9fd5e <unknown>\n#11 0x564f4eba3a80 <unknown>\n#12 0x564f4eb858b0 <unknown>\n#13 0x564f4eba4b63 <unknown>\n#14 0x564f4eb76f75 <unknown>\n#15 0x564f4ebc7998 <unknown>\n#16 0x564f4ebc7b27 <unknown>\n#17 0x564f4ebe2c23 <unknown>\n#18 0x7f808ccb7b43 <unknown>","time":{"start":1679237037026,"stop":1679237067037,"duration":30011}},{"uid":"5389837d45d82a92","reportUrl":"https://Codeels.github.io/DNS_shop_autotests/9//#testresult/5389837d45d82a92","status":"broken","statusDetails":"selenium.common.exceptions.TimeoutException: Message: \nStacktrace:\n#0 0x55feb7b31243 <unknown>\n#1 0x55feb78f57a6 <unknown>\n#2 0x55feb793264d <unknown>\n#3 0x55feb7932761 <unknown>\n#4 0x55feb796dda4 <unknown>\n#5 0x55feb79530ad <unknown>\n#6 0x55feb796b932 <unknown>\n#7 0x55feb7952e53 <unknown>\n#8 0x55feb79259ea <unknown>\n#9 0x55feb7926b2e <unknown>\n#10 0x55feb7b85d5e <unknown>\n#11 0x55feb7b89a80 <unknown>\n#12 0x55feb7b6b8b0 <unknown>\n#13 0x55feb7b8ab63 <unknown>\n#14 0x55feb7b5cf75 <unknown>\n#15 0x55feb7bad998 <unknown>\n#16 0x55feb7badb27 <unknown>\n#17 0x55feb7bc8c23 <unknown>\n#18 0x7ff651c12b43 <unknown>","time":{"start":1679236494582,"stop":1679236525048,"duration":30466}},{"uid":"e04687db22023d48","reportUrl":"https://Codeels.github.io/DNS_shop_autotests/7//#testresult/e04687db22023d48","status":"broken","statusDetails":"selenium.common.exceptions.TimeoutException: Message: \nStacktrace:\n#0 0x55a0374c6243 <unknown>\n#1 0x55a03728a7a6 <unknown>\n#2 0x55a0372c764d <unknown>\n#3 0x55a0372c7761 <unknown>\n#4 0x55a037302da4 <unknown>\n#5 0x55a0372e80ad <unknown>\n#6 0x55a037300932 <unknown>\n#7 0x55a0372e7e53 <unknown>\n#8 0x55a0372ba9ea <unknown>\n#9 0x55a0372bbb2e <unknown>\n#10 0x55a03751ad5e <unknown>\n#11 0x55a03751ea80 <unknown>\n#12 0x55a0375008b0 <unknown>\n#13 0x55a03751fb63 <unknown>\n#14 0x55a0374f1f75 <unknown>\n#15 0x55a037542998 <unknown>\n#16 0x55a037542b27 <unknown>\n#17 0x55a03755dc23 <unknown>\n#18 0x7f778cbf3b43 <unknown>","time":{"start":1679234619429,"stop":1679234649938,"duration":30509}}]},"tags":["flaky(reruns=2, reruns_delay=5)"]},"source":"50e724f5066cafd1.json","parameterValues":[]}