{"uid":"9286ccf70dd4a8fd","name":"Тест 3","fullName":"test#test_3","historyId":"1f79a7926d2bb1598ac0f050be41a1b4","time":{"start":1679234712016,"stop":1679234742023,"duration":30007},"description":"Тест 3","descriptionHtml":"<p>Тест 3</p>\n","status":"broken","statusMessage":"selenium.common.exceptions.TimeoutException: Message: \nStacktrace:\n#0 0x5592201fd243 <unknown>\n#1 0x55921ffc17a6 <unknown>\n#2 0x55921fffe64d <unknown>\n#3 0x55921fffe761 <unknown>\n#4 0x559220039da4 <unknown>\n#5 0x55922001f0ad <unknown>\n#6 0x559220037932 <unknown>\n#7 0x55922001ee53 <unknown>\n#8 0x55921fff19ea <unknown>\n#9 0x55921fff2b2e <unknown>\n#10 0x559220251d5e <unknown>\n#11 0x559220255a80 <unknown>\n#12 0x5592202378b0 <unknown>\n#13 0x559220256b63 <unknown>\n#14 0x559220228f75 <unknown>\n#15 0x559220279998 <unknown>\n#16 0x559220279b27 <unknown>\n#17 0x559220294c23 <unknown>\n#18 0x7fd892effb43 <unknown>","statusTrace":"driver = <selenium.webdriver.chrome.webdriver.WebDriver (session=\"80b12fd34575bddd1cdcbf4372046ae6\")>\n\n    @allure.title(\"Тест 3\")\n    @allure.description('Тест 3')\n    @pytest.mark.flaky(reruns=2, reruns_delay=5)\n    def test_3(driver):\n        # авторизация\n        mp = MainPage(driver)\n>       mp.log_in(login, password, main=True)\n\ntest.py:99: \n_ _ _ _ _ _ _ _ _ _ _ _ _ _ _ _ _ _ _ _ _ _ _ _ _ _ _ _ _ _ _ _ _ _ _ _ _ _ _ _ \npages/base_page.py:145: in log_in\n    action.move_to_element(self.get_button_login_header_main()).perform()\npages/base_page.py:40: in get_button_login_header_main\n    return WebDriverWait(self.driver, 30).until(\n_ _ _ _ _ _ _ _ _ _ _ _ _ _ _ _ _ _ _ _ _ _ _ _ _ _ _ _ _ _ _ _ _ _ _ _ _ _ _ _ \n\nself = <selenium.webdriver.support.wait.WebDriverWait (session=\"80b12fd34575bddd1cdcbf4372046ae6\")>\nmethod = <function visibility_of_element_located.<locals>._predicate at 0x7f56e2eae050>\nmessage = ''\n\n    def until(self, method, message: str = \"\"):\n        \"\"\"Calls the method provided with the driver as an argument until the \\\n        return value does not evaluate to ``False``.\n    \n        :param method: callable(WebDriver)\n        :param message: optional message for :exc:`TimeoutException`\n        :returns: the result of the last call to `method`\n        :raises: :exc:`selenium.common.exceptions.TimeoutException` if timeout occurs\n        \"\"\"\n        screen = None\n        stacktrace = None\n    \n        end_time = time.monotonic() + self._timeout\n        while True:\n            try:\n                value = method(self._driver)\n                if value:\n                    return value\n            except self._ignored_exceptions as exc:\n                screen = getattr(exc, \"screen\", None)\n                stacktrace = getattr(exc, \"stacktrace\", None)\n            time.sleep(self._poll)\n            if time.monotonic() > end_time:\n                break\n>       raise TimeoutException(message, screen, stacktrace)\nE       selenium.common.exceptions.TimeoutException: Message: \nE       Stacktrace:\nE       #0 0x5592201fd243 <unknown>\nE       #1 0x55921ffc17a6 <unknown>\nE       #2 0x55921fffe64d <unknown>\nE       #3 0x55921fffe761 <unknown>\nE       #4 0x559220039da4 <unknown>\nE       #5 0x55922001f0ad <unknown>\nE       #6 0x559220037932 <unknown>\nE       #7 0x55922001ee53 <unknown>\nE       #8 0x55921fff19ea <unknown>\nE       #9 0x55921fff2b2e <unknown>\nE       #10 0x559220251d5e <unknown>\nE       #11 0x559220255a80 <unknown>\nE       #12 0x5592202378b0 <unknown>\nE       #13 0x559220256b63 <unknown>\nE       #14 0x559220228f75 <unknown>\nE       #15 0x559220279998 <unknown>\nE       #16 0x559220279b27 <unknown>\nE       #17 0x559220294c23 <unknown>\nE       #18 0x7fd892effb43 <unknown>\n\n/opt/hostedtoolcache/Python/3.10.10/x64/lib/python3.10/site-packages/selenium/webdriver/support/wait.py:95: TimeoutException","flaky":false,"newFailed":false,"newBroken":false,"newPassed":false,"retriesCount":0,"retriesStatusChange":false,"beforeStages":[{"name":"driver","time":{"start":1679234710579,"stop":1679234712016,"duration":1437},"status":"passed","steps":[],"attachments":[],"parameters":[],"stepsCount":0,"attachmentsCount":0,"shouldDisplayMessage":false,"hasContent":false}],"testStage":{"description":"Тест 3","status":"broken","statusMessage":"selenium.common.exceptions.TimeoutException: Message: \nStacktrace:\n#0 0x5592201fd243 <unknown>\n#1 0x55921ffc17a6 <unknown>\n#2 0x55921fffe64d <unknown>\n#3 0x55921fffe761 <unknown>\n#4 0x559220039da4 <unknown>\n#5 0x55922001f0ad <unknown>\n#6 0x559220037932 <unknown>\n#7 0x55922001ee53 <unknown>\n#8 0x55921fff19ea <unknown>\n#9 0x55921fff2b2e <unknown>\n#10 0x559220251d5e <unknown>\n#11 0x559220255a80 <unknown>\n#12 0x5592202378b0 <unknown>\n#13 0x559220256b63 <unknown>\n#14 0x559220228f75 <unknown>\n#15 0x559220279998 <unknown>\n#16 0x559220279b27 <unknown>\n#17 0x559220294c23 <unknown>\n#18 0x7fd892effb43 <unknown>","statusTrace":"driver = <selenium.webdriver.chrome.webdriver.WebDriver (session=\"80b12fd34575bddd1cdcbf4372046ae6\")>\n\n    @allure.title(\"Тест 3\")\n    @allure.description('Тест 3')\n    @pytest.mark.flaky(reruns=2, reruns_delay=5)\n    def test_3(driver):\n        # авторизация\n        mp = MainPage(driver)\n>       mp.log_in(login, password, main=True)\n\ntest.py:99: \n_ _ _ _ _ _ _ _ _ _ _ _ _ _ _ _ _ _ _ _ _ _ _ _ _ _ _ _ _ _ _ _ _ _ _ _ _ _ _ _ \npages/base_page.py:145: in log_in\n    action.move_to_element(self.get_button_login_header_main()).perform()\npages/base_page.py:40: in get_button_login_header_main\n    return WebDriverWait(self.driver, 30).until(\n_ _ _ _ _ _ _ _ _ _ _ _ _ _ _ _ _ _ _ _ _ _ _ _ _ _ _ _ _ _ _ _ _ _ _ _ _ _ _ _ \n\nself = <selenium.webdriver.support.wait.WebDriverWait (session=\"80b12fd34575bddd1cdcbf4372046ae6\")>\nmethod = <function visibility_of_element_located.<locals>._predicate at 0x7f56e2eae050>\nmessage = ''\n\n    def until(self, method, message: str = \"\"):\n        \"\"\"Calls the method provided with the driver as an argument until the \\\n        return value does not evaluate to ``False``.\n    \n        :param method: callable(WebDriver)\n        :param message: optional message for :exc:`TimeoutException`\n        :returns: the result of the last call to `method`\n        :raises: :exc:`selenium.common.exceptions.TimeoutException` if timeout occurs\n        \"\"\"\n        screen = None\n        stacktrace = None\n    \n        end_time = time.monotonic() + self._timeout\n        while True:\n            try:\n                value = method(self._driver)\n                if value:\n                    return value\n            except self._ignored_exceptions as exc:\n                screen = getattr(exc, \"screen\", None)\n                stacktrace = getattr(exc, \"stacktrace\", None)\n            time.sleep(self._poll)\n            if time.monotonic() > end_time:\n                break\n>       raise TimeoutException(message, screen, stacktrace)\nE       selenium.common.exceptions.TimeoutException: Message: \nE       Stacktrace:\nE       #0 0x5592201fd243 <unknown>\nE       #1 0x55921ffc17a6 <unknown>\nE       #2 0x55921fffe64d <unknown>\nE       #3 0x55921fffe761 <unknown>\nE       #4 0x559220039da4 <unknown>\nE       #5 0x55922001f0ad <unknown>\nE       #6 0x559220037932 <unknown>\nE       #7 0x55922001ee53 <unknown>\nE       #8 0x55921fff19ea <unknown>\nE       #9 0x55921fff2b2e <unknown>\nE       #10 0x559220251d5e <unknown>\nE       #11 0x559220255a80 <unknown>\nE       #12 0x5592202378b0 <unknown>\nE       #13 0x559220256b63 <unknown>\nE       #14 0x559220228f75 <unknown>\nE       #15 0x559220279998 <unknown>\nE       #16 0x559220279b27 <unknown>\nE       #17 0x559220294c23 <unknown>\nE       #18 0x7fd892effb43 <unknown>\n\n/opt/hostedtoolcache/Python/3.10.10/x64/lib/python3.10/site-packages/selenium/webdriver/support/wait.py:95: TimeoutException","steps":[{"name":"Авторизация","time":{"start":1679234712016,"stop":1679234742023,"duration":30007},"status":"broken","statusMessage":"selenium.common.exceptions.TimeoutException: Message: \nStacktrace:\n#0 0x5592201fd243 <unknown>\n#1 0x55921ffc17a6 <unknown>\n#2 0x55921fffe64d <unknown>\n#3 0x55921fffe761 <unknown>\n#4 0x559220039da4 <unknown>\n#5 0x55922001f0ad <unknown>\n#6 0x559220037932 <unknown>\n#7 0x55922001ee53 <unknown>\n#8 0x55921fff19ea <unknown>\n#9 0x55921fff2b2e <unknown>\n#10 0x559220251d5e <unknown>\n#11 0x559220255a80 <unknown>\n#12 0x5592202378b0 <unknown>\n#13 0x559220256b63 <unknown>\n#14 0x559220228f75 <unknown>\n#15 0x559220279998 <unknown>\n#16 0x559220279b27 <unknown>\n#17 0x559220294c23 <unknown>\n#18 0x7fd892effb43 <unknown>\n\n","statusTrace":"  File \"/home/runner/work/DNS_shop_autotests/DNS_shop_autotests/pages/base_page.py\", line 145, in log_in\n    action.move_to_element(self.get_button_login_header_main()).perform()\n  File \"/home/runner/work/DNS_shop_autotests/DNS_shop_autotests/pages/base_page.py\", line 40, in get_button_login_header_main\n    return WebDriverWait(self.driver, 30).until(\n  File \"/opt/hostedtoolcache/Python/3.10.10/x64/lib/python3.10/site-packages/selenium/webdriver/support/wait.py\", line 95, in until\n    raise TimeoutException(message, screen, stacktrace)\n","steps":[],"attachments":[],"parameters":[],"stepsCount":0,"attachmentsCount":0,"shouldDisplayMessage":true,"hasContent":true}],"attachments":[],"parameters":[],"stepsCount":1,"attachmentsCount":0,"shouldDisplayMessage":true,"hasContent":true},"afterStages":[{"name":"driver::0","time":{"start":1679234742036,"stop":1679234742091,"duration":55},"status":"passed","steps":[],"attachments":[],"parameters":[],"stepsCount":0,"attachmentsCount":0,"shouldDisplayMessage":false,"hasContent":false}],"labels":[{"name":"tag","value":"flaky(reruns=2, reruns_delay=5)"},{"name":"suite","value":"test"},{"name":"host","value":"fv-az583-658"},{"name":"thread","value":"2411-MainThread"},{"name":"framework","value":"pytest"},{"name":"language","value":"cpython3"},{"name":"package","value":"test"},{"name":"resultFormat","value":"allure2"}],"parameters":[],"links":[],"hidden":true,"retry":true,"extra":{"categories":[],"tags":["flaky(reruns=2, reruns_delay=5)"]},"source":"9286ccf70dd4a8fd.json","parameterValues":[]}