{"uid":"b61b0b7dcd5fe1e1","name":"Тест 2","fullName":"test#test_2","historyId":"1c850b33d69e6873347bfffed97fc0d5","time":{"start":1679234695253,"stop":1679234710510,"duration":15257},"description":"Тест 2","descriptionHtml":"<p>Тест 2</p>\n","status":"broken","statusMessage":"selenium.common.exceptions.TimeoutException: Message: \nStacktrace:\n#0 0x557b365bf243 <unknown>\n#1 0x557b363837a6 <unknown>\n#2 0x557b363c064d <unknown>\n#3 0x557b363c0761 <unknown>\n#4 0x557b363fbda4 <unknown>\n#5 0x557b363e10ad <unknown>\n#6 0x557b363f9932 <unknown>\n#7 0x557b363e0e53 <unknown>\n#8 0x557b363b39ea <unknown>\n#9 0x557b363b4b2e <unknown>\n#10 0x557b36613d5e <unknown>\n#11 0x557b36617a80 <unknown>\n#12 0x557b365f98b0 <unknown>\n#13 0x557b36618b63 <unknown>\n#14 0x557b365eaf75 <unknown>\n#15 0x557b3663b998 <unknown>\n#16 0x557b3663bb27 <unknown>\n#17 0x557b36656c23 <unknown>\n#18 0x7f66919a4b43 <unknown>","statusTrace":"driver = <selenium.webdriver.chrome.webdriver.WebDriver (session=\"7778c33128c66e54e99275bde2a303cf\")>\n\n    @allure.title(\"Тест 2\")\n    @allure.description('Тест 2')\n    @pytest.mark.flaky(reruns=2, reruns_delay=5)\n    def test_2(driver):\n        mp = MainPage(driver)\n    \n        # переход на страницу с товарами\n>       mp.go_to_cpus()\n\ntest.py:68: \n_ _ _ _ _ _ _ _ _ _ _ _ _ _ _ _ _ _ _ _ _ _ _ _ _ _ _ _ _ _ _ _ _ _ _ _ _ _ _ _ \npages/main_page.py:51: in go_to_cpus\n    self.click_computer_parts_link()\npages/main_page.py:39: in click_computer_parts_link\n    self.get_computer_parts_link().click()\npages/main_page.py:25: in get_computer_parts_link\n    return WebDriverWait(self.driver, self.wait_time).until(\n_ _ _ _ _ _ _ _ _ _ _ _ _ _ _ _ _ _ _ _ _ _ _ _ _ _ _ _ _ _ _ _ _ _ _ _ _ _ _ _ \n\nself = <selenium.webdriver.support.wait.WebDriverWait (session=\"7778c33128c66e54e99275bde2a303cf\")>\nmethod = <function element_to_be_clickable.<locals>._predicate at 0x7f56e2eadb40>\nmessage = ''\n\n    def until(self, method, message: str = \"\"):\n        \"\"\"Calls the method provided with the driver as an argument until the \\\n        return value does not evaluate to ``False``.\n    \n        :param method: callable(WebDriver)\n        :param message: optional message for :exc:`TimeoutException`\n        :returns: the result of the last call to `method`\n        :raises: :exc:`selenium.common.exceptions.TimeoutException` if timeout occurs\n        \"\"\"\n        screen = None\n        stacktrace = None\n    \n        end_time = time.monotonic() + self._timeout\n        while True:\n            try:\n                value = method(self._driver)\n                if value:\n                    return value\n            except self._ignored_exceptions as exc:\n                screen = getattr(exc, \"screen\", None)\n                stacktrace = getattr(exc, \"stacktrace\", None)\n            time.sleep(self._poll)\n            if time.monotonic() > end_time:\n                break\n>       raise TimeoutException(message, screen, stacktrace)\nE       selenium.common.exceptions.TimeoutException: Message: \nE       Stacktrace:\nE       #0 0x557b365bf243 <unknown>\nE       #1 0x557b363837a6 <unknown>\nE       #2 0x557b363c064d <unknown>\nE       #3 0x557b363c0761 <unknown>\nE       #4 0x557b363fbda4 <unknown>\nE       #5 0x557b363e10ad <unknown>\nE       #6 0x557b363f9932 <unknown>\nE       #7 0x557b363e0e53 <unknown>\nE       #8 0x557b363b39ea <unknown>\nE       #9 0x557b363b4b2e <unknown>\nE       #10 0x557b36613d5e <unknown>\nE       #11 0x557b36617a80 <unknown>\nE       #12 0x557b365f98b0 <unknown>\nE       #13 0x557b36618b63 <unknown>\nE       #14 0x557b365eaf75 <unknown>\nE       #15 0x557b3663b998 <unknown>\nE       #16 0x557b3663bb27 <unknown>\nE       #17 0x557b36656c23 <unknown>\nE       #18 0x7f66919a4b43 <unknown>\n\n/opt/hostedtoolcache/Python/3.10.10/x64/lib/python3.10/site-packages/selenium/webdriver/support/wait.py:95: TimeoutException","flaky":false,"newFailed":false,"newBroken":false,"newPassed":false,"retriesCount":2,"retriesStatusChange":false,"beforeStages":[{"name":"driver","time":{"start":1679234693828,"stop":1679234695253,"duration":1425},"status":"passed","steps":[],"attachments":[],"parameters":[],"stepsCount":0,"attachmentsCount":0,"shouldDisplayMessage":false,"hasContent":false}],"testStage":{"description":"Тест 2","status":"broken","statusMessage":"selenium.common.exceptions.TimeoutException: Message: \nStacktrace:\n#0 0x557b365bf243 <unknown>\n#1 0x557b363837a6 <unknown>\n#2 0x557b363c064d <unknown>\n#3 0x557b363c0761 <unknown>\n#4 0x557b363fbda4 <unknown>\n#5 0x557b363e10ad <unknown>\n#6 0x557b363f9932 <unknown>\n#7 0x557b363e0e53 <unknown>\n#8 0x557b363b39ea <unknown>\n#9 0x557b363b4b2e <unknown>\n#10 0x557b36613d5e <unknown>\n#11 0x557b36617a80 <unknown>\n#12 0x557b365f98b0 <unknown>\n#13 0x557b36618b63 <unknown>\n#14 0x557b365eaf75 <unknown>\n#15 0x557b3663b998 <unknown>\n#16 0x557b3663bb27 <unknown>\n#17 0x557b36656c23 <unknown>\n#18 0x7f66919a4b43 <unknown>","statusTrace":"driver = <selenium.webdriver.chrome.webdriver.WebDriver (session=\"7778c33128c66e54e99275bde2a303cf\")>\n\n    @allure.title(\"Тест 2\")\n    @allure.description('Тест 2')\n    @pytest.mark.flaky(reruns=2, reruns_delay=5)\n    def test_2(driver):\n        mp = MainPage(driver)\n    \n        # переход на страницу с товарами\n>       mp.go_to_cpus()\n\ntest.py:68: \n_ _ _ _ _ _ _ _ _ _ _ _ _ _ _ _ _ _ _ _ _ _ _ _ _ _ _ _ _ _ _ _ _ _ _ _ _ _ _ _ \npages/main_page.py:51: in go_to_cpus\n    self.click_computer_parts_link()\npages/main_page.py:39: in click_computer_parts_link\n    self.get_computer_parts_link().click()\npages/main_page.py:25: in get_computer_parts_link\n    return WebDriverWait(self.driver, self.wait_time).until(\n_ _ _ _ _ _ _ _ _ _ _ _ _ _ _ _ _ _ _ _ _ _ _ _ _ _ _ _ _ _ _ _ _ _ _ _ _ _ _ _ \n\nself = <selenium.webdriver.support.wait.WebDriverWait (session=\"7778c33128c66e54e99275bde2a303cf\")>\nmethod = <function element_to_be_clickable.<locals>._predicate at 0x7f56e2eadb40>\nmessage = ''\n\n    def until(self, method, message: str = \"\"):\n        \"\"\"Calls the method provided with the driver as an argument until the \\\n        return value does not evaluate to ``False``.\n    \n        :param method: callable(WebDriver)\n        :param message: optional message for :exc:`TimeoutException`\n        :returns: the result of the last call to `method`\n        :raises: :exc:`selenium.common.exceptions.TimeoutException` if timeout occurs\n        \"\"\"\n        screen = None\n        stacktrace = None\n    \n        end_time = time.monotonic() + self._timeout\n        while True:\n            try:\n                value = method(self._driver)\n                if value:\n                    return value\n            except self._ignored_exceptions as exc:\n                screen = getattr(exc, \"screen\", None)\n                stacktrace = getattr(exc, \"stacktrace\", None)\n            time.sleep(self._poll)\n            if time.monotonic() > end_time:\n                break\n>       raise TimeoutException(message, screen, stacktrace)\nE       selenium.common.exceptions.TimeoutException: Message: \nE       Stacktrace:\nE       #0 0x557b365bf243 <unknown>\nE       #1 0x557b363837a6 <unknown>\nE       #2 0x557b363c064d <unknown>\nE       #3 0x557b363c0761 <unknown>\nE       #4 0x557b363fbda4 <unknown>\nE       #5 0x557b363e10ad <unknown>\nE       #6 0x557b363f9932 <unknown>\nE       #7 0x557b363e0e53 <unknown>\nE       #8 0x557b363b39ea <unknown>\nE       #9 0x557b363b4b2e <unknown>\nE       #10 0x557b36613d5e <unknown>\nE       #11 0x557b36617a80 <unknown>\nE       #12 0x557b365f98b0 <unknown>\nE       #13 0x557b36618b63 <unknown>\nE       #14 0x557b365eaf75 <unknown>\nE       #15 0x557b3663b998 <unknown>\nE       #16 0x557b3663bb27 <unknown>\nE       #17 0x557b36656c23 <unknown>\nE       #18 0x7f66919a4b43 <unknown>\n\n/opt/hostedtoolcache/Python/3.10.10/x64/lib/python3.10/site-packages/selenium/webdriver/support/wait.py:95: TimeoutException","steps":[{"name":"Переход к странице с процессорами","time":{"start":1679234695253,"stop":1679234710509,"duration":15256},"status":"broken","statusMessage":"selenium.common.exceptions.TimeoutException: Message: \nStacktrace:\n#0 0x557b365bf243 <unknown>\n#1 0x557b363837a6 <unknown>\n#2 0x557b363c064d <unknown>\n#3 0x557b363c0761 <unknown>\n#4 0x557b363fbda4 <unknown>\n#5 0x557b363e10ad <unknown>\n#6 0x557b363f9932 <unknown>\n#7 0x557b363e0e53 <unknown>\n#8 0x557b363b39ea <unknown>\n#9 0x557b363b4b2e <unknown>\n#10 0x557b36613d5e <unknown>\n#11 0x557b36617a80 <unknown>\n#12 0x557b365f98b0 <unknown>\n#13 0x557b36618b63 <unknown>\n#14 0x557b365eaf75 <unknown>\n#15 0x557b3663b998 <unknown>\n#16 0x557b3663bb27 <unknown>\n#17 0x557b36656c23 <unknown>\n#18 0x7f66919a4b43 <unknown>\n\n","statusTrace":"  File \"/home/runner/work/DNS_shop_autotests/DNS_shop_autotests/pages/main_page.py\", line 51, in go_to_cpus\n    self.click_computer_parts_link()\n  File \"/home/runner/work/DNS_shop_autotests/DNS_shop_autotests/pages/main_page.py\", line 39, in click_computer_parts_link\n    self.get_computer_parts_link().click()\n  File \"/home/runner/work/DNS_shop_autotests/DNS_shop_autotests/pages/main_page.py\", line 25, in get_computer_parts_link\n    return WebDriverWait(self.driver, self.wait_time).until(\n  File \"/opt/hostedtoolcache/Python/3.10.10/x64/lib/python3.10/site-packages/selenium/webdriver/support/wait.py\", line 95, in until\n    raise TimeoutException(message, screen, stacktrace)\n","steps":[],"attachments":[],"parameters":[],"stepsCount":0,"attachmentsCount":0,"shouldDisplayMessage":true,"hasContent":true}],"attachments":[],"parameters":[],"stepsCount":1,"attachmentsCount":0,"shouldDisplayMessage":true,"hasContent":true},"afterStages":[{"name":"driver::0","time":{"start":1679234710518,"stop":1679234710578,"duration":60},"status":"passed","steps":[],"attachments":[],"parameters":[],"stepsCount":0,"attachmentsCount":0,"shouldDisplayMessage":false,"hasContent":false}],"labels":[{"name":"tag","value":"flaky(reruns=2, reruns_delay=5)"},{"name":"suite","value":"test"},{"name":"host","value":"fv-az583-658"},{"name":"thread","value":"2411-MainThread"},{"name":"framework","value":"pytest"},{"name":"language","value":"cpython3"},{"name":"package","value":"test"},{"name":"resultFormat","value":"allure2"}],"parameters":[],"links":[],"hidden":false,"retry":false,"extra":{"severity":"normal","retries":[{"uid":"3ec1fdd0522b0181","status":"broken","statusDetails":"selenium.common.exceptions.TimeoutException: Message: \nStacktrace:\n#0 0x55f8efc7f243 <unknown>\n#1 0x55f8efa437a6 <unknown>\n#2 0x55f8efa8064d <unknown>\n#3 0x55f8efa80761 <unknown>\n#4 0x55f8efabbda4 <unknown>\n#5 0x55f8efaa10ad <unknown>\n#6 0x55f8efab9932 <unknown>\n#7 0x55f8efaa0e53 <unknown>\n#8 0x55f8efa739ea <unknown>\n#9 0x55f8efa74b2e <unknown>\n#10 0x55f8efcd3d5e <unknown>\n#11 0x55f8efcd7a80 <unknown>\n#12 0x55f8efcb98b0 <unknown>\n#13 0x55f8efcd8b63 <unknown>\n#14 0x55f8efcaaf75 <unknown>\n#15 0x55f8efcfb998 <unknown>\n#16 0x55f8efcfbb27 <unknown>\n#17 0x55f8efd16c23 <unknown>\n#18 0x7fecf6aefb43 <unknown>","time":{"start":1679234673495,"stop":1679234688753,"duration":15258}},{"uid":"755a12f6a7d1ef57","status":"broken","statusDetails":"selenium.common.exceptions.TimeoutException: Message: \nStacktrace:\n#0 0x564389ae0243 <unknown>\n#1 0x5643898a47a6 <unknown>\n#2 0x5643898e164d <unknown>\n#3 0x5643898e1761 <unknown>\n#4 0x56438991cda4 <unknown>\n#5 0x5643899020ad <unknown>\n#6 0x56438991a932 <unknown>\n#7 0x564389901e53 <unknown>\n#8 0x5643898d49ea <unknown>\n#9 0x5643898d5b2e <unknown>\n#10 0x564389b34d5e <unknown>\n#11 0x564389b38a80 <unknown>\n#12 0x564389b1a8b0 <unknown>\n#13 0x564389b39b63 <unknown>\n#14 0x564389b0bf75 <unknown>\n#15 0x564389b5c998 <unknown>\n#16 0x564389b5cb27 <unknown>\n#17 0x564389b77c23 <unknown>\n#18 0x7fda4e7d0b43 <unknown>","time":{"start":1679234651732,"stop":1679234666980,"duration":15248}}],"categories":[{"name":"Test defects","matchedStatuses":[],"flaky":false}],"tags":["flaky(reruns=2, reruns_delay=5)"]},"source":"b61b0b7dcd5fe1e1.json","parameterValues":[]}