{"uid":"c62b655c54e48d4c","name":"Тест 4","fullName":"test#test_4","historyId":"9abaa27db8124ee8eafd547a19590965","time":{"start":1679234816577,"stop":1679234847085,"duration":30508},"description":"Тест 4","descriptionHtml":"<p>Тест 4</p>\n","status":"broken","statusMessage":"selenium.common.exceptions.TimeoutException: Message: \nStacktrace:\n#0 0x55ad8741a243 <unknown>\n#1 0x55ad871de7a6 <unknown>\n#2 0x55ad8721b64d <unknown>\n#3 0x55ad8721b761 <unknown>\n#4 0x55ad87256da4 <unknown>\n#5 0x55ad8723c0ad <unknown>\n#6 0x55ad87254932 <unknown>\n#7 0x55ad8723be53 <unknown>\n#8 0x55ad8720e9ea <unknown>\n#9 0x55ad8720fb2e <unknown>\n#10 0x55ad8746ed5e <unknown>\n#11 0x55ad87472a80 <unknown>\n#12 0x55ad874548b0 <unknown>\n#13 0x55ad87473b63 <unknown>\n#14 0x55ad87445f75 <unknown>\n#15 0x55ad87496998 <unknown>\n#16 0x55ad87496b27 <unknown>\n#17 0x55ad874b1c23 <unknown>\n#18 0x7f0f630d0b43 <unknown>","statusTrace":"driver = <selenium.webdriver.chrome.webdriver.WebDriver (session=\"f93bad9faaa1ee50fe6193c15bbaeaf7\")>\n\n    @allure.title(\"Тест 4\")\n    @allure.description('Тест 4')\n    @pytest.mark.flaky(reruns=2, reruns_delay=5)\n    def test_4(driver):\n        # авторизация\n        mp = MainPage(driver)\n>       mp.log_in(login, password, main=True)\n\ntest.py:141: \n_ _ _ _ _ _ _ _ _ _ _ _ _ _ _ _ _ _ _ _ _ _ _ _ _ _ _ _ _ _ _ _ _ _ _ _ _ _ _ _ \npages/base_page.py:145: in log_in\n    action.move_to_element(self.get_button_login_header_main()).perform()\npages/base_page.py:40: in get_button_login_header_main\n    return WebDriverWait(self.driver, 30).until(\n_ _ _ _ _ _ _ _ _ _ _ _ _ _ _ _ _ _ _ _ _ _ _ _ _ _ _ _ _ _ _ _ _ _ _ _ _ _ _ _ \n\nself = <selenium.webdriver.support.wait.WebDriverWait (session=\"f93bad9faaa1ee50fe6193c15bbaeaf7\")>\nmethod = <function visibility_of_element_located.<locals>._predicate at 0x7f56e2eace50>\nmessage = ''\n\n    def until(self, method, message: str = \"\"):\n        \"\"\"Calls the method provided with the driver as an argument until the \\\n        return value does not evaluate to ``False``.\n    \n        :param method: callable(WebDriver)\n        :param message: optional message for :exc:`TimeoutException`\n        :returns: the result of the last call to `method`\n        :raises: :exc:`selenium.common.exceptions.TimeoutException` if timeout occurs\n        \"\"\"\n        screen = None\n        stacktrace = None\n    \n        end_time = time.monotonic() + self._timeout\n        while True:\n            try:\n                value = method(self._driver)\n                if value:\n                    return value\n            except self._ignored_exceptions as exc:\n                screen = getattr(exc, \"screen\", None)\n                stacktrace = getattr(exc, \"stacktrace\", None)\n            time.sleep(self._poll)\n            if time.monotonic() > end_time:\n                break\n>       raise TimeoutException(message, screen, stacktrace)\nE       selenium.common.exceptions.TimeoutException: Message: \nE       Stacktrace:\nE       #0 0x55ad8741a243 <unknown>\nE       #1 0x55ad871de7a6 <unknown>\nE       #2 0x55ad8721b64d <unknown>\nE       #3 0x55ad8721b761 <unknown>\nE       #4 0x55ad87256da4 <unknown>\nE       #5 0x55ad8723c0ad <unknown>\nE       #6 0x55ad87254932 <unknown>\nE       #7 0x55ad8723be53 <unknown>\nE       #8 0x55ad8720e9ea <unknown>\nE       #9 0x55ad8720fb2e <unknown>\nE       #10 0x55ad8746ed5e <unknown>\nE       #11 0x55ad87472a80 <unknown>\nE       #12 0x55ad874548b0 <unknown>\nE       #13 0x55ad87473b63 <unknown>\nE       #14 0x55ad87445f75 <unknown>\nE       #15 0x55ad87496998 <unknown>\nE       #16 0x55ad87496b27 <unknown>\nE       #17 0x55ad874b1c23 <unknown>\nE       #18 0x7f0f630d0b43 <unknown>\n\n/opt/hostedtoolcache/Python/3.10.10/x64/lib/python3.10/site-packages/selenium/webdriver/support/wait.py:95: TimeoutException","flaky":false,"newFailed":false,"newBroken":false,"newPassed":false,"retriesCount":0,"retriesStatusChange":false,"beforeStages":[{"name":"driver","time":{"start":1679234815146,"stop":1679234816576,"duration":1430},"status":"passed","steps":[],"attachments":[],"parameters":[],"stepsCount":0,"attachmentsCount":0,"shouldDisplayMessage":false,"hasContent":false}],"testStage":{"description":"Тест 4","status":"broken","statusMessage":"selenium.common.exceptions.TimeoutException: Message: \nStacktrace:\n#0 0x55ad8741a243 <unknown>\n#1 0x55ad871de7a6 <unknown>\n#2 0x55ad8721b64d <unknown>\n#3 0x55ad8721b761 <unknown>\n#4 0x55ad87256da4 <unknown>\n#5 0x55ad8723c0ad <unknown>\n#6 0x55ad87254932 <unknown>\n#7 0x55ad8723be53 <unknown>\n#8 0x55ad8720e9ea <unknown>\n#9 0x55ad8720fb2e <unknown>\n#10 0x55ad8746ed5e <unknown>\n#11 0x55ad87472a80 <unknown>\n#12 0x55ad874548b0 <unknown>\n#13 0x55ad87473b63 <unknown>\n#14 0x55ad87445f75 <unknown>\n#15 0x55ad87496998 <unknown>\n#16 0x55ad87496b27 <unknown>\n#17 0x55ad874b1c23 <unknown>\n#18 0x7f0f630d0b43 <unknown>","statusTrace":"driver = <selenium.webdriver.chrome.webdriver.WebDriver (session=\"f93bad9faaa1ee50fe6193c15bbaeaf7\")>\n\n    @allure.title(\"Тест 4\")\n    @allure.description('Тест 4')\n    @pytest.mark.flaky(reruns=2, reruns_delay=5)\n    def test_4(driver):\n        # авторизация\n        mp = MainPage(driver)\n>       mp.log_in(login, password, main=True)\n\ntest.py:141: \n_ _ _ _ _ _ _ _ _ _ _ _ _ _ _ _ _ _ _ _ _ _ _ _ _ _ _ _ _ _ _ _ _ _ _ _ _ _ _ _ \npages/base_page.py:145: in log_in\n    action.move_to_element(self.get_button_login_header_main()).perform()\npages/base_page.py:40: in get_button_login_header_main\n    return WebDriverWait(self.driver, 30).until(\n_ _ _ _ _ _ _ _ _ _ _ _ _ _ _ _ _ _ _ _ _ _ _ _ _ _ _ _ _ _ _ _ _ _ _ _ _ _ _ _ \n\nself = <selenium.webdriver.support.wait.WebDriverWait (session=\"f93bad9faaa1ee50fe6193c15bbaeaf7\")>\nmethod = <function visibility_of_element_located.<locals>._predicate at 0x7f56e2eace50>\nmessage = ''\n\n    def until(self, method, message: str = \"\"):\n        \"\"\"Calls the method provided with the driver as an argument until the \\\n        return value does not evaluate to ``False``.\n    \n        :param method: callable(WebDriver)\n        :param message: optional message for :exc:`TimeoutException`\n        :returns: the result of the last call to `method`\n        :raises: :exc:`selenium.common.exceptions.TimeoutException` if timeout occurs\n        \"\"\"\n        screen = None\n        stacktrace = None\n    \n        end_time = time.monotonic() + self._timeout\n        while True:\n            try:\n                value = method(self._driver)\n                if value:\n                    return value\n            except self._ignored_exceptions as exc:\n                screen = getattr(exc, \"screen\", None)\n                stacktrace = getattr(exc, \"stacktrace\", None)\n            time.sleep(self._poll)\n            if time.monotonic() > end_time:\n                break\n>       raise TimeoutException(message, screen, stacktrace)\nE       selenium.common.exceptions.TimeoutException: Message: \nE       Stacktrace:\nE       #0 0x55ad8741a243 <unknown>\nE       #1 0x55ad871de7a6 <unknown>\nE       #2 0x55ad8721b64d <unknown>\nE       #3 0x55ad8721b761 <unknown>\nE       #4 0x55ad87256da4 <unknown>\nE       #5 0x55ad8723c0ad <unknown>\nE       #6 0x55ad87254932 <unknown>\nE       #7 0x55ad8723be53 <unknown>\nE       #8 0x55ad8720e9ea <unknown>\nE       #9 0x55ad8720fb2e <unknown>\nE       #10 0x55ad8746ed5e <unknown>\nE       #11 0x55ad87472a80 <unknown>\nE       #12 0x55ad874548b0 <unknown>\nE       #13 0x55ad87473b63 <unknown>\nE       #14 0x55ad87445f75 <unknown>\nE       #15 0x55ad87496998 <unknown>\nE       #16 0x55ad87496b27 <unknown>\nE       #17 0x55ad874b1c23 <unknown>\nE       #18 0x7f0f630d0b43 <unknown>\n\n/opt/hostedtoolcache/Python/3.10.10/x64/lib/python3.10/site-packages/selenium/webdriver/support/wait.py:95: TimeoutException","steps":[{"name":"Авторизация","time":{"start":1679234816577,"stop":1679234847085,"duration":30508},"status":"broken","statusMessage":"selenium.common.exceptions.TimeoutException: Message: \nStacktrace:\n#0 0x55ad8741a243 <unknown>\n#1 0x55ad871de7a6 <unknown>\n#2 0x55ad8721b64d <unknown>\n#3 0x55ad8721b761 <unknown>\n#4 0x55ad87256da4 <unknown>\n#5 0x55ad8723c0ad <unknown>\n#6 0x55ad87254932 <unknown>\n#7 0x55ad8723be53 <unknown>\n#8 0x55ad8720e9ea <unknown>\n#9 0x55ad8720fb2e <unknown>\n#10 0x55ad8746ed5e <unknown>\n#11 0x55ad87472a80 <unknown>\n#12 0x55ad874548b0 <unknown>\n#13 0x55ad87473b63 <unknown>\n#14 0x55ad87445f75 <unknown>\n#15 0x55ad87496998 <unknown>\n#16 0x55ad87496b27 <unknown>\n#17 0x55ad874b1c23 <unknown>\n#18 0x7f0f630d0b43 <unknown>\n\n","statusTrace":"  File \"/home/runner/work/DNS_shop_autotests/DNS_shop_autotests/pages/base_page.py\", line 145, in log_in\n    action.move_to_element(self.get_button_login_header_main()).perform()\n  File \"/home/runner/work/DNS_shop_autotests/DNS_shop_autotests/pages/base_page.py\", line 40, in get_button_login_header_main\n    return WebDriverWait(self.driver, 30).until(\n  File \"/opt/hostedtoolcache/Python/3.10.10/x64/lib/python3.10/site-packages/selenium/webdriver/support/wait.py\", line 95, in until\n    raise TimeoutException(message, screen, stacktrace)\n","steps":[],"attachments":[],"parameters":[],"stepsCount":0,"attachmentsCount":0,"shouldDisplayMessage":true,"hasContent":true}],"attachments":[],"parameters":[],"stepsCount":1,"attachmentsCount":0,"shouldDisplayMessage":true,"hasContent":true},"afterStages":[{"name":"driver::0","time":{"start":1679234847096,"stop":1679234847152,"duration":56},"status":"passed","steps":[],"attachments":[],"parameters":[],"stepsCount":0,"attachmentsCount":0,"shouldDisplayMessage":false,"hasContent":false}],"labels":[{"name":"tag","value":"flaky(reruns=2, reruns_delay=5)"},{"name":"suite","value":"test"},{"name":"host","value":"fv-az583-658"},{"name":"thread","value":"2411-MainThread"},{"name":"framework","value":"pytest"},{"name":"language","value":"cpython3"},{"name":"package","value":"test"},{"name":"resultFormat","value":"allure2"}],"parameters":[],"links":[],"hidden":true,"retry":true,"extra":{"categories":[],"tags":["flaky(reruns=2, reruns_delay=5)"]},"source":"c62b655c54e48d4c.json","parameterValues":[]}