{"uid":"e04687db22023d48","name":"Тест 1","fullName":"test#test_1","historyId":"481c50c2a0ce3c4af0e5e11c30040d79","time":{"start":1679234619429,"stop":1679234649938,"duration":30509},"description":"Тест 1","descriptionHtml":"<p>Тест 1</p>\n","status":"broken","statusMessage":"selenium.common.exceptions.TimeoutException: Message: \nStacktrace:\n#0 0x55a0374c6243 <unknown>\n#1 0x55a03728a7a6 <unknown>\n#2 0x55a0372c764d <unknown>\n#3 0x55a0372c7761 <unknown>\n#4 0x55a037302da4 <unknown>\n#5 0x55a0372e80ad <unknown>\n#6 0x55a037300932 <unknown>\n#7 0x55a0372e7e53 <unknown>\n#8 0x55a0372ba9ea <unknown>\n#9 0x55a0372bbb2e <unknown>\n#10 0x55a03751ad5e <unknown>\n#11 0x55a03751ea80 <unknown>\n#12 0x55a0375008b0 <unknown>\n#13 0x55a03751fb63 <unknown>\n#14 0x55a0374f1f75 <unknown>\n#15 0x55a037542998 <unknown>\n#16 0x55a037542b27 <unknown>\n#17 0x55a03755dc23 <unknown>\n#18 0x7f778cbf3b43 <unknown>","statusTrace":"driver = <selenium.webdriver.chrome.webdriver.WebDriver (session=\"57a93b21b928edfea9d1ee56bc8615be\")>\n\n    @allure.title(\"Тест 1\")\n    @allure.description('Тест 1')\n    @pytest.mark.flaky(reruns=2, reruns_delay=5)\n    def test_1(driver):\n        # авторизация\n        mp = MainPage(driver)\n>       mp.log_in(login, password, main=True)\n\ntest.py:31: \n_ _ _ _ _ _ _ _ _ _ _ _ _ _ _ _ _ _ _ _ _ _ _ _ _ _ _ _ _ _ _ _ _ _ _ _ _ _ _ _ \npages/base_page.py:145: in log_in\n    action.move_to_element(self.get_button_login_header_main()).perform()\npages/base_page.py:40: in get_button_login_header_main\n    return WebDriverWait(self.driver, 30).until(\n_ _ _ _ _ _ _ _ _ _ _ _ _ _ _ _ _ _ _ _ _ _ _ _ _ _ _ _ _ _ _ _ _ _ _ _ _ _ _ _ \n\nself = <selenium.webdriver.support.wait.WebDriverWait (session=\"57a93b21b928edfea9d1ee56bc8615be\")>\nmethod = <function visibility_of_element_located.<locals>._predicate at 0x7f56e412ab90>\nmessage = ''\n\n    def until(self, method, message: str = \"\"):\n        \"\"\"Calls the method provided with the driver as an argument until the \\\n        return value does not evaluate to ``False``.\n    \n        :param method: callable(WebDriver)\n        :param message: optional message for :exc:`TimeoutException`\n        :returns: the result of the last call to `method`\n        :raises: :exc:`selenium.common.exceptions.TimeoutException` if timeout occurs\n        \"\"\"\n        screen = None\n        stacktrace = None\n    \n        end_time = time.monotonic() + self._timeout\n        while True:\n            try:\n                value = method(self._driver)\n                if value:\n                    return value\n            except self._ignored_exceptions as exc:\n                screen = getattr(exc, \"screen\", None)\n                stacktrace = getattr(exc, \"stacktrace\", None)\n            time.sleep(self._poll)\n            if time.monotonic() > end_time:\n                break\n>       raise TimeoutException(message, screen, stacktrace)\nE       selenium.common.exceptions.TimeoutException: Message: \nE       Stacktrace:\nE       #0 0x55a0374c6243 <unknown>\nE       #1 0x55a03728a7a6 <unknown>\nE       #2 0x55a0372c764d <unknown>\nE       #3 0x55a0372c7761 <unknown>\nE       #4 0x55a037302da4 <unknown>\nE       #5 0x55a0372e80ad <unknown>\nE       #6 0x55a037300932 <unknown>\nE       #7 0x55a0372e7e53 <unknown>\nE       #8 0x55a0372ba9ea <unknown>\nE       #9 0x55a0372bbb2e <unknown>\nE       #10 0x55a03751ad5e <unknown>\nE       #11 0x55a03751ea80 <unknown>\nE       #12 0x55a0375008b0 <unknown>\nE       #13 0x55a03751fb63 <unknown>\nE       #14 0x55a0374f1f75 <unknown>\nE       #15 0x55a037542998 <unknown>\nE       #16 0x55a037542b27 <unknown>\nE       #17 0x55a03755dc23 <unknown>\nE       #18 0x7f778cbf3b43 <unknown>\n\n/opt/hostedtoolcache/Python/3.10.10/x64/lib/python3.10/site-packages/selenium/webdriver/support/wait.py:95: TimeoutException","flaky":false,"newFailed":false,"newBroken":false,"newPassed":false,"retriesCount":2,"retriesStatusChange":false,"beforeStages":[{"name":"driver","time":{"start":1679234617991,"stop":1679234619429,"duration":1438},"status":"passed","steps":[],"attachments":[],"parameters":[],"stepsCount":0,"attachmentsCount":0,"shouldDisplayMessage":false,"hasContent":false}],"testStage":{"description":"Тест 1","status":"broken","statusMessage":"selenium.common.exceptions.TimeoutException: Message: \nStacktrace:\n#0 0x55a0374c6243 <unknown>\n#1 0x55a03728a7a6 <unknown>\n#2 0x55a0372c764d <unknown>\n#3 0x55a0372c7761 <unknown>\n#4 0x55a037302da4 <unknown>\n#5 0x55a0372e80ad <unknown>\n#6 0x55a037300932 <unknown>\n#7 0x55a0372e7e53 <unknown>\n#8 0x55a0372ba9ea <unknown>\n#9 0x55a0372bbb2e <unknown>\n#10 0x55a03751ad5e <unknown>\n#11 0x55a03751ea80 <unknown>\n#12 0x55a0375008b0 <unknown>\n#13 0x55a03751fb63 <unknown>\n#14 0x55a0374f1f75 <unknown>\n#15 0x55a037542998 <unknown>\n#16 0x55a037542b27 <unknown>\n#17 0x55a03755dc23 <unknown>\n#18 0x7f778cbf3b43 <unknown>","statusTrace":"driver = <selenium.webdriver.chrome.webdriver.WebDriver (session=\"57a93b21b928edfea9d1ee56bc8615be\")>\n\n    @allure.title(\"Тест 1\")\n    @allure.description('Тест 1')\n    @pytest.mark.flaky(reruns=2, reruns_delay=5)\n    def test_1(driver):\n        # авторизация\n        mp = MainPage(driver)\n>       mp.log_in(login, password, main=True)\n\ntest.py:31: \n_ _ _ _ _ _ _ _ _ _ _ _ _ _ _ _ _ _ _ _ _ _ _ _ _ _ _ _ _ _ _ _ _ _ _ _ _ _ _ _ \npages/base_page.py:145: in log_in\n    action.move_to_element(self.get_button_login_header_main()).perform()\npages/base_page.py:40: in get_button_login_header_main\n    return WebDriverWait(self.driver, 30).until(\n_ _ _ _ _ _ _ _ _ _ _ _ _ _ _ _ _ _ _ _ _ _ _ _ _ _ _ _ _ _ _ _ _ _ _ _ _ _ _ _ \n\nself = <selenium.webdriver.support.wait.WebDriverWait (session=\"57a93b21b928edfea9d1ee56bc8615be\")>\nmethod = <function visibility_of_element_located.<locals>._predicate at 0x7f56e412ab90>\nmessage = ''\n\n    def until(self, method, message: str = \"\"):\n        \"\"\"Calls the method provided with the driver as an argument until the \\\n        return value does not evaluate to ``False``.\n    \n        :param method: callable(WebDriver)\n        :param message: optional message for :exc:`TimeoutException`\n        :returns: the result of the last call to `method`\n        :raises: :exc:`selenium.common.exceptions.TimeoutException` if timeout occurs\n        \"\"\"\n        screen = None\n        stacktrace = None\n    \n        end_time = time.monotonic() + self._timeout\n        while True:\n            try:\n                value = method(self._driver)\n                if value:\n                    return value\n            except self._ignored_exceptions as exc:\n                screen = getattr(exc, \"screen\", None)\n                stacktrace = getattr(exc, \"stacktrace\", None)\n            time.sleep(self._poll)\n            if time.monotonic() > end_time:\n                break\n>       raise TimeoutException(message, screen, stacktrace)\nE       selenium.common.exceptions.TimeoutException: Message: \nE       Stacktrace:\nE       #0 0x55a0374c6243 <unknown>\nE       #1 0x55a03728a7a6 <unknown>\nE       #2 0x55a0372c764d <unknown>\nE       #3 0x55a0372c7761 <unknown>\nE       #4 0x55a037302da4 <unknown>\nE       #5 0x55a0372e80ad <unknown>\nE       #6 0x55a037300932 <unknown>\nE       #7 0x55a0372e7e53 <unknown>\nE       #8 0x55a0372ba9ea <unknown>\nE       #9 0x55a0372bbb2e <unknown>\nE       #10 0x55a03751ad5e <unknown>\nE       #11 0x55a03751ea80 <unknown>\nE       #12 0x55a0375008b0 <unknown>\nE       #13 0x55a03751fb63 <unknown>\nE       #14 0x55a0374f1f75 <unknown>\nE       #15 0x55a037542998 <unknown>\nE       #16 0x55a037542b27 <unknown>\nE       #17 0x55a03755dc23 <unknown>\nE       #18 0x7f778cbf3b43 <unknown>\n\n/opt/hostedtoolcache/Python/3.10.10/x64/lib/python3.10/site-packages/selenium/webdriver/support/wait.py:95: TimeoutException","steps":[{"name":"Авторизация","time":{"start":1679234619430,"stop":1679234649938,"duration":30508},"status":"broken","statusMessage":"selenium.common.exceptions.TimeoutException: Message: \nStacktrace:\n#0 0x55a0374c6243 <unknown>\n#1 0x55a03728a7a6 <unknown>\n#2 0x55a0372c764d <unknown>\n#3 0x55a0372c7761 <unknown>\n#4 0x55a037302da4 <unknown>\n#5 0x55a0372e80ad <unknown>\n#6 0x55a037300932 <unknown>\n#7 0x55a0372e7e53 <unknown>\n#8 0x55a0372ba9ea <unknown>\n#9 0x55a0372bbb2e <unknown>\n#10 0x55a03751ad5e <unknown>\n#11 0x55a03751ea80 <unknown>\n#12 0x55a0375008b0 <unknown>\n#13 0x55a03751fb63 <unknown>\n#14 0x55a0374f1f75 <unknown>\n#15 0x55a037542998 <unknown>\n#16 0x55a037542b27 <unknown>\n#17 0x55a03755dc23 <unknown>\n#18 0x7f778cbf3b43 <unknown>\n\n","statusTrace":"  File \"/home/runner/work/DNS_shop_autotests/DNS_shop_autotests/pages/base_page.py\", line 145, in log_in\n    action.move_to_element(self.get_button_login_header_main()).perform()\n  File \"/home/runner/work/DNS_shop_autotests/DNS_shop_autotests/pages/base_page.py\", line 40, in get_button_login_header_main\n    return WebDriverWait(self.driver, 30).until(\n  File \"/opt/hostedtoolcache/Python/3.10.10/x64/lib/python3.10/site-packages/selenium/webdriver/support/wait.py\", line 95, in until\n    raise TimeoutException(message, screen, stacktrace)\n","steps":[],"attachments":[],"parameters":[],"stepsCount":0,"attachmentsCount":0,"shouldDisplayMessage":true,"hasContent":true}],"attachments":[{"uid":"a6713ec3cdfadd1a","name":"stderr","source":"a6713ec3cdfadd1a.txt","type":"text/plain","size":160}],"parameters":[],"stepsCount":1,"attachmentsCount":1,"shouldDisplayMessage":true,"hasContent":true},"afterStages":[{"name":"driver::0","time":{"start":1679234649950,"stop":1679234650005,"duration":55},"status":"passed","steps":[],"attachments":[],"parameters":[],"stepsCount":0,"attachmentsCount":0,"shouldDisplayMessage":false,"hasContent":false}],"labels":[{"name":"tag","value":"flaky(reruns=2, reruns_delay=5)"},{"name":"suite","value":"test"},{"name":"host","value":"fv-az583-658"},{"name":"thread","value":"2411-MainThread"},{"name":"framework","value":"pytest"},{"name":"language","value":"cpython3"},{"name":"package","value":"test"},{"name":"resultFormat","value":"allure2"}],"parameters":[],"links":[],"hidden":false,"retry":false,"extra":{"severity":"normal","retries":[{"uid":"8a238881314ec309","status":"broken","statusDetails":"selenium.common.exceptions.TimeoutException: Message: \nStacktrace:\n#0 0x563d2763c243 <unknown>\n#1 0x563d274007a6 <unknown>\n#2 0x563d2743d64d <unknown>\n#3 0x563d2743d761 <unknown>\n#4 0x563d27478da4 <unknown>\n#5 0x563d2745e0ad <unknown>\n#6 0x563d27476932 <unknown>\n#7 0x563d2745de53 <unknown>\n#8 0x563d274309ea <unknown>\n#9 0x563d27431b2e <unknown>\n#10 0x563d27690d5e <unknown>\n#11 0x563d27694a80 <unknown>\n#12 0x563d276768b0 <unknown>\n#13 0x563d27695b63 <unknown>\n#14 0x563d27667f75 <unknown>\n#15 0x563d276b8998 <unknown>\n#16 0x563d276b8b27 <unknown>\n#17 0x563d276d3c23 <unknown>\n#18 0x7fefa6566b43 <unknown>","time":{"start":1679234582408,"stop":1679234612916,"duration":30508}},{"uid":"bac09ccd7d859795","status":"broken","statusDetails":"selenium.common.exceptions.TimeoutException: Message: \nStacktrace:\n#0 0x55fcbc926243 <unknown>\n#1 0x55fcbc6ea7a6 <unknown>\n#2 0x55fcbc72764d <unknown>\n#3 0x55fcbc727761 <unknown>\n#4 0x55fcbc762da4 <unknown>\n#5 0x55fcbc7480ad <unknown>\n#6 0x55fcbc760932 <unknown>\n#7 0x55fcbc747e53 <unknown>\n#8 0x55fcbc71a9ea <unknown>\n#9 0x55fcbc71bb2e <unknown>\n#10 0x55fcbc97ad5e <unknown>\n#11 0x55fcbc97ea80 <unknown>\n#12 0x55fcbc9608b0 <unknown>\n#13 0x55fcbc97fb63 <unknown>\n#14 0x55fcbc951f75 <unknown>\n#15 0x55fcbc9a2998 <unknown>\n#16 0x55fcbc9a2b27 <unknown>\n#17 0x55fcbc9bdc23 <unknown>\n#18 0x7f23aa072b43 <unknown>","time":{"start":1679234545822,"stop":1679234575869,"duration":30047}}],"categories":[{"name":"Test defects","matchedStatuses":[],"flaky":false}],"tags":["flaky(reruns=2, reruns_delay=5)"]},"source":"e04687db22023d48.json","parameterValues":[]}