{"uid":"1ce935f95ad6f644","name":"Тест 2","fullName":"test#test_2","historyId":"1c850b33d69e6873347bfffed97fc0d5","time":{"start":1680473462250,"stop":1680473525613,"duration":63363},"description":"Тест 2","descriptionHtml":"<p>Тест 2</p>\n","status":"broken","statusMessage":"selenium.common.exceptions.TimeoutException: Message: \nStacktrace:\n#0 0x55a69c634243 <unknown>\n#1 0x55a69c3f87a6 <unknown>\n#2 0x55a69c43564d <unknown>\n#3 0x55a69c435761 <unknown>\n#4 0x55a69c470da4 <unknown>\n#5 0x55a69c4560ad <unknown>\n#6 0x55a69c46e932 <unknown>\n#7 0x55a69c455e53 <unknown>\n#8 0x55a69c4289ea <unknown>\n#9 0x55a69c429b2e <unknown>\n#10 0x55a69c688d5e <unknown>\n#11 0x55a69c68ca80 <unknown>\n#12 0x55a69c66e8b0 <unknown>\n#13 0x55a69c68db63 <unknown>\n#14 0x55a69c65ff75 <unknown>\n#15 0x55a69c6b0998 <unknown>\n#16 0x55a69c6b0b27 <unknown>\n#17 0x55a69c6cbc23 <unknown>\n#18 0x7f952b2c6b43 <unknown>","statusTrace":"driver = <selenium.webdriver.chrome.webdriver.WebDriver (session=\"6832e7ccbda0b5a1364a1498e6006c25\")>\n\n    @allure.title(\"Тест 2\")\n    @allure.description('Тест 2')\n    @pytest.mark.flaky(reruns=2, reruns_delay=5)\n    def test_2(driver):\n        mp = MainPage(driver)\n    \n        # переход на страницу с товарами\n        mp.go_to_cpus()\n        catalog = CatalogPage(driver)\n    \n        # фильтрация товаров по параметрам\n        catalog.set_stock()\n        catalog.set_price(*price)\n        catalog.set_brand(*brand)\n        catalog.set_cores(*cores)\n        catalog.set_internal_graphics(*internal_graphics)\n        catalog.set_ram(*ram)\n        catalog.click_button_submit()\n    \n        # сравнение атрибутов товара в каталоге и в корзине\n        catalog = CatalogPage(driver)\n        catalog.get_product_info_and_check_catalog_cart()\n    \n        # заполнение данных на странице оформления заказа.\n        # на этой странице происходит авторизация. в конце проверка на неправильный код из смс\n        cart = CartPage(driver)\n        cart.click_button_checkout()\n        checkout = CheckoutPage(driver)\n        mp.log_in(login, password, checkout=True)\n>       checkout.input_data_and_code(telephone_number_checkout, login, sms_code_checkout)\n\ntest.py:90: \n_ _ _ _ _ _ _ _ _ _ _ _ _ _ _ _ _ _ _ _ _ _ _ _ _ _ _ _ _ _ _ _ _ _ _ _ _ _ _ _ \npages/checkout_page.py:131: in input_data_and_code\n    self.input_sms_code(sms_code_checkout)\npages/checkout_page.py:92: in input_sms_code\n    action.click(self.get_field_sms_code()).send_keys(sms_code).perform()\npages/checkout_page.py:47: in get_field_sms_code\n    return WebDriverWait(self.driver, 30).until(\n_ _ _ _ _ _ _ _ _ _ _ _ _ _ _ _ _ _ _ _ _ _ _ _ _ _ _ _ _ _ _ _ _ _ _ _ _ _ _ _ \n\nself = <selenium.webdriver.support.wait.WebDriverWait (session=\"6832e7ccbda0b5a1364a1498e6006c25\")>\nmethod = <function element_to_be_clickable.<locals>._predicate at 0x7f5f941399d0>\nmessage = ''\n\n    def until(self, method, message: str = \"\"):\n        \"\"\"Calls the method provided with the driver as an argument until the \\\n        return value does not evaluate to ``False``.\n    \n        :param method: callable(WebDriver)\n        :param message: optional message for :exc:`TimeoutException`\n        :returns: the result of the last call to `method`\n        :raises: :exc:`selenium.common.exceptions.TimeoutException` if timeout occurs\n        \"\"\"\n        screen = None\n        stacktrace = None\n    \n        end_time = time.monotonic() + self._timeout\n        while True:\n            try:\n                value = method(self._driver)\n                if value:\n                    return value\n            except self._ignored_exceptions as exc:\n                screen = getattr(exc, \"screen\", None)\n                stacktrace = getattr(exc, \"stacktrace\", None)\n            time.sleep(self._poll)\n            if time.monotonic() > end_time:\n                break\n>       raise TimeoutException(message, screen, stacktrace)\nE       selenium.common.exceptions.TimeoutException: Message: \nE       Stacktrace:\nE       #0 0x55a69c634243 <unknown>\nE       #1 0x55a69c3f87a6 <unknown>\nE       #2 0x55a69c43564d <unknown>\nE       #3 0x55a69c435761 <unknown>\nE       #4 0x55a69c470da4 <unknown>\nE       #5 0x55a69c4560ad <unknown>\nE       #6 0x55a69c46e932 <unknown>\nE       #7 0x55a69c455e53 <unknown>\nE       #8 0x55a69c4289ea <unknown>\nE       #9 0x55a69c429b2e <unknown>\nE       #10 0x55a69c688d5e <unknown>\nE       #11 0x55a69c68ca80 <unknown>\nE       #12 0x55a69c66e8b0 <unknown>\nE       #13 0x55a69c68db63 <unknown>\nE       #14 0x55a69c65ff75 <unknown>\nE       #15 0x55a69c6b0998 <unknown>\nE       #16 0x55a69c6b0b27 <unknown>\nE       #17 0x55a69c6cbc23 <unknown>\nE       #18 0x7f952b2c6b43 <unknown>\n\n/opt/hostedtoolcache/Python/3.8.16/x64/lib/python3.8/site-packages/selenium/webdriver/support/wait.py:95: TimeoutException","flaky":false,"newFailed":false,"newBroken":true,"newPassed":false,"retriesCount":2,"retriesStatusChange":false,"beforeStages":[{"name":"driver","time":{"start":1680473460406,"stop":1680473462249,"duration":1843},"status":"passed","steps":[],"attachments":[],"parameters":[],"stepsCount":0,"attachmentsCount":0,"shouldDisplayMessage":false,"hasContent":false}],"testStage":{"description":"Тест 2","status":"broken","statusMessage":"selenium.common.exceptions.TimeoutException: Message: \nStacktrace:\n#0 0x55a69c634243 <unknown>\n#1 0x55a69c3f87a6 <unknown>\n#2 0x55a69c43564d <unknown>\n#3 0x55a69c435761 <unknown>\n#4 0x55a69c470da4 <unknown>\n#5 0x55a69c4560ad <unknown>\n#6 0x55a69c46e932 <unknown>\n#7 0x55a69c455e53 <unknown>\n#8 0x55a69c4289ea <unknown>\n#9 0x55a69c429b2e <unknown>\n#10 0x55a69c688d5e <unknown>\n#11 0x55a69c68ca80 <unknown>\n#12 0x55a69c66e8b0 <unknown>\n#13 0x55a69c68db63 <unknown>\n#14 0x55a69c65ff75 <unknown>\n#15 0x55a69c6b0998 <unknown>\n#16 0x55a69c6b0b27 <unknown>\n#17 0x55a69c6cbc23 <unknown>\n#18 0x7f952b2c6b43 <unknown>","statusTrace":"driver = <selenium.webdriver.chrome.webdriver.WebDriver (session=\"6832e7ccbda0b5a1364a1498e6006c25\")>\n\n    @allure.title(\"Тест 2\")\n    @allure.description('Тест 2')\n    @pytest.mark.flaky(reruns=2, reruns_delay=5)\n    def test_2(driver):\n        mp = MainPage(driver)\n    \n        # переход на страницу с товарами\n        mp.go_to_cpus()\n        catalog = CatalogPage(driver)\n    \n        # фильтрация товаров по параметрам\n        catalog.set_stock()\n        catalog.set_price(*price)\n        catalog.set_brand(*brand)\n        catalog.set_cores(*cores)\n        catalog.set_internal_graphics(*internal_graphics)\n        catalog.set_ram(*ram)\n        catalog.click_button_submit()\n    \n        # сравнение атрибутов товара в каталоге и в корзине\n        catalog = CatalogPage(driver)\n        catalog.get_product_info_and_check_catalog_cart()\n    \n        # заполнение данных на странице оформления заказа.\n        # на этой странице происходит авторизация. в конце проверка на неправильный код из смс\n        cart = CartPage(driver)\n        cart.click_button_checkout()\n        checkout = CheckoutPage(driver)\n        mp.log_in(login, password, checkout=True)\n>       checkout.input_data_and_code(telephone_number_checkout, login, sms_code_checkout)\n\ntest.py:90: \n_ _ _ _ _ _ _ _ _ _ _ _ _ _ _ _ _ _ _ _ _ _ _ _ _ _ _ _ _ _ _ _ _ _ _ _ _ _ _ _ \npages/checkout_page.py:131: in input_data_and_code\n    self.input_sms_code(sms_code_checkout)\npages/checkout_page.py:92: in input_sms_code\n    action.click(self.get_field_sms_code()).send_keys(sms_code).perform()\npages/checkout_page.py:47: in get_field_sms_code\n    return WebDriverWait(self.driver, 30).until(\n_ _ _ _ _ _ _ _ _ _ _ _ _ _ _ _ _ _ _ _ _ _ _ _ _ _ _ _ _ _ _ _ _ _ _ _ _ _ _ _ \n\nself = <selenium.webdriver.support.wait.WebDriverWait (session=\"6832e7ccbda0b5a1364a1498e6006c25\")>\nmethod = <function element_to_be_clickable.<locals>._predicate at 0x7f5f941399d0>\nmessage = ''\n\n    def until(self, method, message: str = \"\"):\n        \"\"\"Calls the method provided with the driver as an argument until the \\\n        return value does not evaluate to ``False``.\n    \n        :param method: callable(WebDriver)\n        :param message: optional message for :exc:`TimeoutException`\n        :returns: the result of the last call to `method`\n        :raises: :exc:`selenium.common.exceptions.TimeoutException` if timeout occurs\n        \"\"\"\n        screen = None\n        stacktrace = None\n    \n        end_time = time.monotonic() + self._timeout\n        while True:\n            try:\n                value = method(self._driver)\n                if value:\n                    return value\n            except self._ignored_exceptions as exc:\n                screen = getattr(exc, \"screen\", None)\n                stacktrace = getattr(exc, \"stacktrace\", None)\n            time.sleep(self._poll)\n            if time.monotonic() > end_time:\n                break\n>       raise TimeoutException(message, screen, stacktrace)\nE       selenium.common.exceptions.TimeoutException: Message: \nE       Stacktrace:\nE       #0 0x55a69c634243 <unknown>\nE       #1 0x55a69c3f87a6 <unknown>\nE       #2 0x55a69c43564d <unknown>\nE       #3 0x55a69c435761 <unknown>\nE       #4 0x55a69c470da4 <unknown>\nE       #5 0x55a69c4560ad <unknown>\nE       #6 0x55a69c46e932 <unknown>\nE       #7 0x55a69c455e53 <unknown>\nE       #8 0x55a69c4289ea <unknown>\nE       #9 0x55a69c429b2e <unknown>\nE       #10 0x55a69c688d5e <unknown>\nE       #11 0x55a69c68ca80 <unknown>\nE       #12 0x55a69c66e8b0 <unknown>\nE       #13 0x55a69c68db63 <unknown>\nE       #14 0x55a69c65ff75 <unknown>\nE       #15 0x55a69c6b0998 <unknown>\nE       #16 0x55a69c6b0b27 <unknown>\nE       #17 0x55a69c6cbc23 <unknown>\nE       #18 0x7f952b2c6b43 <unknown>\n\n/opt/hostedtoolcache/Python/3.8.16/x64/lib/python3.8/site-packages/selenium/webdriver/support/wait.py:95: TimeoutException","steps":[{"name":"Переход к странице с процессорами","time":{"start":1680473462250,"stop":1680473469173,"duration":6923},"status":"passed","steps":[],"attachments":[],"parameters":[],"stepsCount":0,"attachmentsCount":0,"shouldDisplayMessage":false,"hasContent":false},{"name":"Применение фильтров","time":{"start":1680473475647,"stop":1680473478292,"duration":2645},"status":"passed","steps":[],"attachments":[],"parameters":[],"stepsCount":0,"attachmentsCount":0,"shouldDisplayMessage":false,"hasContent":false},{"name":"Проверка названия, цены и ссылки товара","time":{"start":1680473478292,"stop":1680473485420,"duration":7128},"status":"passed","steps":[{"name":"Переход в корзину","time":{"start":1680473481048,"stop":1680473485306,"duration":4258},"status":"passed","steps":[],"attachments":[],"parameters":[],"stepsCount":0,"attachmentsCount":0,"shouldDisplayMessage":false,"hasContent":false}],"attachments":[],"parameters":[],"stepsCount":1,"attachmentsCount":0,"shouldDisplayMessage":false,"hasContent":true},{"name":"Переход на страницу оформления заказа","time":{"start":1680473485420,"stop":1680473487548,"duration":2128},"status":"passed","steps":[],"attachments":[],"parameters":[],"stepsCount":0,"attachmentsCount":0,"shouldDisplayMessage":false,"hasContent":false},{"name":"Авторизация","time":{"start":1680473487548,"stop":1680473492152,"duration":4604},"status":"passed","steps":[],"attachments":[],"parameters":[],"stepsCount":0,"attachmentsCount":0,"shouldDisplayMessage":false,"hasContent":false},{"name":"Оформление заказа","time":{"start":1680473492152,"stop":1680473525612,"duration":33460},"status":"broken","statusMessage":"selenium.common.exceptions.TimeoutException: Message: \nStacktrace:\n#0 0x55a69c634243 <unknown>\n#1 0x55a69c3f87a6 <unknown>\n#2 0x55a69c43564d <unknown>\n#3 0x55a69c435761 <unknown>\n#4 0x55a69c470da4 <unknown>\n#5 0x55a69c4560ad <unknown>\n#6 0x55a69c46e932 <unknown>\n#7 0x55a69c455e53 <unknown>\n#8 0x55a69c4289ea <unknown>\n#9 0x55a69c429b2e <unknown>\n#10 0x55a69c688d5e <unknown>\n#11 0x55a69c68ca80 <unknown>\n#12 0x55a69c66e8b0 <unknown>\n#13 0x55a69c68db63 <unknown>\n#14 0x55a69c65ff75 <unknown>\n#15 0x55a69c6b0998 <unknown>\n#16 0x55a69c6b0b27 <unknown>\n#17 0x55a69c6cbc23 <unknown>\n#18 0x7f952b2c6b43 <unknown>\n\n","statusTrace":"  File \"/home/runner/work/DNS_shop_autotests/DNS_shop_autotests/pages/checkout_page.py\", line 131, in input_data_and_code\n    self.input_sms_code(sms_code_checkout)\n  File \"/home/runner/work/DNS_shop_autotests/DNS_shop_autotests/pages/checkout_page.py\", line 92, in input_sms_code\n    action.click(self.get_field_sms_code()).send_keys(sms_code).perform()\n  File \"/home/runner/work/DNS_shop_autotests/DNS_shop_autotests/pages/checkout_page.py\", line 47, in get_field_sms_code\n    return WebDriverWait(self.driver, 30).until(\n  File \"/opt/hostedtoolcache/Python/3.8.16/x64/lib/python3.8/site-packages/selenium/webdriver/support/wait.py\", line 95, in until\n    raise TimeoutException(message, screen, stacktrace)\n","steps":[],"attachments":[],"parameters":[],"stepsCount":0,"attachmentsCount":0,"shouldDisplayMessage":true,"hasContent":true}],"attachments":[{"uid":"92a01e0c68ec5e30","name":"stdout","source":"92a01e0c68ec5e30.txt","type":"text/plain","size":180}],"parameters":[],"stepsCount":7,"attachmentsCount":1,"shouldDisplayMessage":true,"hasContent":true},"afterStages":[{"name":"driver::0","time":{"start":1680473525632,"stop":1680473525704,"duration":72},"status":"passed","steps":[],"attachments":[],"parameters":[],"stepsCount":0,"attachmentsCount":0,"shouldDisplayMessage":false,"hasContent":false}],"labels":[{"name":"tag","value":"flaky(reruns=2, reruns_delay=5)"},{"name":"suite","value":"test"},{"name":"host","value":"fv-az337-96"},{"name":"thread","value":"2372-MainThread"},{"name":"framework","value":"pytest"},{"name":"language","value":"cpython3"},{"name":"package","value":"test"},{"name":"resultFormat","value":"allure2"}],"parameters":[],"links":[],"hidden":false,"retry":false,"extra":{"severity":"normal","retries":[{"uid":"3856e7c51e50f53f","status":"broken","statusDetails":"selenium.common.exceptions.TimeoutException: Message: \nStacktrace:\n#0 0x55ca2be87243 <unknown>\n#1 0x55ca2bc4b7a6 <unknown>\n#2 0x55ca2bc8864d <unknown>\n#3 0x55ca2bc88761 <unknown>\n#4 0x55ca2bcc3da4 <unknown>\n#5 0x55ca2bca90ad <unknown>\n#6 0x55ca2bcc1932 <unknown>\n#7 0x55ca2bca8e53 <unknown>\n#8 0x55ca2bc7b9ea <unknown>\n#9 0x55ca2bc7cb2e <unknown>\n#10 0x55ca2bedbd5e <unknown>\n#11 0x55ca2bedfa80 <unknown>\n#12 0x55ca2bec18b0 <unknown>\n#13 0x55ca2bee0b63 <unknown>\n#14 0x55ca2beb2f75 <unknown>\n#15 0x55ca2bf03998 <unknown>\n#16 0x55ca2bf03b27 <unknown>\n#17 0x55ca2bf1ec23 <unknown>\n#18 0x7fc0b69cbb43 <unknown>","time":{"start":1680473389547,"stop":1680473455308,"duration":65761}},{"uid":"7183b2e2427260ec","status":"broken","statusDetails":"selenium.common.exceptions.TimeoutException: Message: \nStacktrace:\n#0 0x55adae95c243 <unknown>\n#1 0x55adae7207a6 <unknown>\n#2 0x55adae75d64d <unknown>\n#3 0x55adae75d761 <unknown>\n#4 0x55adae798da4 <unknown>\n#5 0x55adae77e0ad <unknown>\n#6 0x55adae796932 <unknown>\n#7 0x55adae77de53 <unknown>\n#8 0x55adae7509ea <unknown>\n#9 0x55adae751b2e <unknown>\n#10 0x55adae9b0d5e <unknown>\n#11 0x55adae9b4a80 <unknown>\n#12 0x55adae9968b0 <unknown>\n#13 0x55adae9b5b63 <unknown>\n#14 0x55adae987f75 <unknown>\n#15 0x55adae9d8998 <unknown>\n#16 0x55adae9d8b27 <unknown>\n#17 0x55adae9f3c23 <unknown>\n#18 0x7ffa9a358b43 <unknown>","time":{"start":1680473314250,"stop":1680473382573,"duration":68323}}],"categories":[{"name":"Test defects","matchedStatuses":[],"flaky":false}],"history":{"statistic":{"failed":0,"broken":5,"skipped":0,"passed":2,"unknown":0,"total":7},"items":[{"uid":"9405fd814dac7342","reportUrl":"https://Codeels.github.io/DNS_shop_autotests/3//#testresult/9405fd814dac7342","status":"passed","time":{"start":1679257516807,"stop":1679257561859,"duration":45052}},{"uid":"63b12626632f5e54","reportUrl":"https://Codeels.github.io/DNS_shop_autotests/43//#testresult/63b12626632f5e54","status":"passed","time":{"start":1679257428069,"stop":1679257469148,"duration":41079}},{"uid":"dbc50d05b0825c9b","reportUrl":"https://Codeels.github.io/DNS_shop_autotests/30//#testresult/dbc50d05b0825c9b","status":"broken","statusDetails":"selenium.common.exceptions.WebDriverException: Message: unknown error: Chrome failed to start: exited abnormally.\n  (unknown error: DevToolsActivePort file doesn't exist)\n  (The process started from chrome location /usr/bin/google-chrome is no longer running, so ChromeDriver is assuming that Chrome has crashed.)\nStacktrace:\n#0 0x55e99d1aa243 <unknown>\n#1 0x55e99cf6e7a6 <unknown>\n#2 0x55e99cf97520 <unknown>\n#3 0x55e99cf9349b <unknown>\n#4 0x55e99cfd52a7 <unknown>\n#5 0x55e99cfd48cf <unknown>\n#6 0x55e99cfcbe53 <unknown>\n#7 0x55e99cf9e9ea <unknown>\n#8 0x55e99cf9fb2e <unknown>\n#9 0x55e99d1fed5e <unknown>\n#10 0x55e99d202a80 <unknown>\n#11 0x55e99d1e48b0 <unknown>\n#12 0x55e99d203b63 <unknown>\n#13 0x55e99d1d5f75 <unknown>\n#14 0x55e99d226998 <unknown>\n#15 0x55e99d226b27 <unknown>\n#16 0x55e99d241c23 <unknown>\n#17 0x7ff0fd8e1b43 <unknown>","time":{"start":1679244570798,"stop":1679244570798,"duration":0}},{"uid":"6ee4eb64464b82ca","reportUrl":"https://Codeels.github.io/DNS_shop_autotests/28//#testresult/6ee4eb64464b82ca","status":"broken","statusDetails":"selenium.common.exceptions.WebDriverException: Message: unknown error: Chrome failed to start: exited abnormally.\n  (unknown error: DevToolsActivePort file doesn't exist)\n  (The process started from chrome location /usr/bin/google-chrome is no longer running, so ChromeDriver is assuming that Chrome has crashed.)\nStacktrace:\n#0 0x55fb4774a243 <unknown>\n#1 0x55fb4750e7a6 <unknown>\n#2 0x55fb47537520 <unknown>\n#3 0x55fb4753349b <unknown>\n#4 0x55fb475752a7 <unknown>\n#5 0x55fb475748cf <unknown>\n#6 0x55fb4756be53 <unknown>\n#7 0x55fb4753e9ea <unknown>\n#8 0x55fb4753fb2e <unknown>\n#9 0x55fb4779ed5e <unknown>\n#10 0x55fb477a2a80 <unknown>\n#11 0x55fb477848b0 <unknown>\n#12 0x55fb477a3b63 <unknown>\n#13 0x55fb47775f75 <unknown>\n#14 0x55fb477c6998 <unknown>\n#15 0x55fb477c6b27 <unknown>\n#16 0x55fb477e1c23 <unknown>\n#17 0x7f56ba032b43 <unknown>","time":{"start":1679244116095,"stop":1679244116095,"duration":0}},{"uid":"3c4cb43bc9a9095d","reportUrl":"https://Codeels.github.io/DNS_shop_autotests/27//#testresult/3c4cb43bc9a9095d","status":"broken","statusDetails":"selenium.common.exceptions.WebDriverException: Message: unknown error: Chrome failed to start: exited abnormally.\n  (unknown error: DevToolsActivePort file doesn't exist)\n  (The process started from chrome location /usr/bin/google-chrome is no longer running, so ChromeDriver is assuming that Chrome has crashed.)\nStacktrace:\n#0 0x55865f447243 <unknown>\n#1 0x55865f20b7a6 <unknown>\n#2 0x55865f234520 <unknown>\n#3 0x55865f23049b <unknown>\n#4 0x55865f2722a7 <unknown>\n#5 0x55865f2718cf <unknown>\n#6 0x55865f268e53 <unknown>\n#7 0x55865f23b9ea <unknown>\n#8 0x55865f23cb2e <unknown>\n#9 0x55865f49bd5e <unknown>\n#10 0x55865f49fa80 <unknown>\n#11 0x55865f4818b0 <unknown>\n#12 0x55865f4a0b63 <unknown>\n#13 0x55865f472f75 <unknown>\n#14 0x55865f4c3998 <unknown>\n#15 0x55865f4c3b27 <unknown>\n#16 0x55865f4dec23 <unknown>\n#17 0x7ff268606b43 <unknown>","time":{"start":1679243721070,"stop":1679243721070,"duration":0}},{"uid":"b61b0b7dcd5fe1e1","reportUrl":"https://Codeels.github.io/DNS_shop_autotests/7//#testresult/b61b0b7dcd5fe1e1","status":"broken","statusDetails":"selenium.common.exceptions.TimeoutException: Message: \nStacktrace:\n#0 0x557b365bf243 <unknown>\n#1 0x557b363837a6 <unknown>\n#2 0x557b363c064d <unknown>\n#3 0x557b363c0761 <unknown>\n#4 0x557b363fbda4 <unknown>\n#5 0x557b363e10ad <unknown>\n#6 0x557b363f9932 <unknown>\n#7 0x557b363e0e53 <unknown>\n#8 0x557b363b39ea <unknown>\n#9 0x557b363b4b2e <unknown>\n#10 0x557b36613d5e <unknown>\n#11 0x557b36617a80 <unknown>\n#12 0x557b365f98b0 <unknown>\n#13 0x557b36618b63 <unknown>\n#14 0x557b365eaf75 <unknown>\n#15 0x557b3663b998 <unknown>\n#16 0x557b3663bb27 <unknown>\n#17 0x557b36656c23 <unknown>\n#18 0x7f66919a4b43 <unknown>","time":{"start":1679234695253,"stop":1679234710510,"duration":15257}}]},"tags":["flaky(reruns=2, reruns_delay=5)"]},"source":"1ce935f95ad6f644.json","parameterValues":[]}