{"uid":"bc8db2ee9bb3b04a","name":"Тест 3","fullName":"test#test_3","historyId":"1f79a7926d2bb1598ac0f050be41a1b4","time":{"start":1680473589753,"stop":1680473673327,"duration":83574},"description":"Тест 3","descriptionHtml":"<p>Тест 3</p>\n","status":"broken","statusMessage":"selenium.common.exceptions.TimeoutException: Message: \nStacktrace:\n#0 0x55a967392243 <unknown>\n#1 0x55a9671567a6 <unknown>\n#2 0x55a96719364d <unknown>\n#3 0x55a967193761 <unknown>\n#4 0x55a9671ceda4 <unknown>\n#5 0x55a9671b40ad <unknown>\n#6 0x55a9671cc932 <unknown>\n#7 0x55a9671b3e53 <unknown>\n#8 0x55a9671869ea <unknown>\n#9 0x55a967187b2e <unknown>\n#10 0x55a9673e6d5e <unknown>\n#11 0x55a9673eaa80 <unknown>\n#12 0x55a9673cc8b0 <unknown>\n#13 0x55a9673ebb63 <unknown>\n#14 0x55a9673bdf75 <unknown>\n#15 0x55a96740e998 <unknown>\n#16 0x55a96740eb27 <unknown>\n#17 0x55a967429c23 <unknown>\n#18 0x7f79d18a1b43 <unknown>","statusTrace":"driver = <selenium.webdriver.chrome.webdriver.WebDriver (session=\"961b692a0731fa105d8fb584bda12652\")>\n\n    @allure.title(\"Тест 3\")\n    @allure.description('Тест 3')\n    @pytest.mark.flaky(reruns=2, reruns_delay=5)\n    def test_3(driver):\n        # авторизация\n        mp = MainPage(driver)\n        mp.log_in(login, password, main=True)\n    \n        # очистка корзины и страницы сравнения от товаров\n        mp.clear_cart_and_comparison(driver, CartPage, ComparisonPage)\n    \n        # переход на страницу с товарами\n        mp = MainPage(driver)\n        mp.go_to_cpus()\n        catalog = CatalogPage(driver)\n    \n        # фильтрация товаров по параметрам\n        catalog.set_stock()\n        catalog.set_price(*price)\n        catalog.set_brand(*brand)\n        catalog.set_cores(*cores)\n        catalog.set_internal_graphics(*internal_graphics)\n        catalog.set_ram(*ram)\n        catalog.click_button_submit()\n    \n        # сравнение параметров товаров из каталога и страницы сравнения\n        catalog.get_product_info_and_check_catalog_compare()\n    \n        # выбор товара подешевле на странице сравнения товаров\n        compare = ComparisonPage(driver)\n        compare.choose_best_product()\n    \n        # переход в корзину\n        compare.go_to_cart()\n        cart = CartPage(driver)\n    \n        # заполнение данных на странице оформления заказа. в конце проверка на неправильный код из смс\n        cart.click_button_checkout()\n        checkout = CheckoutPage(driver)\n>       checkout.input_data_and_code(telephone_number_checkout, login, sms_code_checkout)\n\ntest.py:132: \n_ _ _ _ _ _ _ _ _ _ _ _ _ _ _ _ _ _ _ _ _ _ _ _ _ _ _ _ _ _ _ _ _ _ _ _ _ _ _ _ \npages/checkout_page.py:131: in input_data_and_code\n    self.input_sms_code(sms_code_checkout)\npages/checkout_page.py:92: in input_sms_code\n    action.click(self.get_field_sms_code()).send_keys(sms_code).perform()\npages/checkout_page.py:47: in get_field_sms_code\n    return WebDriverWait(self.driver, 30).until(\n_ _ _ _ _ _ _ _ _ _ _ _ _ _ _ _ _ _ _ _ _ _ _ _ _ _ _ _ _ _ _ _ _ _ _ _ _ _ _ _ \n\nself = <selenium.webdriver.support.wait.WebDriverWait (session=\"961b692a0731fa105d8fb584bda12652\")>\nmethod = <function element_to_be_clickable.<locals>._predicate at 0x7f5f940698b0>\nmessage = ''\n\n    def until(self, method, message: str = \"\"):\n        \"\"\"Calls the method provided with the driver as an argument until the \\\n        return value does not evaluate to ``False``.\n    \n        :param method: callable(WebDriver)\n        :param message: optional message for :exc:`TimeoutException`\n        :returns: the result of the last call to `method`\n        :raises: :exc:`selenium.common.exceptions.TimeoutException` if timeout occurs\n        \"\"\"\n        screen = None\n        stacktrace = None\n    \n        end_time = time.monotonic() + self._timeout\n        while True:\n            try:\n                value = method(self._driver)\n                if value:\n                    return value\n            except self._ignored_exceptions as exc:\n                screen = getattr(exc, \"screen\", None)\n                stacktrace = getattr(exc, \"stacktrace\", None)\n            time.sleep(self._poll)\n            if time.monotonic() > end_time:\n                break\n>       raise TimeoutException(message, screen, stacktrace)\nE       selenium.common.exceptions.TimeoutException: Message: \nE       Stacktrace:\nE       #0 0x55a967392243 <unknown>\nE       #1 0x55a9671567a6 <unknown>\nE       #2 0x55a96719364d <unknown>\nE       #3 0x55a967193761 <unknown>\nE       #4 0x55a9671ceda4 <unknown>\nE       #5 0x55a9671b40ad <unknown>\nE       #6 0x55a9671cc932 <unknown>\nE       #7 0x55a9671b3e53 <unknown>\nE       #8 0x55a9671869ea <unknown>\nE       #9 0x55a967187b2e <unknown>\nE       #10 0x55a9673e6d5e <unknown>\nE       #11 0x55a9673eaa80 <unknown>\nE       #12 0x55a9673cc8b0 <unknown>\nE       #13 0x55a9673ebb63 <unknown>\nE       #14 0x55a9673bdf75 <unknown>\nE       #15 0x55a96740e998 <unknown>\nE       #16 0x55a96740eb27 <unknown>\nE       #17 0x55a967429c23 <unknown>\nE       #18 0x7f79d18a1b43 <unknown>\n\n/opt/hostedtoolcache/Python/3.8.16/x64/lib/python3.8/site-packages/selenium/webdriver/support/wait.py:95: TimeoutException","flaky":false,"newFailed":false,"newBroken":true,"newPassed":false,"retriesCount":2,"retriesStatusChange":false,"beforeStages":[{"name":"driver","time":{"start":1680473587938,"stop":1680473589752,"duration":1814},"status":"passed","steps":[],"attachments":[],"parameters":[],"stepsCount":0,"attachmentsCount":0,"shouldDisplayMessage":false,"hasContent":false}],"testStage":{"description":"Тест 3","status":"broken","statusMessage":"selenium.common.exceptions.TimeoutException: Message: \nStacktrace:\n#0 0x55a967392243 <unknown>\n#1 0x55a9671567a6 <unknown>\n#2 0x55a96719364d <unknown>\n#3 0x55a967193761 <unknown>\n#4 0x55a9671ceda4 <unknown>\n#5 0x55a9671b40ad <unknown>\n#6 0x55a9671cc932 <unknown>\n#7 0x55a9671b3e53 <unknown>\n#8 0x55a9671869ea <unknown>\n#9 0x55a967187b2e <unknown>\n#10 0x55a9673e6d5e <unknown>\n#11 0x55a9673eaa80 <unknown>\n#12 0x55a9673cc8b0 <unknown>\n#13 0x55a9673ebb63 <unknown>\n#14 0x55a9673bdf75 <unknown>\n#15 0x55a96740e998 <unknown>\n#16 0x55a96740eb27 <unknown>\n#17 0x55a967429c23 <unknown>\n#18 0x7f79d18a1b43 <unknown>","statusTrace":"driver = <selenium.webdriver.chrome.webdriver.WebDriver (session=\"961b692a0731fa105d8fb584bda12652\")>\n\n    @allure.title(\"Тест 3\")\n    @allure.description('Тест 3')\n    @pytest.mark.flaky(reruns=2, reruns_delay=5)\n    def test_3(driver):\n        # авторизация\n        mp = MainPage(driver)\n        mp.log_in(login, password, main=True)\n    \n        # очистка корзины и страницы сравнения от товаров\n        mp.clear_cart_and_comparison(driver, CartPage, ComparisonPage)\n    \n        # переход на страницу с товарами\n        mp = MainPage(driver)\n        mp.go_to_cpus()\n        catalog = CatalogPage(driver)\n    \n        # фильтрация товаров по параметрам\n        catalog.set_stock()\n        catalog.set_price(*price)\n        catalog.set_brand(*brand)\n        catalog.set_cores(*cores)\n        catalog.set_internal_graphics(*internal_graphics)\n        catalog.set_ram(*ram)\n        catalog.click_button_submit()\n    \n        # сравнение параметров товаров из каталога и страницы сравнения\n        catalog.get_product_info_and_check_catalog_compare()\n    \n        # выбор товара подешевле на странице сравнения товаров\n        compare = ComparisonPage(driver)\n        compare.choose_best_product()\n    \n        # переход в корзину\n        compare.go_to_cart()\n        cart = CartPage(driver)\n    \n        # заполнение данных на странице оформления заказа. в конце проверка на неправильный код из смс\n        cart.click_button_checkout()\n        checkout = CheckoutPage(driver)\n>       checkout.input_data_and_code(telephone_number_checkout, login, sms_code_checkout)\n\ntest.py:132: \n_ _ _ _ _ _ _ _ _ _ _ _ _ _ _ _ _ _ _ _ _ _ _ _ _ _ _ _ _ _ _ _ _ _ _ _ _ _ _ _ \npages/checkout_page.py:131: in input_data_and_code\n    self.input_sms_code(sms_code_checkout)\npages/checkout_page.py:92: in input_sms_code\n    action.click(self.get_field_sms_code()).send_keys(sms_code).perform()\npages/checkout_page.py:47: in get_field_sms_code\n    return WebDriverWait(self.driver, 30).until(\n_ _ _ _ _ _ _ _ _ _ _ _ _ _ _ _ _ _ _ _ _ _ _ _ _ _ _ _ _ _ _ _ _ _ _ _ _ _ _ _ \n\nself = <selenium.webdriver.support.wait.WebDriverWait (session=\"961b692a0731fa105d8fb584bda12652\")>\nmethod = <function element_to_be_clickable.<locals>._predicate at 0x7f5f940698b0>\nmessage = ''\n\n    def until(self, method, message: str = \"\"):\n        \"\"\"Calls the method provided with the driver as an argument until the \\\n        return value does not evaluate to ``False``.\n    \n        :param method: callable(WebDriver)\n        :param message: optional message for :exc:`TimeoutException`\n        :returns: the result of the last call to `method`\n        :raises: :exc:`selenium.common.exceptions.TimeoutException` if timeout occurs\n        \"\"\"\n        screen = None\n        stacktrace = None\n    \n        end_time = time.monotonic() + self._timeout\n        while True:\n            try:\n                value = method(self._driver)\n                if value:\n                    return value\n            except self._ignored_exceptions as exc:\n                screen = getattr(exc, \"screen\", None)\n                stacktrace = getattr(exc, \"stacktrace\", None)\n            time.sleep(self._poll)\n            if time.monotonic() > end_time:\n                break\n>       raise TimeoutException(message, screen, stacktrace)\nE       selenium.common.exceptions.TimeoutException: Message: \nE       Stacktrace:\nE       #0 0x55a967392243 <unknown>\nE       #1 0x55a9671567a6 <unknown>\nE       #2 0x55a96719364d <unknown>\nE       #3 0x55a967193761 <unknown>\nE       #4 0x55a9671ceda4 <unknown>\nE       #5 0x55a9671b40ad <unknown>\nE       #6 0x55a9671cc932 <unknown>\nE       #7 0x55a9671b3e53 <unknown>\nE       #8 0x55a9671869ea <unknown>\nE       #9 0x55a967187b2e <unknown>\nE       #10 0x55a9673e6d5e <unknown>\nE       #11 0x55a9673eaa80 <unknown>\nE       #12 0x55a9673cc8b0 <unknown>\nE       #13 0x55a9673ebb63 <unknown>\nE       #14 0x55a9673bdf75 <unknown>\nE       #15 0x55a96740e998 <unknown>\nE       #16 0x55a96740eb27 <unknown>\nE       #17 0x55a967429c23 <unknown>\nE       #18 0x7f79d18a1b43 <unknown>\n\n/opt/hostedtoolcache/Python/3.8.16/x64/lib/python3.8/site-packages/selenium/webdriver/support/wait.py:95: TimeoutException","steps":[{"name":"Авторизация","time":{"start":1680473589754,"stop":1680473597575,"duration":7821},"status":"passed","steps":[],"attachments":[],"parameters":[],"stepsCount":0,"attachmentsCount":0,"shouldDisplayMessage":false,"hasContent":false},{"name":"Очистка корзины и страницы сравнения","time":{"start":1680473597576,"stop":1680473606794,"duration":9218},"status":"passed","steps":[{"name":"Переход в корзину","time":{"start":1680473597576,"stop":1680473601824,"duration":4248},"status":"passed","steps":[],"attachments":[],"parameters":[],"stepsCount":0,"attachmentsCount":0,"shouldDisplayMessage":false,"hasContent":false}],"attachments":[],"parameters":[],"stepsCount":1,"attachmentsCount":0,"shouldDisplayMessage":false,"hasContent":true},{"name":"Переход к странице с процессорами","time":{"start":1680473606794,"stop":1680473612615,"duration":5821},"status":"passed","steps":[],"attachments":[],"parameters":[],"stepsCount":0,"attachmentsCount":0,"shouldDisplayMessage":false,"hasContent":false},{"name":"Применение фильтров","time":{"start":1680473619109,"stop":1680473621747,"duration":2638},"status":"passed","steps":[],"attachments":[],"parameters":[],"stepsCount":0,"attachmentsCount":0,"shouldDisplayMessage":false,"hasContent":false},{"name":"Проверка названия, цены и ссылки товара","time":{"start":1680473621747,"stop":1680473630027,"duration":8280},"status":"passed","steps":[],"attachments":[],"parameters":[],"stepsCount":0,"attachmentsCount":0,"shouldDisplayMessage":false,"hasContent":false},{"name":"Выбор товара","time":{"start":1680473630027,"stop":1680473632197,"duration":2170},"status":"passed","steps":[],"attachments":[],"parameters":[],"stepsCount":0,"attachmentsCount":0,"shouldDisplayMessage":false,"hasContent":false},{"name":"Переход в корзину","time":{"start":1680473632197,"stop":1680473637435,"duration":5238},"status":"passed","steps":[],"attachments":[],"parameters":[],"stepsCount":0,"attachmentsCount":0,"shouldDisplayMessage":false,"hasContent":false},{"name":"Переход на страницу оформления заказа","time":{"start":1680473637435,"stop":1680473639579,"duration":2144},"status":"passed","steps":[],"attachments":[],"parameters":[],"stepsCount":0,"attachmentsCount":0,"shouldDisplayMessage":false,"hasContent":false},{"name":"Оформление заказа","time":{"start":1680473639579,"stop":1680473673326,"duration":33747},"status":"broken","statusMessage":"selenium.common.exceptions.TimeoutException: Message: \nStacktrace:\n#0 0x55a967392243 <unknown>\n#1 0x55a9671567a6 <unknown>\n#2 0x55a96719364d <unknown>\n#3 0x55a967193761 <unknown>\n#4 0x55a9671ceda4 <unknown>\n#5 0x55a9671b40ad <unknown>\n#6 0x55a9671cc932 <unknown>\n#7 0x55a9671b3e53 <unknown>\n#8 0x55a9671869ea <unknown>\n#9 0x55a967187b2e <unknown>\n#10 0x55a9673e6d5e <unknown>\n#11 0x55a9673eaa80 <unknown>\n#12 0x55a9673cc8b0 <unknown>\n#13 0x55a9673ebb63 <unknown>\n#14 0x55a9673bdf75 <unknown>\n#15 0x55a96740e998 <unknown>\n#16 0x55a96740eb27 <unknown>\n#17 0x55a967429c23 <unknown>\n#18 0x7f79d18a1b43 <unknown>\n\n","statusTrace":"  File \"/home/runner/work/DNS_shop_autotests/DNS_shop_autotests/pages/checkout_page.py\", line 131, in input_data_and_code\n    self.input_sms_code(sms_code_checkout)\n  File \"/home/runner/work/DNS_shop_autotests/DNS_shop_autotests/pages/checkout_page.py\", line 92, in input_sms_code\n    action.click(self.get_field_sms_code()).send_keys(sms_code).perform()\n  File \"/home/runner/work/DNS_shop_autotests/DNS_shop_autotests/pages/checkout_page.py\", line 47, in get_field_sms_code\n    return WebDriverWait(self.driver, 30).until(\n  File \"/opt/hostedtoolcache/Python/3.8.16/x64/lib/python3.8/site-packages/selenium/webdriver/support/wait.py\", line 95, in until\n    raise TimeoutException(message, screen, stacktrace)\n","steps":[],"attachments":[],"parameters":[],"stepsCount":0,"attachmentsCount":0,"shouldDisplayMessage":true,"hasContent":true}],"attachments":[{"uid":"6214089946cf6629","name":"stdout","source":"6214089946cf6629.txt","type":"text/plain","size":155}],"parameters":[],"stepsCount":10,"attachmentsCount":1,"shouldDisplayMessage":true,"hasContent":true},"afterStages":[{"name":"driver::0","time":{"start":1680473673343,"stop":1680473673428,"duration":85},"status":"passed","steps":[],"attachments":[],"parameters":[],"stepsCount":0,"attachmentsCount":0,"shouldDisplayMessage":false,"hasContent":false}],"labels":[{"name":"tag","value":"flaky(reruns=2, reruns_delay=5)"},{"name":"suite","value":"test"},{"name":"host","value":"fv-az337-96"},{"name":"thread","value":"2372-MainThread"},{"name":"framework","value":"pytest"},{"name":"language","value":"cpython3"},{"name":"package","value":"test"},{"name":"resultFormat","value":"allure2"}],"parameters":[],"links":[],"hidden":false,"retry":false,"extra":{"severity":"normal","retries":[{"uid":"fdfda7e5051c39e2","status":"broken","statusDetails":"selenium.common.exceptions.StaleElementReferenceException: Message: stale element reference: element is not attached to the page document\n  (Session info: headless chrome=111.0.5563.110)\nStacktrace:\n#0 0x55746aab3243 <unknown>\n#1 0x55746a8777a6 <unknown>\n#2 0x55746a87ad03 <unknown>\n#3 0x55746a87aa72 <unknown>\n#4 0x55746a87ad8c <unknown>\n#5 0x55746a8b6069 <unknown>\n#6 0x55746a8a9941 <unknown>\n#7 0x55746a8d5082 <unknown>\n#8 0x55746a8a92e3 <unknown>\n#9 0x55746a8d524e <unknown>\n#10 0x55746a8ed932 <unknown>\n#11 0x55746a8d4e53 <unknown>\n#12 0x55746a8a79ea <unknown>\n#13 0x55746a8a8b2e <unknown>\n#14 0x55746ab07d5e <unknown>\n#15 0x55746ab0ba80 <unknown>\n#16 0x55746aaed8b0 <unknown>\n#17 0x55746ab0cb63 <unknown>\n#18 0x55746aadef75 <unknown>\n#19 0x55746ab2f998 <unknown>\n#20 0x55746ab2fb27 <unknown>\n#21 0x55746ab4ac23 <unknown>\n#22 0x7fb13dd91b43 <unknown>","time":{"start":1680473572308,"stop":1680473582822,"duration":10514}},{"uid":"4c9aba2f2e07b862","status":"broken","statusDetails":"selenium.common.exceptions.ElementClickInterceptedException: Message: element click intercepted: Element <span class=\"compare-checkbox\">...</span> is not clickable at point (742, 16). Other element would receive the click: <input class=\"presearch__input\" name=\"q\" type=\"search\" enterkeyhint=\"search\" placeholder=\"Поиск по сайту\" autocomplete=\"off\" data-input=\"input-in-focus\">\n  (Session info: headless chrome=111.0.5563.110)\nStacktrace:\n#0 0x564f2554a243 <unknown>\n#1 0x564f2530e7a6 <unknown>\n#2 0x564f2535248f <unknown>\n#3 0x564f253503e6 <unknown>\n#4 0x564f2534dc9e <unknown>\n#5 0x564f2534cd18 <unknown>\n#6 0x564f25340a65 <unknown>\n#7 0x564f2536c082 <unknown>\n#8 0x564f253402e3 <unknown>\n#9 0x564f2536c24e <unknown>\n#10 0x564f25384932 <unknown>\n#11 0x564f2536be53 <unknown>\n#12 0x564f2533e9ea <unknown>\n#13 0x564f2533fb2e <unknown>\n#14 0x564f2559ed5e <unknown>\n#15 0x564f255a2a80 <unknown>\n#16 0x564f255848b0 <unknown>\n#17 0x564f255a3b63 <unknown>\n#18 0x564f25575f75 <unknown>\n#19 0x564f255c6998 <unknown>\n#20 0x564f255c6b27 <unknown>\n#21 0x564f255e1c23 <unknown>\n#22 0x7fb1c7363b43 <unknown>","time":{"start":1680473527518,"stop":1680473565338,"duration":37820}}],"categories":[{"name":"Test defects","matchedStatuses":[],"flaky":false}],"history":{"statistic":{"failed":0,"broken":5,"skipped":0,"passed":2,"unknown":0,"total":7},"items":[{"uid":"79dd91115f9822f6","reportUrl":"https://Codeels.github.io/DNS_shop_autotests/3//#testresult/79dd91115f9822f6","status":"passed","time":{"start":1679257563462,"stop":1679257627425,"duration":63963}},{"uid":"3f8f105c6d705971","reportUrl":"https://Codeels.github.io/DNS_shop_autotests/43//#testresult/3f8f105c6d705971","status":"passed","time":{"start":1679257473515,"stop":1679257531559,"duration":58044}},{"uid":"fe7a566e75d63420","reportUrl":"https://Codeels.github.io/DNS_shop_autotests/30//#testresult/fe7a566e75d63420","status":"broken","statusDetails":"selenium.common.exceptions.WebDriverException: Message: unknown error: Chrome failed to start: exited abnormally.\n  (unknown error: DevToolsActivePort file doesn't exist)\n  (The process started from chrome location /usr/bin/google-chrome is no longer running, so ChromeDriver is assuming that Chrome has crashed.)\nStacktrace:\n#0 0x55ce6c543243 <unknown>\n#1 0x55ce6c3077a6 <unknown>\n#2 0x55ce6c330520 <unknown>\n#3 0x55ce6c32c49b <unknown>\n#4 0x55ce6c36e2a7 <unknown>\n#5 0x55ce6c36d8cf <unknown>\n#6 0x55ce6c364e53 <unknown>\n#7 0x55ce6c3379ea <unknown>\n#8 0x55ce6c338b2e <unknown>\n#9 0x55ce6c597d5e <unknown>\n#10 0x55ce6c59ba80 <unknown>\n#11 0x55ce6c57d8b0 <unknown>\n#12 0x55ce6c59cb63 <unknown>\n#13 0x55ce6c56ef75 <unknown>\n#14 0x55ce6c5bf998 <unknown>\n#15 0x55ce6c5bfb27 <unknown>\n#16 0x55ce6c5dac23 <unknown>\n#17 0x7fbc433ecb43 <unknown>","time":{"start":1679244583367,"stop":1679244583367,"duration":0}},{"uid":"edd7eb8a9652b5f7","reportUrl":"https://Codeels.github.io/DNS_shop_autotests/28//#testresult/edd7eb8a9652b5f7","status":"broken","statusDetails":"selenium.common.exceptions.WebDriverException: Message: unknown error: Chrome failed to start: exited abnormally.\n  (unknown error: DevToolsActivePort file doesn't exist)\n  (The process started from chrome location /usr/bin/google-chrome is no longer running, so ChromeDriver is assuming that Chrome has crashed.)\nStacktrace:\n#0 0x5597795bf243 <unknown>\n#1 0x5597793837a6 <unknown>\n#2 0x5597793ac520 <unknown>\n#3 0x5597793a849b <unknown>\n#4 0x5597793ea2a7 <unknown>\n#5 0x5597793e98cf <unknown>\n#6 0x5597793e0e53 <unknown>\n#7 0x5597793b39ea <unknown>\n#8 0x5597793b4b2e <unknown>\n#9 0x559779613d5e <unknown>\n#10 0x559779617a80 <unknown>\n#11 0x5597795f98b0 <unknown>\n#12 0x559779618b63 <unknown>\n#13 0x5597795eaf75 <unknown>\n#14 0x55977963b998 <unknown>\n#15 0x55977963bb27 <unknown>\n#16 0x559779656c23 <unknown>\n#17 0x7f4aace32b43 <unknown>","time":{"start":1679244128638,"stop":1679244128638,"duration":0}},{"uid":"8c39c52844ccd207","reportUrl":"https://Codeels.github.io/DNS_shop_autotests/27//#testresult/8c39c52844ccd207","status":"broken","statusDetails":"selenium.common.exceptions.WebDriverException: Message: unknown error: Chrome failed to start: exited abnormally.\n  (unknown error: DevToolsActivePort file doesn't exist)\n  (The process started from chrome location /usr/bin/google-chrome is no longer running, so ChromeDriver is assuming that Chrome has crashed.)\nStacktrace:\n#0 0x560c15221243 <unknown>\n#1 0x560c14fe57a6 <unknown>\n#2 0x560c1500e520 <unknown>\n#3 0x560c1500a49b <unknown>\n#4 0x560c1504c2a7 <unknown>\n#5 0x560c1504b8cf <unknown>\n#6 0x560c15042e53 <unknown>\n#7 0x560c150159ea <unknown>\n#8 0x560c15016b2e <unknown>\n#9 0x560c15275d5e <unknown>\n#10 0x560c15279a80 <unknown>\n#11 0x560c1525b8b0 <unknown>\n#12 0x560c1527ab63 <unknown>\n#13 0x560c1524cf75 <unknown>\n#14 0x560c1529d998 <unknown>\n#15 0x560c1529db27 <unknown>\n#16 0x560c152b8c23 <unknown>\n#17 0x7f3e03fa0b43 <unknown>","time":{"start":1679243733585,"stop":1679243733585,"duration":0}},{"uid":"21aa869301edcda1","reportUrl":"https://Codeels.github.io/DNS_shop_autotests/7//#testresult/21aa869301edcda1","status":"broken","statusDetails":"selenium.common.exceptions.TimeoutException: Message: \nStacktrace:\n#0 0x5580f8d2b243 <unknown>\n#1 0x5580f8aef7a6 <unknown>\n#2 0x5580f8b2c64d <unknown>\n#3 0x5580f8b2c761 <unknown>\n#4 0x5580f8b67da4 <unknown>\n#5 0x5580f8b4d0ad <unknown>\n#6 0x5580f8b65932 <unknown>\n#7 0x5580f8b4ce53 <unknown>\n#8 0x5580f8b1f9ea <unknown>\n#9 0x5580f8b20b2e <unknown>\n#10 0x5580f8d7fd5e <unknown>\n#11 0x5580f8d83a80 <unknown>\n#12 0x5580f8d658b0 <unknown>\n#13 0x5580f8d84b63 <unknown>\n#14 0x5580f8d56f75 <unknown>\n#15 0x5580f8da7998 <unknown>\n#16 0x5580f8da7b27 <unknown>\n#17 0x5580f8dc2c23 <unknown>\n#18 0x7f1af8d2bb43 <unknown>","time":{"start":1679234785073,"stop":1679234815077,"duration":30004}}]},"tags":["flaky(reruns=2, reruns_delay=5)"]},"source":"bc8db2ee9bb3b04a.json","parameterValues":[]}