{"uid":"c20d348eec2c6531","name":"Тест 4","fullName":"test#test_4","historyId":"9abaa27db8124ee8eafd547a19590965","time":{"start":1680473851638,"stop":1680473931778,"duration":80140},"description":"Тест 4","descriptionHtml":"<p>Тест 4</p>\n","status":"broken","statusMessage":"selenium.common.exceptions.TimeoutException: Message: \nStacktrace:\n#0 0x558398dde243 <unknown>\n#1 0x558398ba27a6 <unknown>\n#2 0x558398bdf64d <unknown>\n#3 0x558398bdf761 <unknown>\n#4 0x558398c1ada4 <unknown>\n#5 0x558398c000ad <unknown>\n#6 0x558398c18932 <unknown>\n#7 0x558398bffe53 <unknown>\n#8 0x558398bd29ea <unknown>\n#9 0x558398bd3b2e <unknown>\n#10 0x558398e32d5e <unknown>\n#11 0x558398e36a80 <unknown>\n#12 0x558398e188b0 <unknown>\n#13 0x558398e37b63 <unknown>\n#14 0x558398e09f75 <unknown>\n#15 0x558398e5a998 <unknown>\n#16 0x558398e5ab27 <unknown>\n#17 0x558398e75c23 <unknown>\n#18 0x7f8da8d2cb43 <unknown>","statusTrace":"driver = <selenium.webdriver.chrome.webdriver.WebDriver (session=\"3e1fe562950cfd7afc8e6f1fa231731c\")>\n\n    @allure.title(\"Тест 4\")\n    @allure.description('Тест 4')\n    @pytest.mark.flaky(reruns=2, reruns_delay=5)\n    def test_4(driver):\n        # авторизация\n        mp = MainPage(driver)\n        mp.log_in(login, password, main=True)\n    \n        # очистка корзины и сравнения\n        mp.clear_cart_and_comparison(driver, CartPage, ComparisonPage)\n        mp = MainPage(driver)\n    \n        # переход на страницу с товарами\n        mp.go_to_cpus()\n        catalog = CatalogPage(driver)\n    \n        # фильтрация товаров по параметрам\n        catalog.set_stock()\n        catalog.set_price(*price)\n        catalog.set_brand(*brand)\n        catalog.set_cores(*cores)\n        catalog.set_internal_graphics(*internal_graphics)\n        catalog.set_ram(*ram)\n        catalog.click_button_submit()\n    \n        # сравнение атрибутов товара в каталоге и на странице товара\n        catalog.get_product_info_and_check_catalog_product()\n    \n        # сравнение атрибутов товара на странице товара и в корзине. покупка\n        product = ProductPage(driver)\n        product.get_product_info_and_check_product_cart()\n    \n        # заполнение данных на странице оформления заказа.\n        # на этой странице происходит авторизация. в конце проверка на неправильный код из смс\n        cart = CartPage(driver)\n        cart.click_button_checkout()\n        checkout = CheckoutPage(driver)\n>       checkout.input_data_and_code(telephone_number_checkout, login, sms_code_checkout)\n\ntest.py:172: \n_ _ _ _ _ _ _ _ _ _ _ _ _ _ _ _ _ _ _ _ _ _ _ _ _ _ _ _ _ _ _ _ _ _ _ _ _ _ _ _ \npages/checkout_page.py:131: in input_data_and_code\n    self.input_sms_code(sms_code_checkout)\npages/checkout_page.py:92: in input_sms_code\n    action.click(self.get_field_sms_code()).send_keys(sms_code).perform()\npages/checkout_page.py:47: in get_field_sms_code\n    return WebDriverWait(self.driver, 30).until(\n_ _ _ _ _ _ _ _ _ _ _ _ _ _ _ _ _ _ _ _ _ _ _ _ _ _ _ _ _ _ _ _ _ _ _ _ _ _ _ _ \n\nself = <selenium.webdriver.support.wait.WebDriverWait (session=\"3e1fe562950cfd7afc8e6f1fa231731c\")>\nmethod = <function element_to_be_clickable.<locals>._predicate at 0x7f5f94069d30>\nmessage = ''\n\n    def until(self, method, message: str = \"\"):\n        \"\"\"Calls the method provided with the driver as an argument until the \\\n        return value does not evaluate to ``False``.\n    \n        :param method: callable(WebDriver)\n        :param message: optional message for :exc:`TimeoutException`\n        :returns: the result of the last call to `method`\n        :raises: :exc:`selenium.common.exceptions.TimeoutException` if timeout occurs\n        \"\"\"\n        screen = None\n        stacktrace = None\n    \n        end_time = time.monotonic() + self._timeout\n        while True:\n            try:\n                value = method(self._driver)\n                if value:\n                    return value\n            except self._ignored_exceptions as exc:\n                screen = getattr(exc, \"screen\", None)\n                stacktrace = getattr(exc, \"stacktrace\", None)\n            time.sleep(self._poll)\n            if time.monotonic() > end_time:\n                break\n>       raise TimeoutException(message, screen, stacktrace)\nE       selenium.common.exceptions.TimeoutException: Message: \nE       Stacktrace:\nE       #0 0x558398dde243 <unknown>\nE       #1 0x558398ba27a6 <unknown>\nE       #2 0x558398bdf64d <unknown>\nE       #3 0x558398bdf761 <unknown>\nE       #4 0x558398c1ada4 <unknown>\nE       #5 0x558398c000ad <unknown>\nE       #6 0x558398c18932 <unknown>\nE       #7 0x558398bffe53 <unknown>\nE       #8 0x558398bd29ea <unknown>\nE       #9 0x558398bd3b2e <unknown>\nE       #10 0x558398e32d5e <unknown>\nE       #11 0x558398e36a80 <unknown>\nE       #12 0x558398e188b0 <unknown>\nE       #13 0x558398e37b63 <unknown>\nE       #14 0x558398e09f75 <unknown>\nE       #15 0x558398e5a998 <unknown>\nE       #16 0x558398e5ab27 <unknown>\nE       #17 0x558398e75c23 <unknown>\nE       #18 0x7f8da8d2cb43 <unknown>\n\n/opt/hostedtoolcache/Python/3.8.16/x64/lib/python3.8/site-packages/selenium/webdriver/support/wait.py:95: TimeoutException","flaky":false,"newFailed":false,"newBroken":true,"newPassed":false,"retriesCount":2,"retriesStatusChange":false,"beforeStages":[{"name":"driver","time":{"start":1680473849804,"stop":1680473851636,"duration":1832},"status":"passed","steps":[],"attachments":[],"parameters":[],"stepsCount":0,"attachmentsCount":0,"shouldDisplayMessage":false,"hasContent":false}],"testStage":{"description":"Тест 4","status":"broken","statusMessage":"selenium.common.exceptions.TimeoutException: Message: \nStacktrace:\n#0 0x558398dde243 <unknown>\n#1 0x558398ba27a6 <unknown>\n#2 0x558398bdf64d <unknown>\n#3 0x558398bdf761 <unknown>\n#4 0x558398c1ada4 <unknown>\n#5 0x558398c000ad <unknown>\n#6 0x558398c18932 <unknown>\n#7 0x558398bffe53 <unknown>\n#8 0x558398bd29ea <unknown>\n#9 0x558398bd3b2e <unknown>\n#10 0x558398e32d5e <unknown>\n#11 0x558398e36a80 <unknown>\n#12 0x558398e188b0 <unknown>\n#13 0x558398e37b63 <unknown>\n#14 0x558398e09f75 <unknown>\n#15 0x558398e5a998 <unknown>\n#16 0x558398e5ab27 <unknown>\n#17 0x558398e75c23 <unknown>\n#18 0x7f8da8d2cb43 <unknown>","statusTrace":"driver = <selenium.webdriver.chrome.webdriver.WebDriver (session=\"3e1fe562950cfd7afc8e6f1fa231731c\")>\n\n    @allure.title(\"Тест 4\")\n    @allure.description('Тест 4')\n    @pytest.mark.flaky(reruns=2, reruns_delay=5)\n    def test_4(driver):\n        # авторизация\n        mp = MainPage(driver)\n        mp.log_in(login, password, main=True)\n    \n        # очистка корзины и сравнения\n        mp.clear_cart_and_comparison(driver, CartPage, ComparisonPage)\n        mp = MainPage(driver)\n    \n        # переход на страницу с товарами\n        mp.go_to_cpus()\n        catalog = CatalogPage(driver)\n    \n        # фильтрация товаров по параметрам\n        catalog.set_stock()\n        catalog.set_price(*price)\n        catalog.set_brand(*brand)\n        catalog.set_cores(*cores)\n        catalog.set_internal_graphics(*internal_graphics)\n        catalog.set_ram(*ram)\n        catalog.click_button_submit()\n    \n        # сравнение атрибутов товара в каталоге и на странице товара\n        catalog.get_product_info_and_check_catalog_product()\n    \n        # сравнение атрибутов товара на странице товара и в корзине. покупка\n        product = ProductPage(driver)\n        product.get_product_info_and_check_product_cart()\n    \n        # заполнение данных на странице оформления заказа.\n        # на этой странице происходит авторизация. в конце проверка на неправильный код из смс\n        cart = CartPage(driver)\n        cart.click_button_checkout()\n        checkout = CheckoutPage(driver)\n>       checkout.input_data_and_code(telephone_number_checkout, login, sms_code_checkout)\n\ntest.py:172: \n_ _ _ _ _ _ _ _ _ _ _ _ _ _ _ _ _ _ _ _ _ _ _ _ _ _ _ _ _ _ _ _ _ _ _ _ _ _ _ _ \npages/checkout_page.py:131: in input_data_and_code\n    self.input_sms_code(sms_code_checkout)\npages/checkout_page.py:92: in input_sms_code\n    action.click(self.get_field_sms_code()).send_keys(sms_code).perform()\npages/checkout_page.py:47: in get_field_sms_code\n    return WebDriverWait(self.driver, 30).until(\n_ _ _ _ _ _ _ _ _ _ _ _ _ _ _ _ _ _ _ _ _ _ _ _ _ _ _ _ _ _ _ _ _ _ _ _ _ _ _ _ \n\nself = <selenium.webdriver.support.wait.WebDriverWait (session=\"3e1fe562950cfd7afc8e6f1fa231731c\")>\nmethod = <function element_to_be_clickable.<locals>._predicate at 0x7f5f94069d30>\nmessage = ''\n\n    def until(self, method, message: str = \"\"):\n        \"\"\"Calls the method provided with the driver as an argument until the \\\n        return value does not evaluate to ``False``.\n    \n        :param method: callable(WebDriver)\n        :param message: optional message for :exc:`TimeoutException`\n        :returns: the result of the last call to `method`\n        :raises: :exc:`selenium.common.exceptions.TimeoutException` if timeout occurs\n        \"\"\"\n        screen = None\n        stacktrace = None\n    \n        end_time = time.monotonic() + self._timeout\n        while True:\n            try:\n                value = method(self._driver)\n                if value:\n                    return value\n            except self._ignored_exceptions as exc:\n                screen = getattr(exc, \"screen\", None)\n                stacktrace = getattr(exc, \"stacktrace\", None)\n            time.sleep(self._poll)\n            if time.monotonic() > end_time:\n                break\n>       raise TimeoutException(message, screen, stacktrace)\nE       selenium.common.exceptions.TimeoutException: Message: \nE       Stacktrace:\nE       #0 0x558398dde243 <unknown>\nE       #1 0x558398ba27a6 <unknown>\nE       #2 0x558398bdf64d <unknown>\nE       #3 0x558398bdf761 <unknown>\nE       #4 0x558398c1ada4 <unknown>\nE       #5 0x558398c000ad <unknown>\nE       #6 0x558398c18932 <unknown>\nE       #7 0x558398bffe53 <unknown>\nE       #8 0x558398bd29ea <unknown>\nE       #9 0x558398bd3b2e <unknown>\nE       #10 0x558398e32d5e <unknown>\nE       #11 0x558398e36a80 <unknown>\nE       #12 0x558398e188b0 <unknown>\nE       #13 0x558398e37b63 <unknown>\nE       #14 0x558398e09f75 <unknown>\nE       #15 0x558398e5a998 <unknown>\nE       #16 0x558398e5ab27 <unknown>\nE       #17 0x558398e75c23 <unknown>\nE       #18 0x7f8da8d2cb43 <unknown>\n\n/opt/hostedtoolcache/Python/3.8.16/x64/lib/python3.8/site-packages/selenium/webdriver/support/wait.py:95: TimeoutException","steps":[{"name":"Авторизация","time":{"start":1680473851638,"stop":1680473859979,"duration":8341},"status":"passed","steps":[],"attachments":[],"parameters":[],"stepsCount":0,"attachmentsCount":0,"shouldDisplayMessage":false,"hasContent":false},{"name":"Очистка корзины и страницы сравнения","time":{"start":1680473859979,"stop":1680473869448,"duration":9469},"status":"passed","steps":[{"name":"Переход в корзину","time":{"start":1680473859980,"stop":1680473864377,"duration":4397},"status":"passed","steps":[],"attachments":[],"parameters":[],"stepsCount":0,"attachmentsCount":0,"shouldDisplayMessage":false,"hasContent":false}],"attachments":[],"parameters":[],"stepsCount":1,"attachmentsCount":0,"shouldDisplayMessage":false,"hasContent":true},{"name":"Переход к странице с процессорами","time":{"start":1680473869448,"stop":1680473876113,"duration":6665},"status":"passed","steps":[],"attachments":[],"parameters":[],"stepsCount":0,"attachmentsCount":0,"shouldDisplayMessage":false,"hasContent":false},{"name":"Применение фильтров","time":{"start":1680473882712,"stop":1680473885359,"duration":2647},"status":"passed","steps":[],"attachments":[],"parameters":[],"stepsCount":0,"attachmentsCount":0,"shouldDisplayMessage":false,"hasContent":false},{"name":"Проверка названия, цены и ссылки товара","time":{"start":1680473885359,"stop":1680473889114,"duration":3755},"status":"passed","steps":[],"attachments":[],"parameters":[],"stepsCount":0,"attachmentsCount":0,"shouldDisplayMessage":false,"hasContent":false},{"name":"Проверка названия, цены и ссылки товара","time":{"start":1680473889115,"stop":1680473895605,"duration":6490},"status":"passed","steps":[{"name":"Переход в корзину","time":{"start":1680473891274,"stop":1680473895493,"duration":4219},"status":"passed","steps":[],"attachments":[],"parameters":[],"stepsCount":0,"attachmentsCount":0,"shouldDisplayMessage":false,"hasContent":false}],"attachments":[],"parameters":[],"stepsCount":1,"attachmentsCount":0,"shouldDisplayMessage":false,"hasContent":true},{"name":"Переход на страницу оформления заказа","time":{"start":1680473895605,"stop":1680473897741,"duration":2136},"status":"passed","steps":[],"attachments":[],"parameters":[],"stepsCount":0,"attachmentsCount":0,"shouldDisplayMessage":false,"hasContent":false},{"name":"Оформление заказа","time":{"start":1680473897741,"stop":1680473931777,"duration":34036},"status":"broken","statusMessage":"selenium.common.exceptions.TimeoutException: Message: \nStacktrace:\n#0 0x558398dde243 <unknown>\n#1 0x558398ba27a6 <unknown>\n#2 0x558398bdf64d <unknown>\n#3 0x558398bdf761 <unknown>\n#4 0x558398c1ada4 <unknown>\n#5 0x558398c000ad <unknown>\n#6 0x558398c18932 <unknown>\n#7 0x558398bffe53 <unknown>\n#8 0x558398bd29ea <unknown>\n#9 0x558398bd3b2e <unknown>\n#10 0x558398e32d5e <unknown>\n#11 0x558398e36a80 <unknown>\n#12 0x558398e188b0 <unknown>\n#13 0x558398e37b63 <unknown>\n#14 0x558398e09f75 <unknown>\n#15 0x558398e5a998 <unknown>\n#16 0x558398e5ab27 <unknown>\n#17 0x558398e75c23 <unknown>\n#18 0x7f8da8d2cb43 <unknown>\n\n","statusTrace":"  File \"/home/runner/work/DNS_shop_autotests/DNS_shop_autotests/pages/checkout_page.py\", line 131, in input_data_and_code\n    self.input_sms_code(sms_code_checkout)\n  File \"/home/runner/work/DNS_shop_autotests/DNS_shop_autotests/pages/checkout_page.py\", line 92, in input_sms_code\n    action.click(self.get_field_sms_code()).send_keys(sms_code).perform()\n  File \"/home/runner/work/DNS_shop_autotests/DNS_shop_autotests/pages/checkout_page.py\", line 47, in get_field_sms_code\n    return WebDriverWait(self.driver, 30).until(\n  File \"/opt/hostedtoolcache/Python/3.8.16/x64/lib/python3.8/site-packages/selenium/webdriver/support/wait.py\", line 95, in until\n    raise TimeoutException(message, screen, stacktrace)\n","steps":[],"attachments":[],"parameters":[],"stepsCount":0,"attachmentsCount":0,"shouldDisplayMessage":true,"hasContent":true}],"attachments":[{"uid":"40d7e037f97c6e57","name":"stdout","source":"40d7e037f97c6e57.txt","type":"text/plain","size":273}],"parameters":[],"stepsCount":10,"attachmentsCount":1,"shouldDisplayMessage":true,"hasContent":true},"afterStages":[{"name":"driver::0","time":{"start":1680473931796,"stop":1680473931879,"duration":83},"status":"passed","steps":[],"attachments":[],"parameters":[],"stepsCount":0,"attachmentsCount":0,"shouldDisplayMessage":false,"hasContent":false}],"labels":[{"name":"tag","value":"flaky(reruns=2, reruns_delay=5)"},{"name":"suite","value":"test"},{"name":"host","value":"fv-az337-96"},{"name":"thread","value":"2372-MainThread"},{"name":"framework","value":"pytest"},{"name":"language","value":"cpython3"},{"name":"package","value":"test"},{"name":"resultFormat","value":"allure2"}],"parameters":[],"links":[],"hidden":false,"retry":false,"extra":{"severity":"normal","retries":[{"uid":"25b867e15a184cb7","status":"broken","statusDetails":"selenium.common.exceptions.TimeoutException: Message: \nStacktrace:\n#0 0x55fc7478b243 <unknown>\n#1 0x55fc7454f7a6 <unknown>\n#2 0x55fc7458c64d <unknown>\n#3 0x55fc7458c761 <unknown>\n#4 0x55fc745c7da4 <unknown>\n#5 0x55fc745ad0ad <unknown>\n#6 0x55fc745c5932 <unknown>\n#7 0x55fc745ace53 <unknown>\n#8 0x55fc7457f9ea <unknown>\n#9 0x55fc74580b2e <unknown>\n#10 0x55fc747dfd5e <unknown>\n#11 0x55fc747e3a80 <unknown>\n#12 0x55fc747c58b0 <unknown>\n#13 0x55fc747e4b63 <unknown>\n#14 0x55fc747b6f75 <unknown>\n#15 0x55fc74807998 <unknown>\n#16 0x55fc74807b27 <unknown>\n#17 0x55fc74822c23 <unknown>\n#18 0x7fc226a5eb43 <unknown>","time":{"start":1680473763271,"stop":1680473844693,"duration":81422}},{"uid":"d6b62b672476d016","status":"broken","statusDetails":"selenium.common.exceptions.TimeoutException: Message: \nStacktrace:\n#0 0x55e1f3ec6243 <unknown>\n#1 0x55e1f3c8a7a6 <unknown>\n#2 0x55e1f3cc764d <unknown>\n#3 0x55e1f3cc7761 <unknown>\n#4 0x55e1f3d02da4 <unknown>\n#5 0x55e1f3ce80ad <unknown>\n#6 0x55e1f3d00932 <unknown>\n#7 0x55e1f3ce7e53 <unknown>\n#8 0x55e1f3cba9ea <unknown>\n#9 0x55e1f3cbbb2e <unknown>\n#10 0x55e1f3f1ad5e <unknown>\n#11 0x55e1f3f1ea80 <unknown>\n#12 0x55e1f3f008b0 <unknown>\n#13 0x55e1f3f1fb63 <unknown>\n#14 0x55e1f3ef1f75 <unknown>\n#15 0x55e1f3f42998 <unknown>\n#16 0x55e1f3f42b27 <unknown>\n#17 0x55e1f3f5dc23 <unknown>\n#18 0x7fe458c63b43 <unknown>","time":{"start":1680473675289,"stop":1680473756179,"duration":80890}}],"categories":[{"name":"Test defects","matchedStatuses":[],"flaky":false}],"history":{"statistic":{"failed":0,"broken":5,"skipped":0,"passed":2,"unknown":0,"total":7},"items":[{"uid":"8762eb5fbb59af36","reportUrl":"https://Codeels.github.io/DNS_shop_autotests/3//#testresult/8762eb5fbb59af36","status":"passed","time":{"start":1679257633182,"stop":1679257691038,"duration":57856}},{"uid":"dba28ebe4e58065b","reportUrl":"https://Codeels.github.io/DNS_shop_autotests/43//#testresult/dba28ebe4e58065b","status":"passed","time":{"start":1679257602972,"stop":1679257661947,"duration":58975}},{"uid":"25943132d9010716","reportUrl":"https://Codeels.github.io/DNS_shop_autotests/30//#testresult/25943132d9010716","status":"broken","statusDetails":"selenium.common.exceptions.WebDriverException: Message: unknown error: Chrome failed to start: exited abnormally.\n  (unknown error: DevToolsActivePort file doesn't exist)\n  (The process started from chrome location /usr/bin/google-chrome is no longer running, so ChromeDriver is assuming that Chrome has crashed.)\nStacktrace:\n#0 0x564ba7626243 <unknown>\n#1 0x564ba73ea7a6 <unknown>\n#2 0x564ba7413520 <unknown>\n#3 0x564ba740f49b <unknown>\n#4 0x564ba74512a7 <unknown>\n#5 0x564ba74508cf <unknown>\n#6 0x564ba7447e53 <unknown>\n#7 0x564ba741a9ea <unknown>\n#8 0x564ba741bb2e <unknown>\n#9 0x564ba767ad5e <unknown>\n#10 0x564ba767ea80 <unknown>\n#11 0x564ba76608b0 <unknown>\n#12 0x564ba767fb63 <unknown>\n#13 0x564ba7651f75 <unknown>\n#14 0x564ba76a2998 <unknown>\n#15 0x564ba76a2b27 <unknown>\n#16 0x564ba76bdc23 <unknown>\n#17 0x7fa48e0feb43 <unknown>","time":{"start":1679244595943,"stop":1679244595943,"duration":0}},{"uid":"2cb620fe61ab78c","reportUrl":"https://Codeels.github.io/DNS_shop_autotests/28//#testresult/2cb620fe61ab78c","status":"broken","statusDetails":"selenium.common.exceptions.WebDriverException: Message: unknown error: Chrome failed to start: exited abnormally.\n  (unknown error: DevToolsActivePort file doesn't exist)\n  (The process started from chrome location /usr/bin/google-chrome is no longer running, so ChromeDriver is assuming that Chrome has crashed.)\nStacktrace:\n#0 0x5584eed56243 <unknown>\n#1 0x5584eeb1a7a6 <unknown>\n#2 0x5584eeb43520 <unknown>\n#3 0x5584eeb3f49b <unknown>\n#4 0x5584eeb812a7 <unknown>\n#5 0x5584eeb808cf <unknown>\n#6 0x5584eeb77e53 <unknown>\n#7 0x5584eeb4a9ea <unknown>\n#8 0x5584eeb4bb2e <unknown>\n#9 0x5584eedaad5e <unknown>\n#10 0x5584eedaea80 <unknown>\n#11 0x5584eed908b0 <unknown>\n#12 0x5584eedafb63 <unknown>\n#13 0x5584eed81f75 <unknown>\n#14 0x5584eedd2998 <unknown>\n#15 0x5584eedd2b27 <unknown>\n#16 0x5584eededc23 <unknown>\n#17 0x7fd12a266b43 <unknown>","time":{"start":1679244141163,"stop":1679244141163,"duration":0}},{"uid":"5d1635417252a3e","reportUrl":"https://Codeels.github.io/DNS_shop_autotests/27//#testresult/5d1635417252a3e","status":"broken","statusDetails":"selenium.common.exceptions.WebDriverException: Message: unknown error: Chrome failed to start: exited abnormally.\n  (unknown error: DevToolsActivePort file doesn't exist)\n  (The process started from chrome location /usr/bin/google-chrome is no longer running, so ChromeDriver is assuming that Chrome has crashed.)\nStacktrace:\n#0 0x55a14fb0a243 <unknown>\n#1 0x55a14f8ce7a6 <unknown>\n#2 0x55a14f8f7520 <unknown>\n#3 0x55a14f8f349b <unknown>\n#4 0x55a14f9352a7 <unknown>\n#5 0x55a14f9348cf <unknown>\n#6 0x55a14f92be53 <unknown>\n#7 0x55a14f8fe9ea <unknown>\n#8 0x55a14f8ffb2e <unknown>\n#9 0x55a14fb5ed5e <unknown>\n#10 0x55a14fb62a80 <unknown>\n#11 0x55a14fb448b0 <unknown>\n#12 0x55a14fb63b63 <unknown>\n#13 0x55a14fb35f75 <unknown>\n#14 0x55a14fb86998 <unknown>\n#15 0x55a14fb86b27 <unknown>\n#16 0x55a14fba1c23 <unknown>\n#17 0x7f74a4d4eb43 <unknown>","time":{"start":1679243746088,"stop":1679243746088,"duration":0}},{"uid":"39e9305bece1035","reportUrl":"https://Codeels.github.io/DNS_shop_autotests/7//#testresult/39e9305bece1035","status":"broken","statusDetails":"selenium.common.exceptions.TimeoutException: Message: \nStacktrace:\n#0 0x55efce047243 <unknown>\n#1 0x55efcde0b7a6 <unknown>\n#2 0x55efcde4864d <unknown>\n#3 0x55efcde48761 <unknown>\n#4 0x55efcde83da4 <unknown>\n#5 0x55efcde690ad <unknown>\n#6 0x55efcde81932 <unknown>\n#7 0x55efcde68e53 <unknown>\n#8 0x55efcde3b9ea <unknown>\n#9 0x55efcde3cb2e <unknown>\n#10 0x55efce09bd5e <unknown>\n#11 0x55efce09fa80 <unknown>\n#12 0x55efce0818b0 <unknown>\n#13 0x55efce0a0b63 <unknown>\n#14 0x55efce072f75 <unknown>\n#15 0x55efce0c3998 <unknown>\n#16 0x55efce0c3b27 <unknown>\n#17 0x55efce0dec23 <unknown>\n#18 0x7f8e58409b43 <unknown>","time":{"start":1679234890317,"stop":1679234920324,"duration":30007}}]},"tags":["flaky(reruns=2, reruns_delay=5)"]},"source":"c20d348eec2c6531.json","parameterValues":[]}