{"uid":"8e1f9d102f8d8e6b","name":"Тест 1","fullName":"test#test_1","historyId":"481c50c2a0ce3c4af0e5e11c30040d79","time":{"start":1680674183024,"stop":1680674263952,"duration":80928},"description":"Тест 1","descriptionHtml":"<p>Тест 1</p>\n","status":"broken","statusMessage":"selenium.common.exceptions.TimeoutException: Message: \nStacktrace:\n#0 0x55bafb8ca243 <unknown>\n#1 0x55bafb68e7a6 <unknown>\n#2 0x55bafb6cb64d <unknown>\n#3 0x55bafb6cb761 <unknown>\n#4 0x55bafb706da4 <unknown>\n#5 0x55bafb6ec0ad <unknown>\n#6 0x55bafb704932 <unknown>\n#7 0x55bafb6ebe53 <unknown>\n#8 0x55bafb6be9ea <unknown>\n#9 0x55bafb6bfb2e <unknown>\n#10 0x55bafb91ed5e <unknown>\n#11 0x55bafb922a80 <unknown>\n#12 0x55bafb9048b0 <unknown>\n#13 0x55bafb923b63 <unknown>\n#14 0x55bafb8f5f75 <unknown>\n#15 0x55bafb946998 <unknown>\n#16 0x55bafb946b27 <unknown>\n#17 0x55bafb961c23 <unknown>\n#18 0x7f70099f0b43 <unknown>","statusTrace":"driver = <selenium.webdriver.chrome.webdriver.WebDriver (session=\"01dd0ae15936ed713009d3531e233e3e\")>\n\n    @allure.title(\"Тест 1\")\n    @allure.description('Тест 1')\n    @pytest.mark.flaky(reruns=2, reruns_delay=5)\n    def test_1(driver):\n        # авторизация\n        mp = MainPage(driver)\n        mp.log_in(login, password, main=True)\n    \n        # очистка корзины и страницы сравнения от товаров\n        mp.clear_cart_and_comparison(driver, CartPage, ComparisonPage)\n        mp = MainPage(driver)\n    \n        # переход на страницу с товарами\n        mp.go_to_cpus()\n        catalog = CatalogPage(driver)\n    \n        # фильтрация по разным параметрам\n        catalog.set_stock()\n        catalog.set_price(*price)\n        catalog.set_brand(*brand)\n        catalog.set_cores(*cores)\n        catalog.set_internal_graphics(*internal_graphics)\n        catalog.set_ram(*ram)\n        catalog.click_button_submit()\n    \n        # сравнение атрибутов товара из каталога и корзины\n        catalog = CatalogPage(driver)\n        catalog.get_product_info_and_check_catalog_cart()\n    \n        # оформление товара. в конце проверка на неправильный код из смс\n        cart = CartPage(driver)\n        cart.click_button_checkout()\n        checkout = CheckoutPage(driver)\n>       checkout.input_data_and_code(telephone_number_checkout, login, sms_code_checkout)\n\ntest.py:58: \n_ _ _ _ _ _ _ _ _ _ _ _ _ _ _ _ _ _ _ _ _ _ _ _ _ _ _ _ _ _ _ _ _ _ _ _ _ _ _ _ \npages/checkout_page.py:131: in input_data_and_code\n    self.input_sms_code(sms_code_checkout)\npages/checkout_page.py:92: in input_sms_code\n    action.click(self.get_field_sms_code()).send_keys(sms_code).perform()\npages/checkout_page.py:47: in get_field_sms_code\n    return WebDriverWait(self.driver, 30).until(\n_ _ _ _ _ _ _ _ _ _ _ _ _ _ _ _ _ _ _ _ _ _ _ _ _ _ _ _ _ _ _ _ _ _ _ _ _ _ _ _ \n\nself = <selenium.webdriver.support.wait.WebDriverWait (session=\"01dd0ae15936ed713009d3531e233e3e\")>\nmethod = <function element_to_be_clickable.<locals>._predicate at 0x7fdbaa6319d0>\nmessage = ''\n\n    def until(self, method, message: str = \"\"):\n        \"\"\"Calls the method provided with the driver as an argument until the \\\n        return value does not evaluate to ``False``.\n    \n        :param method: callable(WebDriver)\n        :param message: optional message for :exc:`TimeoutException`\n        :returns: the result of the last call to `method`\n        :raises: :exc:`selenium.common.exceptions.TimeoutException` if timeout occurs\n        \"\"\"\n        screen = None\n        stacktrace = None\n    \n        end_time = time.monotonic() + self._timeout\n        while True:\n            try:\n                value = method(self._driver)\n                if value:\n                    return value\n            except self._ignored_exceptions as exc:\n                screen = getattr(exc, \"screen\", None)\n                stacktrace = getattr(exc, \"stacktrace\", None)\n            time.sleep(self._poll)\n            if time.monotonic() > end_time:\n                break\n>       raise TimeoutException(message, screen, stacktrace)\nE       selenium.common.exceptions.TimeoutException: Message: \nE       Stacktrace:\nE       #0 0x55bafb8ca243 <unknown>\nE       #1 0x55bafb68e7a6 <unknown>\nE       #2 0x55bafb6cb64d <unknown>\nE       #3 0x55bafb6cb761 <unknown>\nE       #4 0x55bafb706da4 <unknown>\nE       #5 0x55bafb6ec0ad <unknown>\nE       #6 0x55bafb704932 <unknown>\nE       #7 0x55bafb6ebe53 <unknown>\nE       #8 0x55bafb6be9ea <unknown>\nE       #9 0x55bafb6bfb2e <unknown>\nE       #10 0x55bafb91ed5e <unknown>\nE       #11 0x55bafb922a80 <unknown>\nE       #12 0x55bafb9048b0 <unknown>\nE       #13 0x55bafb923b63 <unknown>\nE       #14 0x55bafb8f5f75 <unknown>\nE       #15 0x55bafb946998 <unknown>\nE       #16 0x55bafb946b27 <unknown>\nE       #17 0x55bafb961c23 <unknown>\nE       #18 0x7f70099f0b43 <unknown>\n\n/opt/hostedtoolcache/Python/3.8.16/x64/lib/python3.8/site-packages/selenium/webdriver/support/wait.py:95: TimeoutException","flaky":false,"newFailed":false,"newBroken":false,"newPassed":false,"retriesCount":2,"retriesStatusChange":false,"beforeStages":[{"name":"driver","time":{"start":1680674181274,"stop":1680674183022,"duration":1748},"status":"passed","steps":[],"attachments":[],"parameters":[],"stepsCount":0,"attachmentsCount":0,"shouldDisplayMessage":false,"hasContent":false}],"testStage":{"description":"Тест 1","status":"broken","statusMessage":"selenium.common.exceptions.TimeoutException: Message: \nStacktrace:\n#0 0x55bafb8ca243 <unknown>\n#1 0x55bafb68e7a6 <unknown>\n#2 0x55bafb6cb64d <unknown>\n#3 0x55bafb6cb761 <unknown>\n#4 0x55bafb706da4 <unknown>\n#5 0x55bafb6ec0ad <unknown>\n#6 0x55bafb704932 <unknown>\n#7 0x55bafb6ebe53 <unknown>\n#8 0x55bafb6be9ea <unknown>\n#9 0x55bafb6bfb2e <unknown>\n#10 0x55bafb91ed5e <unknown>\n#11 0x55bafb922a80 <unknown>\n#12 0x55bafb9048b0 <unknown>\n#13 0x55bafb923b63 <unknown>\n#14 0x55bafb8f5f75 <unknown>\n#15 0x55bafb946998 <unknown>\n#16 0x55bafb946b27 <unknown>\n#17 0x55bafb961c23 <unknown>\n#18 0x7f70099f0b43 <unknown>","statusTrace":"driver = <selenium.webdriver.chrome.webdriver.WebDriver (session=\"01dd0ae15936ed713009d3531e233e3e\")>\n\n    @allure.title(\"Тест 1\")\n    @allure.description('Тест 1')\n    @pytest.mark.flaky(reruns=2, reruns_delay=5)\n    def test_1(driver):\n        # авторизация\n        mp = MainPage(driver)\n        mp.log_in(login, password, main=True)\n    \n        # очистка корзины и страницы сравнения от товаров\n        mp.clear_cart_and_comparison(driver, CartPage, ComparisonPage)\n        mp = MainPage(driver)\n    \n        # переход на страницу с товарами\n        mp.go_to_cpus()\n        catalog = CatalogPage(driver)\n    \n        # фильтрация по разным параметрам\n        catalog.set_stock()\n        catalog.set_price(*price)\n        catalog.set_brand(*brand)\n        catalog.set_cores(*cores)\n        catalog.set_internal_graphics(*internal_graphics)\n        catalog.set_ram(*ram)\n        catalog.click_button_submit()\n    \n        # сравнение атрибутов товара из каталога и корзины\n        catalog = CatalogPage(driver)\n        catalog.get_product_info_and_check_catalog_cart()\n    \n        # оформление товара. в конце проверка на неправильный код из смс\n        cart = CartPage(driver)\n        cart.click_button_checkout()\n        checkout = CheckoutPage(driver)\n>       checkout.input_data_and_code(telephone_number_checkout, login, sms_code_checkout)\n\ntest.py:58: \n_ _ _ _ _ _ _ _ _ _ _ _ _ _ _ _ _ _ _ _ _ _ _ _ _ _ _ _ _ _ _ _ _ _ _ _ _ _ _ _ \npages/checkout_page.py:131: in input_data_and_code\n    self.input_sms_code(sms_code_checkout)\npages/checkout_page.py:92: in input_sms_code\n    action.click(self.get_field_sms_code()).send_keys(sms_code).perform()\npages/checkout_page.py:47: in get_field_sms_code\n    return WebDriverWait(self.driver, 30).until(\n_ _ _ _ _ _ _ _ _ _ _ _ _ _ _ _ _ _ _ _ _ _ _ _ _ _ _ _ _ _ _ _ _ _ _ _ _ _ _ _ \n\nself = <selenium.webdriver.support.wait.WebDriverWait (session=\"01dd0ae15936ed713009d3531e233e3e\")>\nmethod = <function element_to_be_clickable.<locals>._predicate at 0x7fdbaa6319d0>\nmessage = ''\n\n    def until(self, method, message: str = \"\"):\n        \"\"\"Calls the method provided with the driver as an argument until the \\\n        return value does not evaluate to ``False``.\n    \n        :param method: callable(WebDriver)\n        :param message: optional message for :exc:`TimeoutException`\n        :returns: the result of the last call to `method`\n        :raises: :exc:`selenium.common.exceptions.TimeoutException` if timeout occurs\n        \"\"\"\n        screen = None\n        stacktrace = None\n    \n        end_time = time.monotonic() + self._timeout\n        while True:\n            try:\n                value = method(self._driver)\n                if value:\n                    return value\n            except self._ignored_exceptions as exc:\n                screen = getattr(exc, \"screen\", None)\n                stacktrace = getattr(exc, \"stacktrace\", None)\n            time.sleep(self._poll)\n            if time.monotonic() > end_time:\n                break\n>       raise TimeoutException(message, screen, stacktrace)\nE       selenium.common.exceptions.TimeoutException: Message: \nE       Stacktrace:\nE       #0 0x55bafb8ca243 <unknown>\nE       #1 0x55bafb68e7a6 <unknown>\nE       #2 0x55bafb6cb64d <unknown>\nE       #3 0x55bafb6cb761 <unknown>\nE       #4 0x55bafb706da4 <unknown>\nE       #5 0x55bafb6ec0ad <unknown>\nE       #6 0x55bafb704932 <unknown>\nE       #7 0x55bafb6ebe53 <unknown>\nE       #8 0x55bafb6be9ea <unknown>\nE       #9 0x55bafb6bfb2e <unknown>\nE       #10 0x55bafb91ed5e <unknown>\nE       #11 0x55bafb922a80 <unknown>\nE       #12 0x55bafb9048b0 <unknown>\nE       #13 0x55bafb923b63 <unknown>\nE       #14 0x55bafb8f5f75 <unknown>\nE       #15 0x55bafb946998 <unknown>\nE       #16 0x55bafb946b27 <unknown>\nE       #17 0x55bafb961c23 <unknown>\nE       #18 0x7f70099f0b43 <unknown>\n\n/opt/hostedtoolcache/Python/3.8.16/x64/lib/python3.8/site-packages/selenium/webdriver/support/wait.py:95: TimeoutException","steps":[{"name":"Авторизация","time":{"start":1680674183024,"stop":1680674192152,"duration":9128},"status":"passed","steps":[],"attachments":[],"parameters":[],"stepsCount":0,"attachmentsCount":0,"shouldDisplayMessage":false,"hasContent":false},{"name":"Очистка корзины и страницы сравнения","time":{"start":1680674192152,"stop":1680674204033,"duration":11881},"status":"passed","steps":[{"name":"Переход в корзину","time":{"start":1680674192152,"stop":1680674197147,"duration":4995},"status":"passed","steps":[],"attachments":[],"parameters":[],"stepsCount":0,"attachmentsCount":0,"shouldDisplayMessage":false,"hasContent":false}],"attachments":[],"parameters":[],"stepsCount":1,"attachmentsCount":0,"shouldDisplayMessage":false,"hasContent":true},{"name":"Переход к странице с процессорами","time":{"start":1680674204034,"stop":1680674209687,"duration":5653},"status":"passed","steps":[],"attachments":[],"parameters":[],"stepsCount":0,"attachmentsCount":0,"shouldDisplayMessage":false,"hasContent":false},{"name":"Применение фильтров","time":{"start":1680674216450,"stop":1680674219055,"duration":2605},"status":"passed","steps":[],"attachments":[],"parameters":[],"stepsCount":0,"attachmentsCount":0,"shouldDisplayMessage":false,"hasContent":false},{"name":"Проверка названия, цены и ссылки товара","time":{"start":1680674219055,"stop":1680674228241,"duration":9186},"status":"passed","steps":[{"name":"Переход в корзину","time":{"start":1680674223891,"stop":1680674228149,"duration":4258},"status":"passed","steps":[],"attachments":[],"parameters":[],"stepsCount":0,"attachmentsCount":0,"shouldDisplayMessage":false,"hasContent":false}],"attachments":[],"parameters":[],"stepsCount":1,"attachmentsCount":0,"shouldDisplayMessage":false,"hasContent":true},{"name":"Переход на страницу оформления заказа","time":{"start":1680674228241,"stop":1680674230337,"duration":2096},"status":"passed","steps":[],"attachments":[],"parameters":[],"stepsCount":0,"attachmentsCount":0,"shouldDisplayMessage":false,"hasContent":false},{"name":"Оформление заказа","time":{"start":1680674230337,"stop":1680674263952,"duration":33615},"status":"broken","statusMessage":"selenium.common.exceptions.TimeoutException: Message: \nStacktrace:\n#0 0x55bafb8ca243 <unknown>\n#1 0x55bafb68e7a6 <unknown>\n#2 0x55bafb6cb64d <unknown>\n#3 0x55bafb6cb761 <unknown>\n#4 0x55bafb706da4 <unknown>\n#5 0x55bafb6ec0ad <unknown>\n#6 0x55bafb704932 <unknown>\n#7 0x55bafb6ebe53 <unknown>\n#8 0x55bafb6be9ea <unknown>\n#9 0x55bafb6bfb2e <unknown>\n#10 0x55bafb91ed5e <unknown>\n#11 0x55bafb922a80 <unknown>\n#12 0x55bafb9048b0 <unknown>\n#13 0x55bafb923b63 <unknown>\n#14 0x55bafb8f5f75 <unknown>\n#15 0x55bafb946998 <unknown>\n#16 0x55bafb946b27 <unknown>\n#17 0x55bafb961c23 <unknown>\n#18 0x7f70099f0b43 <unknown>\n\n","statusTrace":"  File \"/home/runner/work/DNS_shop_autotests/DNS_shop_autotests/pages/checkout_page.py\", line 131, in input_data_and_code\n    self.input_sms_code(sms_code_checkout)\n  File \"/home/runner/work/DNS_shop_autotests/DNS_shop_autotests/pages/checkout_page.py\", line 92, in input_sms_code\n    action.click(self.get_field_sms_code()).send_keys(sms_code).perform()\n  File \"/home/runner/work/DNS_shop_autotests/DNS_shop_autotests/pages/checkout_page.py\", line 47, in get_field_sms_code\n    return WebDriverWait(self.driver, 30).until(\n  File \"/opt/hostedtoolcache/Python/3.8.16/x64/lib/python3.8/site-packages/selenium/webdriver/support/wait.py\", line 95, in until\n    raise TimeoutException(message, screen, stacktrace)\n","steps":[],"attachments":[],"parameters":[],"stepsCount":0,"attachmentsCount":0,"shouldDisplayMessage":true,"hasContent":true}],"attachments":[{"uid":"60289d8e59abd18f","name":"stdout","source":"60289d8e59abd18f.txt","type":"text/plain","size":180},{"uid":"6f27c0399b134c2f","name":"stderr","source":"6f27c0399b134c2f.txt","type":"text/plain","size":1949}],"parameters":[],"stepsCount":9,"attachmentsCount":2,"shouldDisplayMessage":true,"hasContent":true},"afterStages":[{"name":"driver::0","time":{"start":1680674263965,"stop":1680674264037,"duration":72},"status":"passed","steps":[],"attachments":[],"parameters":[],"stepsCount":0,"attachmentsCount":0,"shouldDisplayMessage":false,"hasContent":false}],"labels":[{"name":"tag","value":"flaky(reruns=2, reruns_delay=5)"},{"name":"suite","value":"test"},{"name":"host","value":"fv-az448-743"},{"name":"thread","value":"2390-MainThread"},{"name":"framework","value":"pytest"},{"name":"language","value":"cpython3"},{"name":"package","value":"test"},{"name":"resultFormat","value":"allure2"}],"parameters":[],"links":[],"hidden":false,"retry":false,"extra":{"severity":"normal","retries":[{"uid":"58d1963eb0a470b2","status":"broken","statusDetails":"selenium.common.exceptions.TimeoutException: Message: \nStacktrace:\n#0 0x561e6da2b243 <unknown>\n#1 0x561e6d7ef7a6 <unknown>\n#2 0x561e6d82c64d <unknown>\n#3 0x561e6d82c761 <unknown>\n#4 0x561e6d867da4 <unknown>\n#5 0x561e6d84d0ad <unknown>\n#6 0x561e6d865932 <unknown>\n#7 0x561e6d84ce53 <unknown>\n#8 0x561e6d81f9ea <unknown>\n#9 0x561e6d820b2e <unknown>\n#10 0x561e6da7fd5e <unknown>\n#11 0x561e6da83a80 <unknown>\n#12 0x561e6da658b0 <unknown>\n#13 0x561e6da84b63 <unknown>\n#14 0x561e6da56f75 <unknown>\n#15 0x561e6daa7998 <unknown>\n#16 0x561e6daa7b27 <unknown>\n#17 0x561e6dac2c23 <unknown>\n#18 0x7fd201397b43 <unknown>","time":{"start":1680674098502,"stop":1680674176182,"duration":77680}},{"uid":"2a0bb3d1bd276cde","status":"broken","statusDetails":"selenium.common.exceptions.TimeoutException: Message: \nStacktrace:\n#0 0x5582f4d9b243 <unknown>\n#1 0x5582f4b5f7a6 <unknown>\n#2 0x5582f4b9c64d <unknown>\n#3 0x5582f4b9c761 <unknown>\n#4 0x5582f4bd7da4 <unknown>\n#5 0x5582f4bbd0ad <unknown>\n#6 0x5582f4bd5932 <unknown>\n#7 0x5582f4bbce53 <unknown>\n#8 0x5582f4b8f9ea <unknown>\n#9 0x5582f4b90b2e <unknown>\n#10 0x5582f4defd5e <unknown>\n#11 0x5582f4df3a80 <unknown>\n#12 0x5582f4dd58b0 <unknown>\n#13 0x5582f4df4b63 <unknown>\n#14 0x5582f4dc6f75 <unknown>\n#15 0x5582f4e17998 <unknown>\n#16 0x5582f4e17b27 <unknown>\n#17 0x5582f4e32c23 <unknown>\n#18 0x7fbaacef6b43 <unknown>","time":{"start":1680674013489,"stop":1680674091616,"duration":78127}}],"categories":[{"name":"Test defects","matchedStatuses":[],"flaky":false}],"history":{"statistic":{"failed":0,"broken":16,"skipped":0,"passed":4,"unknown":0,"total":20},"items":[{"uid":"649faccbffb2b108","reportUrl":"https://Codeels.github.io/DNS_shop_autotests/44//#testresult/649faccbffb2b108","status":"broken","statusDetails":"selenium.common.exceptions.TimeoutException: Message: \nStacktrace:\n#0 0x55abe1bd1243 <unknown>\n#1 0x55abe19957a6 <unknown>\n#2 0x55abe19d264d <unknown>\n#3 0x55abe19d2761 <unknown>\n#4 0x55abe1a0dda4 <unknown>\n#5 0x55abe19f30ad <unknown>\n#6 0x55abe1a0b932 <unknown>\n#7 0x55abe19f2e53 <unknown>\n#8 0x55abe19c59ea <unknown>\n#9 0x55abe19c6b2e <unknown>\n#10 0x55abe1c25d5e <unknown>\n#11 0x55abe1c29a80 <unknown>\n#12 0x55abe1c0b8b0 <unknown>\n#13 0x55abe1c2ab63 <unknown>\n#14 0x55abe1bfcf75 <unknown>\n#15 0x55abe1c4d998 <unknown>\n#16 0x55abe1c4db27 <unknown>\n#17 0x55abe1c68c23 <unknown>\n#18 0x7f8e97d7bb43 <unknown>","time":{"start":1680473228486,"stop":1680473312301,"duration":83815}},{"uid":"2da680f720e96036","reportUrl":"https://Codeels.github.io/DNS_shop_autotests/3//#testresult/2da680f720e96036","status":"passed","time":{"start":1679257379120,"stop":1679257441248,"duration":62128}},{"uid":"dcd14b9a5748bb7","reportUrl":"https://Codeels.github.io/DNS_shop_autotests/43//#testresult/dcd14b9a5748bb7","status":"passed","time":{"start":1679257371878,"stop":1679257423871,"duration":51993}},{"uid":"9b71724378eda5a9","reportUrl":"https://Codeels.github.io/DNS_shop_autotests/2//#testresult/9b71724378eda5a9","status":"passed","time":{"start":1679256736643,"stop":1679256787729,"duration":51086}},{"uid":"966434c1348167f0","reportUrl":"https://Codeels.github.io/DNS_shop_autotests/42//#testresult/966434c1348167f0","status":"passed","time":{"start":1679256715101,"stop":1679256769596,"duration":54495}},{"uid":"c57f2e5cf4224366","reportUrl":"https://Codeels.github.io/DNS_shop_autotests/30//#testresult/c57f2e5cf4224366","status":"broken","statusDetails":"selenium.common.exceptions.WebDriverException: Message: unknown error: Chrome failed to start: exited abnormally.\n  (unknown error: DevToolsActivePort file doesn't exist)\n  (The process started from chrome location /usr/bin/google-chrome is no longer running, so ChromeDriver is assuming that Chrome has crashed.)\nStacktrace:\n#0 0x55e1fb21b243 <unknown>\n#1 0x55e1fafdf7a6 <unknown>\n#2 0x55e1fb008520 <unknown>\n#3 0x55e1fb00449b <unknown>\n#4 0x55e1fb0462a7 <unknown>\n#5 0x55e1fb0458cf <unknown>\n#6 0x55e1fb03ce53 <unknown>\n#7 0x55e1fb00f9ea <unknown>\n#8 0x55e1fb010b2e <unknown>\n#9 0x55e1fb26fd5e <unknown>\n#10 0x55e1fb273a80 <unknown>\n#11 0x55e1fb2558b0 <unknown>\n#12 0x55e1fb274b63 <unknown>\n#13 0x55e1fb246f75 <unknown>\n#14 0x55e1fb297998 <unknown>\n#15 0x55e1fb297b27 <unknown>\n#16 0x55e1fb2b2c23 <unknown>\n#17 0x7fdb804aab43 <unknown>","time":{"start":1679244558250,"stop":1679244558250,"duration":0}},{"uid":"18b54597832e3daf","reportUrl":"https://Codeels.github.io/DNS_shop_autotests/28//#testresult/18b54597832e3daf","status":"broken","statusDetails":"selenium.common.exceptions.WebDriverException: Message: unknown error: Chrome failed to start: exited abnormally.\n  (unknown error: DevToolsActivePort file doesn't exist)\n  (The process started from chrome location /usr/bin/google-chrome is no longer running, so ChromeDriver is assuming that Chrome has crashed.)\nStacktrace:\n#0 0x55ae74e94243 <unknown>\n#1 0x55ae74c587a6 <unknown>\n#2 0x55ae74c81520 <unknown>\n#3 0x55ae74c7d49b <unknown>\n#4 0x55ae74cbf2a7 <unknown>\n#5 0x55ae74cbe8cf <unknown>\n#6 0x55ae74cb5e53 <unknown>\n#7 0x55ae74c889ea <unknown>\n#8 0x55ae74c89b2e <unknown>\n#9 0x55ae74ee8d5e <unknown>\n#10 0x55ae74eeca80 <unknown>\n#11 0x55ae74ece8b0 <unknown>\n#12 0x55ae74eedb63 <unknown>\n#13 0x55ae74ebff75 <unknown>\n#14 0x55ae74f10998 <unknown>\n#15 0x55ae74f10b27 <unknown>\n#16 0x55ae74f2bc23 <unknown>\n#17 0x7f5f193f4b43 <unknown>","time":{"start":1679244103568,"stop":1679244103568,"duration":0}},{"uid":"3a39ce427bdf4392","reportUrl":"https://Codeels.github.io/DNS_shop_autotests/27//#testresult/3a39ce427bdf4392","status":"broken","statusDetails":"selenium.common.exceptions.WebDriverException: Message: unknown error: Chrome failed to start: exited abnormally.\n  (unknown error: DevToolsActivePort file doesn't exist)\n  (The process started from chrome location /usr/bin/google-chrome is no longer running, so ChromeDriver is assuming that Chrome has crashed.)\nStacktrace:\n#0 0x55e0e2770243 <unknown>\n#1 0x55e0e25347a6 <unknown>\n#2 0x55e0e255d520 <unknown>\n#3 0x55e0e255949b <unknown>\n#4 0x55e0e259b2a7 <unknown>\n#5 0x55e0e259a8cf <unknown>\n#6 0x55e0e2591e53 <unknown>\n#7 0x55e0e25649ea <unknown>\n#8 0x55e0e2565b2e <unknown>\n#9 0x55e0e27c4d5e <unknown>\n#10 0x55e0e27c8a80 <unknown>\n#11 0x55e0e27aa8b0 <unknown>\n#12 0x55e0e27c9b63 <unknown>\n#13 0x55e0e279bf75 <unknown>\n#14 0x55e0e27ec998 <unknown>\n#15 0x55e0e27ecb27 <unknown>\n#16 0x55e0e2807c23 <unknown>\n#17 0x7f291a870b43 <unknown>","time":{"start":1679243708558,"stop":1679243708558,"duration":0}},{"uid":"44410046e379de93","reportUrl":"https://Codeels.github.io/DNS_shop_autotests/26//#testresult/44410046e379de93","status":"broken","statusDetails":"selenium.common.exceptions.WebDriverException: Message: unknown error: Chrome failed to start: exited abnormally.\n  (unknown error: DevToolsActivePort file doesn't exist)\n  (The process started from chrome location /usr/bin/google-chrome is no longer running, so ChromeDriver is assuming that Chrome has crashed.)\nStacktrace:\n#0 0x559d60ce4243 <unknown>\n#1 0x559d60aa87a6 <unknown>\n#2 0x559d60ad1520 <unknown>\n#3 0x559d60acd49b <unknown>\n#4 0x559d60b0f2a7 <unknown>\n#5 0x559d60b0e8cf <unknown>\n#6 0x559d60b05e53 <unknown>\n#7 0x559d60ad89ea <unknown>\n#8 0x559d60ad9b2e <unknown>\n#9 0x559d60d38d5e <unknown>\n#10 0x559d60d3ca80 <unknown>\n#11 0x559d60d1e8b0 <unknown>\n#12 0x559d60d3db63 <unknown>\n#13 0x559d60d0ff75 <unknown>\n#14 0x559d60d60998 <unknown>\n#15 0x559d60d60b27 <unknown>\n#16 0x559d60d7bc23 <unknown>\n#17 0x7f9335dc9b43 <unknown>","time":{"start":1679243293439,"stop":1679243293439,"duration":0}},{"uid":"6e31820bdffba4ee","reportUrl":"https://Codeels.github.io/DNS_shop_autotests/25//#testresult/6e31820bdffba4ee","status":"broken","statusDetails":"selenium.common.exceptions.WebDriverException: Message: unknown error: Chrome failed to start: exited abnormally.\n  (unknown error: DevToolsActivePort file doesn't exist)\n  (The process started from chrome location /usr/bin/google-chrome is no longer running, so ChromeDriver is assuming that Chrome has crashed.)\nStacktrace:\n#0 0x557dbe424243 <unknown>\n#1 0x557dbe1e87a6 <unknown>\n#2 0x557dbe211520 <unknown>\n#3 0x557dbe20d49b <unknown>\n#4 0x557dbe24f2a7 <unknown>\n#5 0x557dbe24e8cf <unknown>\n#6 0x557dbe245e53 <unknown>\n#7 0x557dbe2189ea <unknown>\n#8 0x557dbe219b2e <unknown>\n#9 0x557dbe478d5e <unknown>\n#10 0x557dbe47ca80 <unknown>\n#11 0x557dbe45e8b0 <unknown>\n#12 0x557dbe47db63 <unknown>\n#13 0x557dbe44ff75 <unknown>\n#14 0x557dbe4a0998 <unknown>\n#15 0x557dbe4a0b27 <unknown>\n#16 0x557dbe4bbc23 <unknown>\n#17 0x7fbb368b9b43 <unknown>","time":{"start":1679243091905,"stop":1679243091905,"duration":0}},{"uid":"87ac052c7bed05de","reportUrl":"https://Codeels.github.io/DNS_shop_autotests/24//#testresult/87ac052c7bed05de","status":"broken","statusDetails":"selenium.common.exceptions.WebDriverException: Message: unknown error: Chrome failed to start: exited abnormally.\n  (unknown error: DevToolsActivePort file doesn't exist)\n  (The process started from chrome location /usr/bin/google-chrome is no longer running, so ChromeDriver is assuming that Chrome has crashed.)\nStacktrace:\n#0 0x55d7b80ae243 <unknown>\n#1 0x55d7b7e727a6 <unknown>\n#2 0x55d7b7e9b520 <unknown>\n#3 0x55d7b7e9749b <unknown>\n#4 0x55d7b7ed92a7 <unknown>\n#5 0x55d7b7ed88cf <unknown>\n#6 0x55d7b7ecfe53 <unknown>\n#7 0x55d7b7ea29ea <unknown>\n#8 0x55d7b7ea3b2e <unknown>\n#9 0x55d7b8102d5e <unknown>\n#10 0x55d7b8106a80 <unknown>\n#11 0x55d7b80e88b0 <unknown>\n#12 0x55d7b8107b63 <unknown>\n#13 0x55d7b80d9f75 <unknown>\n#14 0x55d7b812a998 <unknown>\n#15 0x55d7b812ab27 <unknown>\n#16 0x55d7b8145c23 <unknown>\n#17 0x7f6c63ad3b43 <unknown>","time":{"start":1679242919481,"stop":1679242919481,"duration":0}},{"uid":"fa0f3ab29dd6b399","reportUrl":"https://Codeels.github.io/DNS_shop_autotests/23//#testresult/fa0f3ab29dd6b399","status":"broken","statusDetails":"selenium.common.exceptions.WebDriverException: Message: unknown error: Chrome failed to start: exited abnormally.\n  (unknown error: DevToolsActivePort file doesn't exist)\n  (The process started from chrome location /usr/bin/google-chrome is no longer running, so ChromeDriver is assuming that Chrome has crashed.)\nStacktrace:\n#0 0x55765be32243 <unknown>\n#1 0x55765bbf67a6 <unknown>\n#2 0x55765bc1f520 <unknown>\n#3 0x55765bc1b49b <unknown>\n#4 0x55765bc5d2a7 <unknown>\n#5 0x55765bc5c8cf <unknown>\n#6 0x55765bc53e53 <unknown>\n#7 0x55765bc269ea <unknown>\n#8 0x55765bc27b2e <unknown>\n#9 0x55765be86d5e <unknown>\n#10 0x55765be8aa80 <unknown>\n#11 0x55765be6c8b0 <unknown>\n#12 0x55765be8bb63 <unknown>\n#13 0x55765be5df75 <unknown>\n#14 0x55765beae998 <unknown>\n#15 0x55765beaeb27 <unknown>\n#16 0x55765bec9c23 <unknown>\n#17 0x7f4ba97b5b43 <unknown>","time":{"start":1679242115453,"stop":1679242115453,"duration":0}},{"uid":"dd6d196289a14b2b","reportUrl":"https://Codeels.github.io/DNS_shop_autotests/22//#testresult/dd6d196289a14b2b","status":"broken","statusDetails":"ValueError: There is no such driver by url https://chromedriver.storage.googleapis.com/111.0.5547/chromedriver_linux64.zip","time":{"start":1679241956956,"stop":1679241956956,"duration":0}},{"uid":"a24668601b2c4842","reportUrl":"https://Codeels.github.io/DNS_shop_autotests/17//#testresult/a24668601b2c4842","status":"broken","statusDetails":"ValueError: There is no such driver by url https://chromedriver.storage.googleapis.com/111.0.5547/chromedriver_linux64.zip","time":{"start":1679240478941,"stop":1679240478941,"duration":0}},{"uid":"46b27c1f838dbf03","reportUrl":"https://Codeels.github.io/DNS_shop_autotests/16//#testresult/46b27c1f838dbf03","status":"broken","statusDetails":"selenium.common.exceptions.WebDriverException: Message: unknown error: Chrome failed to start: exited abnormally.\n  (unknown error: DevToolsActivePort file doesn't exist)\n  (The process started from chrome location /usr/bin/google-chrome is no longer running, so ChromeDriver is assuming that Chrome has crashed.)\nStacktrace:\n#0 0x555fb4cd2243 <unknown>\n#1 0x555fb4a967a6 <unknown>\n#2 0x555fb4abf520 <unknown>\n#3 0x555fb4abb49b <unknown>\n#4 0x555fb4afd2a7 <unknown>\n#5 0x555fb4afc8cf <unknown>\n#6 0x555fb4af3e53 <unknown>\n#7 0x555fb4ac69ea <unknown>\n#8 0x555fb4ac7b2e <unknown>\n#9 0x555fb4d26d5e <unknown>\n#10 0x555fb4d2aa80 <unknown>\n#11 0x555fb4d0c8b0 <unknown>\n#12 0x555fb4d2bb63 <unknown>\n#13 0x555fb4cfdf75 <unknown>\n#14 0x555fb4d4e998 <unknown>\n#15 0x555fb4d4eb27 <unknown>\n#16 0x555fb4d69c23 <unknown>\n#17 0x7fc93d5ceb43 <unknown>","time":{"start":1679240263637,"stop":1679240263637,"duration":0}},{"uid":"50e724f5066cafd1","reportUrl":"https://Codeels.github.io/DNS_shop_autotests/11//#testresult/50e724f5066cafd1","status":"broken","statusDetails":"selenium.common.exceptions.WebDriverException: Message: unknown error: Chrome failed to start: exited abnormally.\n  (unknown error: DevToolsActivePort file doesn't exist)\n  (The process started from chrome location /usr/bin/google-chrome is no longer running, so ChromeDriver is assuming that Chrome has crashed.)\nStacktrace:\n#0 0x55d60539e243 <unknown>\n#1 0x55d6051627a6 <unknown>\n#2 0x55d60518b520 <unknown>\n#3 0x55d60518749b <unknown>\n#4 0x55d6051c92a7 <unknown>\n#5 0x55d6051c88cf <unknown>\n#6 0x55d6051bfe53 <unknown>\n#7 0x55d6051929ea <unknown>\n#8 0x55d605193b2e <unknown>\n#9 0x55d6053f2d5e <unknown>\n#10 0x55d6053f6a80 <unknown>\n#11 0x55d6053d88b0 <unknown>\n#12 0x55d6053f7b63 <unknown>\n#13 0x55d6053c9f75 <unknown>\n#14 0x55d60541a998 <unknown>\n#15 0x55d60541ab27 <unknown>\n#16 0x55d605435c23 <unknown>\n#17 0x7f5d22cf6b43 <unknown>","time":{"start":1679237995341,"stop":1679237995341,"duration":0}},{"uid":"14892428dedf7845","reportUrl":"https://Codeels.github.io/DNS_shop_autotests/10//#testresult/14892428dedf7845","status":"broken","statusDetails":"selenium.common.exceptions.TimeoutException: Message: \nStacktrace:\n#0 0x564f4eb4b243 <unknown>\n#1 0x564f4e90f7a6 <unknown>\n#2 0x564f4e94c64d <unknown>\n#3 0x564f4e94c761 <unknown>\n#4 0x564f4e987da4 <unknown>\n#5 0x564f4e96d0ad <unknown>\n#6 0x564f4e985932 <unknown>\n#7 0x564f4e96ce53 <unknown>\n#8 0x564f4e93f9ea <unknown>\n#9 0x564f4e940b2e <unknown>\n#10 0x564f4eb9fd5e <unknown>\n#11 0x564f4eba3a80 <unknown>\n#12 0x564f4eb858b0 <unknown>\n#13 0x564f4eba4b63 <unknown>\n#14 0x564f4eb76f75 <unknown>\n#15 0x564f4ebc7998 <unknown>\n#16 0x564f4ebc7b27 <unknown>\n#17 0x564f4ebe2c23 <unknown>\n#18 0x7f808ccb7b43 <unknown>","time":{"start":1679237037026,"stop":1679237067037,"duration":30011}},{"uid":"5389837d45d82a92","reportUrl":"https://Codeels.github.io/DNS_shop_autotests/9//#testresult/5389837d45d82a92","status":"broken","statusDetails":"selenium.common.exceptions.TimeoutException: Message: \nStacktrace:\n#0 0x55feb7b31243 <unknown>\n#1 0x55feb78f57a6 <unknown>\n#2 0x55feb793264d <unknown>\n#3 0x55feb7932761 <unknown>\n#4 0x55feb796dda4 <unknown>\n#5 0x55feb79530ad <unknown>\n#6 0x55feb796b932 <unknown>\n#7 0x55feb7952e53 <unknown>\n#8 0x55feb79259ea <unknown>\n#9 0x55feb7926b2e <unknown>\n#10 0x55feb7b85d5e <unknown>\n#11 0x55feb7b89a80 <unknown>\n#12 0x55feb7b6b8b0 <unknown>\n#13 0x55feb7b8ab63 <unknown>\n#14 0x55feb7b5cf75 <unknown>\n#15 0x55feb7bad998 <unknown>\n#16 0x55feb7badb27 <unknown>\n#17 0x55feb7bc8c23 <unknown>\n#18 0x7ff651c12b43 <unknown>","time":{"start":1679236494582,"stop":1679236525048,"duration":30466}},{"uid":"e04687db22023d48","reportUrl":"https://Codeels.github.io/DNS_shop_autotests/7//#testresult/e04687db22023d48","status":"broken","statusDetails":"selenium.common.exceptions.TimeoutException: Message: \nStacktrace:\n#0 0x55a0374c6243 <unknown>\n#1 0x55a03728a7a6 <unknown>\n#2 0x55a0372c764d <unknown>\n#3 0x55a0372c7761 <unknown>\n#4 0x55a037302da4 <unknown>\n#5 0x55a0372e80ad <unknown>\n#6 0x55a037300932 <unknown>\n#7 0x55a0372e7e53 <unknown>\n#8 0x55a0372ba9ea <unknown>\n#9 0x55a0372bbb2e <unknown>\n#10 0x55a03751ad5e <unknown>\n#11 0x55a03751ea80 <unknown>\n#12 0x55a0375008b0 <unknown>\n#13 0x55a03751fb63 <unknown>\n#14 0x55a0374f1f75 <unknown>\n#15 0x55a037542998 <unknown>\n#16 0x55a037542b27 <unknown>\n#17 0x55a03755dc23 <unknown>\n#18 0x7f778cbf3b43 <unknown>","time":{"start":1679234619429,"stop":1679234649938,"duration":30509}}]},"tags":["flaky(reruns=2, reruns_delay=5)"]},"source":"8e1f9d102f8d8e6b.json","parameterValues":[]}