{"uid":"f840483d23811df9","name":"Тест 2","fullName":"test#test_2","historyId":"1c850b33d69e6873347bfffed97fc0d5","time":{"start":1680674265787,"stop":1680674331961,"duration":66174},"description":"Тест 2","descriptionHtml":"<p>Тест 2</p>\n","status":"broken","statusMessage":"selenium.common.exceptions.TimeoutException: Message: \nStacktrace:\n#0 0x555ec7749243 <unknown>\n#1 0x555ec750d7a6 <unknown>\n#2 0x555ec754a64d <unknown>\n#3 0x555ec754a761 <unknown>\n#4 0x555ec7585da4 <unknown>\n#5 0x555ec756b0ad <unknown>\n#6 0x555ec7583932 <unknown>\n#7 0x555ec756ae53 <unknown>\n#8 0x555ec753d9ea <unknown>\n#9 0x555ec753eb2e <unknown>\n#10 0x555ec779dd5e <unknown>\n#11 0x555ec77a1a80 <unknown>\n#12 0x555ec77838b0 <unknown>\n#13 0x555ec77a2b63 <unknown>\n#14 0x555ec7774f75 <unknown>\n#15 0x555ec77c5998 <unknown>\n#16 0x555ec77c5b27 <unknown>\n#17 0x555ec77e0c23 <unknown>\n#18 0x7f35e6ebcb43 <unknown>","statusTrace":"driver = <selenium.webdriver.chrome.webdriver.WebDriver (session=\"f5584f28dff3b952ad6a62e78e84e0f4\")>\n\n    @allure.title(\"Тест 2\")\n    @allure.description('Тест 2')\n    @pytest.mark.flaky(reruns=2, reruns_delay=5)\n    def test_2(driver):\n        mp = MainPage(driver)\n    \n        # переход на страницу с товарами\n        mp.go_to_cpus()\n        catalog = CatalogPage(driver)\n    \n        # фильтрация товаров по параметрам\n        catalog.set_stock()\n        catalog.set_price(*price)\n        catalog.set_brand(*brand)\n        catalog.set_cores(*cores)\n        catalog.set_internal_graphics(*internal_graphics)\n        catalog.set_ram(*ram)\n        catalog.click_button_submit()\n    \n        # сравнение атрибутов товара в каталоге и в корзине\n        catalog = CatalogPage(driver)\n        catalog.get_product_info_and_check_catalog_cart()\n    \n        # заполнение данных на странице оформления заказа.\n        # на этой странице происходит авторизация. в конце проверка на неправильный код из смс\n        cart = CartPage(driver)\n        cart.click_button_checkout()\n        checkout = CheckoutPage(driver)\n        mp.log_in(login, password, checkout=True)\n>       checkout.input_data_and_code(telephone_number_checkout, login, sms_code_checkout)\n\ntest.py:90: \n_ _ _ _ _ _ _ _ _ _ _ _ _ _ _ _ _ _ _ _ _ _ _ _ _ _ _ _ _ _ _ _ _ _ _ _ _ _ _ _ \npages/checkout_page.py:131: in input_data_and_code\n    self.input_sms_code(sms_code_checkout)\npages/checkout_page.py:92: in input_sms_code\n    action.click(self.get_field_sms_code()).send_keys(sms_code).perform()\npages/checkout_page.py:47: in get_field_sms_code\n    return WebDriverWait(self.driver, 30).until(\n_ _ _ _ _ _ _ _ _ _ _ _ _ _ _ _ _ _ _ _ _ _ _ _ _ _ _ _ _ _ _ _ _ _ _ _ _ _ _ _ \n\nself = <selenium.webdriver.support.wait.WebDriverWait (session=\"f5584f28dff3b952ad6a62e78e84e0f4\")>\nmethod = <function element_to_be_clickable.<locals>._predicate at 0x7fdbaa631430>\nmessage = ''\n\n    def until(self, method, message: str = \"\"):\n        \"\"\"Calls the method provided with the driver as an argument until the \\\n        return value does not evaluate to ``False``.\n    \n        :param method: callable(WebDriver)\n        :param message: optional message for :exc:`TimeoutException`\n        :returns: the result of the last call to `method`\n        :raises: :exc:`selenium.common.exceptions.TimeoutException` if timeout occurs\n        \"\"\"\n        screen = None\n        stacktrace = None\n    \n        end_time = time.monotonic() + self._timeout\n        while True:\n            try:\n                value = method(self._driver)\n                if value:\n                    return value\n            except self._ignored_exceptions as exc:\n                screen = getattr(exc, \"screen\", None)\n                stacktrace = getattr(exc, \"stacktrace\", None)\n            time.sleep(self._poll)\n            if time.monotonic() > end_time:\n                break\n>       raise TimeoutException(message, screen, stacktrace)\nE       selenium.common.exceptions.TimeoutException: Message: \nE       Stacktrace:\nE       #0 0x555ec7749243 <unknown>\nE       #1 0x555ec750d7a6 <unknown>\nE       #2 0x555ec754a64d <unknown>\nE       #3 0x555ec754a761 <unknown>\nE       #4 0x555ec7585da4 <unknown>\nE       #5 0x555ec756b0ad <unknown>\nE       #6 0x555ec7583932 <unknown>\nE       #7 0x555ec756ae53 <unknown>\nE       #8 0x555ec753d9ea <unknown>\nE       #9 0x555ec753eb2e <unknown>\nE       #10 0x555ec779dd5e <unknown>\nE       #11 0x555ec77a1a80 <unknown>\nE       #12 0x555ec77838b0 <unknown>\nE       #13 0x555ec77a2b63 <unknown>\nE       #14 0x555ec7774f75 <unknown>\nE       #15 0x555ec77c5998 <unknown>\nE       #16 0x555ec77c5b27 <unknown>\nE       #17 0x555ec77e0c23 <unknown>\nE       #18 0x7f35e6ebcb43 <unknown>\n\n/opt/hostedtoolcache/Python/3.8.16/x64/lib/python3.8/site-packages/selenium/webdriver/support/wait.py:95: TimeoutException","flaky":false,"newFailed":false,"newBroken":false,"newPassed":false,"retriesCount":0,"retriesStatusChange":false,"beforeStages":[{"name":"driver","time":{"start":1680674264040,"stop":1680674265786,"duration":1746},"status":"passed","steps":[],"attachments":[],"parameters":[],"stepsCount":0,"attachmentsCount":0,"shouldDisplayMessage":false,"hasContent":false}],"testStage":{"description":"Тест 2","status":"broken","statusMessage":"selenium.common.exceptions.TimeoutException: Message: \nStacktrace:\n#0 0x555ec7749243 <unknown>\n#1 0x555ec750d7a6 <unknown>\n#2 0x555ec754a64d <unknown>\n#3 0x555ec754a761 <unknown>\n#4 0x555ec7585da4 <unknown>\n#5 0x555ec756b0ad <unknown>\n#6 0x555ec7583932 <unknown>\n#7 0x555ec756ae53 <unknown>\n#8 0x555ec753d9ea <unknown>\n#9 0x555ec753eb2e <unknown>\n#10 0x555ec779dd5e <unknown>\n#11 0x555ec77a1a80 <unknown>\n#12 0x555ec77838b0 <unknown>\n#13 0x555ec77a2b63 <unknown>\n#14 0x555ec7774f75 <unknown>\n#15 0x555ec77c5998 <unknown>\n#16 0x555ec77c5b27 <unknown>\n#17 0x555ec77e0c23 <unknown>\n#18 0x7f35e6ebcb43 <unknown>","statusTrace":"driver = <selenium.webdriver.chrome.webdriver.WebDriver (session=\"f5584f28dff3b952ad6a62e78e84e0f4\")>\n\n    @allure.title(\"Тест 2\")\n    @allure.description('Тест 2')\n    @pytest.mark.flaky(reruns=2, reruns_delay=5)\n    def test_2(driver):\n        mp = MainPage(driver)\n    \n        # переход на страницу с товарами\n        mp.go_to_cpus()\n        catalog = CatalogPage(driver)\n    \n        # фильтрация товаров по параметрам\n        catalog.set_stock()\n        catalog.set_price(*price)\n        catalog.set_brand(*brand)\n        catalog.set_cores(*cores)\n        catalog.set_internal_graphics(*internal_graphics)\n        catalog.set_ram(*ram)\n        catalog.click_button_submit()\n    \n        # сравнение атрибутов товара в каталоге и в корзине\n        catalog = CatalogPage(driver)\n        catalog.get_product_info_and_check_catalog_cart()\n    \n        # заполнение данных на странице оформления заказа.\n        # на этой странице происходит авторизация. в конце проверка на неправильный код из смс\n        cart = CartPage(driver)\n        cart.click_button_checkout()\n        checkout = CheckoutPage(driver)\n        mp.log_in(login, password, checkout=True)\n>       checkout.input_data_and_code(telephone_number_checkout, login, sms_code_checkout)\n\ntest.py:90: \n_ _ _ _ _ _ _ _ _ _ _ _ _ _ _ _ _ _ _ _ _ _ _ _ _ _ _ _ _ _ _ _ _ _ _ _ _ _ _ _ \npages/checkout_page.py:131: in input_data_and_code\n    self.input_sms_code(sms_code_checkout)\npages/checkout_page.py:92: in input_sms_code\n    action.click(self.get_field_sms_code()).send_keys(sms_code).perform()\npages/checkout_page.py:47: in get_field_sms_code\n    return WebDriverWait(self.driver, 30).until(\n_ _ _ _ _ _ _ _ _ _ _ _ _ _ _ _ _ _ _ _ _ _ _ _ _ _ _ _ _ _ _ _ _ _ _ _ _ _ _ _ \n\nself = <selenium.webdriver.support.wait.WebDriverWait (session=\"f5584f28dff3b952ad6a62e78e84e0f4\")>\nmethod = <function element_to_be_clickable.<locals>._predicate at 0x7fdbaa631430>\nmessage = ''\n\n    def until(self, method, message: str = \"\"):\n        \"\"\"Calls the method provided with the driver as an argument until the \\\n        return value does not evaluate to ``False``.\n    \n        :param method: callable(WebDriver)\n        :param message: optional message for :exc:`TimeoutException`\n        :returns: the result of the last call to `method`\n        :raises: :exc:`selenium.common.exceptions.TimeoutException` if timeout occurs\n        \"\"\"\n        screen = None\n        stacktrace = None\n    \n        end_time = time.monotonic() + self._timeout\n        while True:\n            try:\n                value = method(self._driver)\n                if value:\n                    return value\n            except self._ignored_exceptions as exc:\n                screen = getattr(exc, \"screen\", None)\n                stacktrace = getattr(exc, \"stacktrace\", None)\n            time.sleep(self._poll)\n            if time.monotonic() > end_time:\n                break\n>       raise TimeoutException(message, screen, stacktrace)\nE       selenium.common.exceptions.TimeoutException: Message: \nE       Stacktrace:\nE       #0 0x555ec7749243 <unknown>\nE       #1 0x555ec750d7a6 <unknown>\nE       #2 0x555ec754a64d <unknown>\nE       #3 0x555ec754a761 <unknown>\nE       #4 0x555ec7585da4 <unknown>\nE       #5 0x555ec756b0ad <unknown>\nE       #6 0x555ec7583932 <unknown>\nE       #7 0x555ec756ae53 <unknown>\nE       #8 0x555ec753d9ea <unknown>\nE       #9 0x555ec753eb2e <unknown>\nE       #10 0x555ec779dd5e <unknown>\nE       #11 0x555ec77a1a80 <unknown>\nE       #12 0x555ec77838b0 <unknown>\nE       #13 0x555ec77a2b63 <unknown>\nE       #14 0x555ec7774f75 <unknown>\nE       #15 0x555ec77c5998 <unknown>\nE       #16 0x555ec77c5b27 <unknown>\nE       #17 0x555ec77e0c23 <unknown>\nE       #18 0x7f35e6ebcb43 <unknown>\n\n/opt/hostedtoolcache/Python/3.8.16/x64/lib/python3.8/site-packages/selenium/webdriver/support/wait.py:95: TimeoutException","steps":[{"name":"Переход к странице с процессорами","time":{"start":1680674265787,"stop":1680674274063,"duration":8276},"status":"passed","steps":[],"attachments":[],"parameters":[],"stepsCount":0,"attachmentsCount":0,"shouldDisplayMessage":false,"hasContent":false},{"name":"Применение фильтров","time":{"start":1680674280977,"stop":1680674283590,"duration":2613},"status":"passed","steps":[],"attachments":[],"parameters":[],"stepsCount":0,"attachmentsCount":0,"shouldDisplayMessage":false,"hasContent":false},{"name":"Проверка названия, цены и ссылки товара","time":{"start":1680674283590,"stop":1680674291192,"duration":7602},"status":"passed","steps":[{"name":"Переход в корзину","time":{"start":1680674286589,"stop":1680674291104,"duration":4515},"status":"passed","steps":[],"attachments":[],"parameters":[],"stepsCount":0,"attachmentsCount":0,"shouldDisplayMessage":false,"hasContent":false}],"attachments":[],"parameters":[],"stepsCount":1,"attachmentsCount":0,"shouldDisplayMessage":false,"hasContent":true},{"name":"Переход на страницу оформления заказа","time":{"start":1680674291192,"stop":1680674293287,"duration":2095},"status":"passed","steps":[],"attachments":[],"parameters":[],"stepsCount":0,"attachmentsCount":0,"shouldDisplayMessage":false,"hasContent":false},{"name":"Авторизация","time":{"start":1680674293287,"stop":1680674298868,"duration":5581},"status":"passed","steps":[],"attachments":[],"parameters":[],"stepsCount":0,"attachmentsCount":0,"shouldDisplayMessage":false,"hasContent":false},{"name":"Оформление заказа","time":{"start":1680674298868,"stop":1680674331961,"duration":33093},"status":"broken","statusMessage":"selenium.common.exceptions.TimeoutException: Message: \nStacktrace:\n#0 0x555ec7749243 <unknown>\n#1 0x555ec750d7a6 <unknown>\n#2 0x555ec754a64d <unknown>\n#3 0x555ec754a761 <unknown>\n#4 0x555ec7585da4 <unknown>\n#5 0x555ec756b0ad <unknown>\n#6 0x555ec7583932 <unknown>\n#7 0x555ec756ae53 <unknown>\n#8 0x555ec753d9ea <unknown>\n#9 0x555ec753eb2e <unknown>\n#10 0x555ec779dd5e <unknown>\n#11 0x555ec77a1a80 <unknown>\n#12 0x555ec77838b0 <unknown>\n#13 0x555ec77a2b63 <unknown>\n#14 0x555ec7774f75 <unknown>\n#15 0x555ec77c5998 <unknown>\n#16 0x555ec77c5b27 <unknown>\n#17 0x555ec77e0c23 <unknown>\n#18 0x7f35e6ebcb43 <unknown>\n\n","statusTrace":"  File \"/home/runner/work/DNS_shop_autotests/DNS_shop_autotests/pages/checkout_page.py\", line 131, in input_data_and_code\n    self.input_sms_code(sms_code_checkout)\n  File \"/home/runner/work/DNS_shop_autotests/DNS_shop_autotests/pages/checkout_page.py\", line 92, in input_sms_code\n    action.click(self.get_field_sms_code()).send_keys(sms_code).perform()\n  File \"/home/runner/work/DNS_shop_autotests/DNS_shop_autotests/pages/checkout_page.py\", line 47, in get_field_sms_code\n    return WebDriverWait(self.driver, 30).until(\n  File \"/opt/hostedtoolcache/Python/3.8.16/x64/lib/python3.8/site-packages/selenium/webdriver/support/wait.py\", line 95, in until\n    raise TimeoutException(message, screen, stacktrace)\n","steps":[],"attachments":[],"parameters":[],"stepsCount":0,"attachmentsCount":0,"shouldDisplayMessage":true,"hasContent":true}],"attachments":[{"uid":"55c8efa64463c338","name":"stdout","source":"55c8efa64463c338.txt","type":"text/plain","size":60}],"parameters":[],"stepsCount":7,"attachmentsCount":1,"shouldDisplayMessage":true,"hasContent":true},"afterStages":[{"name":"driver::0","time":{"start":1680674331974,"stop":1680674332040,"duration":66},"status":"passed","steps":[],"attachments":[],"parameters":[],"stepsCount":0,"attachmentsCount":0,"shouldDisplayMessage":false,"hasContent":false}],"labels":[{"name":"tag","value":"flaky(reruns=2, reruns_delay=5)"},{"name":"suite","value":"test"},{"name":"host","value":"fv-az448-743"},{"name":"thread","value":"2390-MainThread"},{"name":"framework","value":"pytest"},{"name":"language","value":"cpython3"},{"name":"package","value":"test"},{"name":"resultFormat","value":"allure2"}],"parameters":[],"links":[],"hidden":true,"retry":true,"extra":{"categories":[],"tags":["flaky(reruns=2, reruns_delay=5)"]},"source":"f840483d23811df9.json","parameterValues":[]}